2015-03-01 00:01:55,092 admin:INFO 项目已启动：
2015-03-01 00:01:55,102 admin:INFO POST方法，接受modify传过来的按钮名称转换成测试用例ID，通过ID查找到该测试用例的所有步骤，并加载到模版中循环显示在页面上
2015-03-02 19:29:28,982 admin:INFO --进入首页
2015-03-02 19:29:56,368 admin:INFO POST方法，接受modify传过来的按钮名称转换成测试用例ID，通过ID查找到该测试用例的所有步骤，并加载到模版中循环显示在页面上
2015-03-02 19:30:17,198 admin:INFO 连接的客户端ip是:172.16.60.219，当前用例ID是:6
2015-03-02 19:38:42,559 admin:INFO 读取用例列表成功
2015-03-02 22:21:42,471 admin:INFO --进入首页
2015-03-02 22:21:48,710 admin:INFO 读取用例列表成功
2015-03-02 22:21:58,526 admin:INFO 测试用例ID为['2']
2015-03-02 22:23:17,608 admin:INFO --进入首页
2015-03-02 22:25:26,249 admin:INFO 连接的客户端ip是:172.16.6.53，当前用例ID是:2
2015-03-02 22:47:30,724 admin:INFO --进入首页
2015-03-02 22:47:33,128 admin:INFO --进入首页
2015-03-02 22:52:08,980 admin:INFO --进入首页
2015-03-02 22:55:03,500 admin:INFO 读取用例列表成功
2015-03-02 22:55:10,918 admin:INFO 测试用例ID为['2']
2015-03-02 22:55:47,973 admin:INFO 读取用例列表成功
2015-03-02 22:56:27,631 admin:INFO 测试用例ID为['None']
2015-03-02 22:56:27,631 admin:INFO 测试用例ID为<built-in function id>
测试用例ID为<built-in function id>
