2015-02-12 23:41:31,375 admin:INFO 项目已启动：
2015-02-12 23:57:24,298 admin:INFO --进入首页
2015-02-12 23:57:56,661 admin:INFO 连接的客户端ip是:172.16.6.3，当前用例ID是:1
2015-02-12 23:58:19,529 admin:INFO 连接的客户端ip是:172.16.6.3，当前用例ID是:1
2015-02-12 23:58:58,667 admin:INFO POST方法，接受modify传过来的按钮名称转换成测试用例ID，通过ID查找到该测试用例的所有步骤，并加载到模版中循环显示在页面上
2015-02-12 23:59:25,461 admin:INFO 连接的客户端ip是:172.16.6.3，当前用例ID是:1
2015-02-13 00:09:24,612 admin:INFO 读取用例列表成功
2015-02-13 00:09:27,293 admin:INFO 测试用例ID为['2']
2015-02-13 00:11:40,398 admin:INFO 业务流名称为百度业务流测试
2015-02-13 00:11:40,598 admin:INFO 新增业务流成功
2015-02-13 00:11:42,276 admin:INFO 读取用例列表成功
2015-02-13 00:11:51,871 admin:INFO 测试用例ID为['2']
2015-02-13 00:11:54,749 admin:INFO 测试用例ID为['None']
2015-02-13 00:11:54,750 admin:INFO 测试用例ID为<built-in function id>
2015-02-13 00:11:58,398 admin:INFO 读取用例列表成功
常登录' LIMIT 21; args=(u'FT_\u6b63\u5e38\u767b\u5f55',)
2015-02-12 23:41:31,391 [Thread-2:1976] [django.db.backends:91] [DEBUG]- (0.000) SELECT `webapp_business_flow`.`id`, `webapp_business_flow`.`name`, `webapp_business_flow`.`date`, `webapp_business_flow`.`category`, `webapp_business_flow`.`function_id` FROM `webapp_business_flow` WHERE `webapp_business_flow`.`name` = '测试业务流' LIMIT 21; args=(u'\u6d4b\u8bd5\u4e1a\u52a1\u6d41',)
2015-02-12 23:41:31,408 [Thread-2:1976] [django.db.backends:91] [DEBUG]- (0.000) SELECT `webapp_perform_case`.`id`, `webapp_perform_case`.`name`, `webapp_perform_case`.`date` FROM `webapp_perform_case`; args=()
--进入首页
2015-02-12 23:57:25,086 [Thread-20:6208] [django.request:143] [WARNING]- Not Found: /favicon.ico
2015-02-12 23:57:25,145 [Thread-21:4652] [django.request:143] [WARNING]- Not Found: /favicon.ico
2015-02-12 23:57:41,410 [Thread-23:2392] [django.db.backends:91] [DEBUG]- (0.001) SET SQL_AUTO_IS_NULL = 0; args=None
2015-02-12 23:57:41,411 [Thread-23:2392] [django.db.backends:91] [DEBUG]- (0.001) SELECT `webapp_business_flow`.`id`, `webapp_business_flow`.`name`, `webapp_business_flow`.`date`, `webapp_business_flow`.`category`, `webapp_business_flow`.`function_id` FROM `webapp_business_flow`; args=()
2015-02-12 23:57:51,446 [Thread-24:2380] [django.db.backends:91] [DEBUG]- (0.001) SET SQL_AUTO_IS_NULL = 0; args=None
2015-02-12 23:57:51,447 [Thread-24:2380] [django.db.backends:91] [DEBUG]- (0.001) SELECT `webapp_test_case`.`id`, `webapp_test_case`.`name`, `webapp_test_case`.`date`, `webapp_test_case`.`case_nature`, `webapp_test_case`.`category`, `webapp_test_case`.`function_id` FROM `webapp_test_case`; args=()
连接的客户端ip是:172.16.6.3，当前用例ID是:1
2015-02-12 23:57:56,674 [Thread-25:6092] [django.db.backends:91] [DEBUG]- (0.000) SET SQL_AUTO_IS_NULL = 0; args=None
2015-02-12 23:57:56,674 [Thread-25:6092] [django.db.backends:91] [DEBUG]- (0.001) SELECT `webapp_test_case`.`id`, `webapp_test_case`.`name`, `webapp_test_case`.`date`, `webapp_test_case`.`case_nature`, `webapp_test_case`.`category`, `webapp_test_case`.`function_id` FROM `webapp_test_case`; args=()
连接的客户端ip是:172.16.6.3，当前用例ID是:1
2015-02-12 23:58:58,661 [Thread-27:5400] [django.db.backends:91] [DEBUG]- (0.000) SET SQL_AUTO_IS_NULL = 0; args=None
2015-02-12 23:58:58,663 [Thread-27:5400] [django.db.backends:91] [DEBUG]- (0.001) SELECT `webapp_test_case`.`id`, `webapp_test_case`.`name`, `webapp_test_case`.`date`, `webapp_test_case`.`case_nature`, `webapp_test_case`.`category`, `webapp_test_case`.`function_id` FROM `webapp_test_case` WHERE `webapp_test_case`.`id` = 1 LIMIT 21; args=(1,)
POST方法，接受modify传过来的按钮名称转换成测试用例ID，通过ID查找到该测试用例的所有步骤，并加载到模版中循环显示在页面上
2015-02-12 23:58:58,681 [Thread-27:5400] [django.db.backends:91] [DEBUG]- (0.000) SELECT `webapp_test_step`.`id`, `webapp_test_step`.`desc`, `webapp_test_step`.`method`, `webapp_test_step`.`element`, `webapp_test_step`.`action`, `webapp_test_step`.`value`, `webapp_test_step`.`case_name_id` FROM `webapp_test_step` WHERE `webapp_test_step`.`case_name_id` = 1; args=(1,)
2015-02-12 23:59:19,612 [Thread-28:5104] [django.db.backends:91] [DEBUG]- (0.000) SET SQL_AUTO_IS_NULL = 0; args=None
2015-02-12 23:59:19,614 [Thread-28:5104] [django.db.backends:91] [DEBUG]- (0.000) SELECT `webapp_business_flow`.`id`, `webapp_business_flow`.`name`, `webapp_business_flow`.`date`, `webapp_business_flow`.`category`, `webapp_business_flow`.`function_id` FROM `webapp_business_flow`; args=()
2015-02-12 23:59:23,476 [Thread-29:7144] [django.db.backends:91] [DEBUG]- (0.000) SET SQL_AUTO_IS_NULL = 0; args=None
2015-02-12 23:59:23,476 [Thread-29:7144] [django.db.backends:91] [DEBUG]- (0.001) SELECT `webapp_test_case`.`id`, `webapp_test_case`.`name`, `webapp_test_case`.`date`, `webapp_test_case`.`case_nature`, `webapp_test_case`.`category`, `webapp_test_case`.`function_id` FROM `webapp_test_case`; args=()
连接的客户端ip是:172.16.6.3，当前用例ID是:1
2015-02-13 00:09:19,016 [Thread-32:2244] [django.db.backends:91] [DEBUG]- (0.000) SET SQL_AUTO_IS_NULL = 0; args=None
2015-02-13 00:09:19,017 [Thread-32:2244] [django.db.backends:91] [DEBUG]- (0.001) INSERT INTO `webapp_test_case` (`name`, `date`, `case_nature`, `category`, `function_id`) VALUES ('百度测试', '2015-02-12 16:09:19', '正案例', '测试用例', NULL); args=[u'\u767e\u5ea6\u6d4b\u8bd5', u'2015-02-12 16:09:19', u'\u6b63\u6848\u4f8b', '\xe6\xb5\x8b\xe8\xaf\x95\xe7\x94\xa8\xe4\xbe\x8b', None]
2015-02-13 00:09:19,065 [Thread-32:2244] [django.db.backends:91] [DEBUG]- (0.001) SELECT `webapp_test_case`.`id`, `webapp_test_case`.`name`, `webapp_test_case`.`date`, `webapp_test_case`.`case_nature`, `webapp_test_case`.`category`, `webapp_test_case`.`function_id` FROM `webapp_test_case` WHERE `webapp_test_case`.`name` = '百度测试' LIMIT 21; args=(u'\u767e\u5ea6\u6d4b\u8bd5',)
2015-02-13 00:09:19,079 [Thread-32:2244] [django.db.backends:91] [DEBUG]- (0.013) INSERT INTO `webapp_test_step` (`desc`, `method`, `element`, `action`, `value`, `case_name_id`) VALUES ('打开百度测试', '', '', '启动浏览器', '百度测试', 2); args=[u'\u6253\u5f00\u767e\u5ea6\u6d4b\u8bd5', u'', u'', u'\u542f\u52a8\u6d4f\u89c8\u5668', u'\u767e\u5ea6\u6d4b\u8bd5', 2]
2015-02-13 00:09:19,115 [Thread-32:2244] [django.db.backends:91] [DEBUG]- (0.000) INSERT INTO `webapp_test_step` (`desc`, `method`, `element`, `action`, `value`, `case_name_id`) VALUES ('输入搜索python', 'id', 'kw', '输入', 'python', 2); args=[u'\u8f93\u5165\u641c\u7d22python', u'id', u'kw', u'\u8f93\u5165', u'python', 2]
2015-02-13 00:09:19,177 [Thread-32:2244] [django.db.backends:91] [DEBUG]- (0.022) INSERT INTO `webapp_test_step` (`desc`, `method`, `element`, `action`, `value`, `case_name_id`) VALUES ('点击搜索', 'id', 'su', '单击', '', 2); args=[u'\u70b9\u51fb\u641c\u7d22', u'id', u'su', u'\u5355\u51fb', u'', 2]
读取用例列表成功
2015-02-13 00:09:24,621 [Thread-33:5944] [django.db.backends:91] [DEBUG]- (0.000) SET SQL_AUTO_IS_NULL = 0; args=None
2015-02-13 00:09:24,621 [Thread-33:5944] [django.db.backends:91] [DEBUG]- (0.001) SELECT `webapp_test_case`.`id`, `webapp_test_case`.`name`, `webapp_test_case`.`date`, `webapp_test_case`.`case_nature`, `webapp_test_case`.`category`, `webapp_test_case`.`function_id` FROM `webapp_test_case`; args=()
测试用例ID为['2']
2015-02-13 00:09:27,299 [Thread-34:4656] [django.db.backends:91] [DEBUG]- (0.001) SET SQL_AUTO_IS_NULL = 0; args=None
2015-02-13 00:09:27,305 [Thread-34:4656] [django.db.backends:91] [DEBUG]- (0.001) SELECT `webapp_test_case`.`id`, `webapp_test_case`.`name`, `webapp_test_case`.`date`, `webapp_test_case`.`case_nature`, `webapp_test_case`.`category`, `webapp_test_case`.`function_id` FROM `webapp_test_case` WHERE `webapp_test_case`.`id` = 2 LIMIT 21; args=(2,)
2015-02-13 00:09:27,308 [Thread-34:4656] [django.db.backends:91] [DEBUG]- (0.001) SELECT `webapp_test_step`.`id`, `webapp_test_step`.`desc`, `webapp_test_step`.`method`, `webapp_test_step`.`element`, `webapp_test_step`.`action`, `webapp_test_step`.`value`, `webapp_test_step`.`case_name_id` FROM `webapp_test_step` WHERE `webapp_test_step`.`case_name_id` = 2; args=(2,)
业务流名称为百度业务流测试
2015-02-13 00:11:40,403 [Thread-35:6800] [django.db.backends:91] [DEBUG]- (0.000) SET SQL_AUTO_IS_NULL = 0; args=None
2015-02-13 00:11:40,404 [Thread-35:6800] [django.db.backends:91] [DEBUG]- (0.001) INSERT INTO `webapp_business_flow` (`name`, `date`, `category`, `function_id`) VALUES ('百度业务流测试', '2015-02-12 16:11:40', '业务流用例', NULL); args=[u'\u767e\u5ea6\u4e1a\u52a1\u6d41\u6d4b\u8bd5', u'2015-02-12 16:11:40', '\xe4\xb8\x9a\xe5\x8a\xa1\xe6\xb5\x81\xe7\x94\xa8\xe4\xbe\x8b', None]
2015-02-13 00:11:40,446 [Thread-35:6800] [django.db.backends:91] [DEBUG]- (0.000) SELECT `webapp_business_flow`.`id`, `webapp_business_flow`.`name`, `webapp_business_flow`.`date`, `webapp_business_flow`.`category`, `webapp_business_flow`.`function_id` FROM `webapp_business_flow` WHERE `webapp_business_flow`.`name` = '百度业务流测试' LIMIT 21; args=(u'\u767e\u5ea6\u4e1a\u52a1\u6d41\u6d4b\u8bd5',)
2015-02-13 00:11:40,456 [Thread-35:6800] [django.db.backends:91] [DEBUG]- (0.007) INSERT INTO `webapp_business_flow_stp` (`desc`, `method`, `element`, `action`, `value`, `business_id`) VALUES ('打开百度测试', '', '', '启动浏览器', '百度测试', 2); args=[u'\u6253\u5f00\u767e\u5ea6\u6d4b\u8bd5', u'', u'', u'\u542f\u52a8\u6d4f\u89c8\u5668', u'\u767e\u5ea6\u6d4b\u8bd5', 2]
2015-02-13 00:11:40,474 [Thread-35:6800] [django.db.backends:91] [DEBUG]- (0.001) INSERT INTO `webapp_business_flow_stp` (`desc`, `method`, `element`, `action`, `value`, `business_id`) VALUES ('输入搜索python', 'id', 'kw', '输入', 'python', 2); args=[u'\u8f93\u5165\u641c\u7d22python', u'id', u'kw', u'\u8f93\u5165', u'python', 2]
2015-02-13 00:11:40,536 [Thread-35:6800] [django.db.backends:91] [DEBUG]- (0.027) INSERT INTO `webapp_business_flow_stp` (`desc`, `method`, `element`, `action`, `value`, `business_id`) VALUES ('点击搜索', 'id', 'su', '单击', '', 2); args=[u'\u70b9\u51fb\u641c\u7d22', u'id', u'su', u'\u5355\u51fb', u'', 2]
2015-02-13 00:11:40,555 [Thread-35:6800] [django.db.backends:91] [DEBUG]- (0.001) INSERT INTO `webapp_business_flow_stp` (`desc`, `method`, `element`, `action`, `value`, `business_id`) VALUES ('进入搜搜', '', '', '启动浏览器', 'http://www.sogou.com/', 2); args=[u'\u8fdb\u5165\u641c\u641c', u'', u'', u'\u542f\u52a8\u6d4f\u89c8\u5668', u'http://www.sogou.com/', 2]
2015-02-13 00:11:40,578 [Thread-35:6800] [django.db.backends:91] [DEBUG]- (0.001) INSERT INTO `webapp_business_flow_stp` (`desc`, `method`, `element`, `action`, `value`, `business_id`) VALUES ('输入搜索', 'name', 'query', '输入', 'selenium', 2); args=[u'\u8f93\u5165\u641c\u7d22', u'name', u'query', u'\u8f93\u5165', u'selenium', 2]
2015-02-13 00:11:40,588 [Thread-35:6800] [django.db.backends:91] [DEBUG]- (0.000) INSERT INTO `webapp_business_flow_stp` (`desc`, `method`, `element`, `action`, `value`, `business_id`) VALUES ('点击搜索', 'id', 'stb', '单击', '', 2); args=[u'\u70b9\u51fb\u641c\u7d22', u'id', u'stb', u'\u5355\u51fb', u'', 2]
新增业务流成功
读取用例列表成功
2015-02-13 00:11:42,283 [Thread-36:116] [django.db.backends:91] [DEBUG]- (0.000) SET SQL_AUTO_IS_NULL = 0; args=None
2015-02-13 00:11:42,285 [Thread-36:116] [django.db.backends:91] [DEBUG]- (0.000) SELECT `webapp_test_case`.`id`, `webapp_test_case`.`name`, `webapp_test_case`.`date`, `webapp_test_case`.`case_nature`, `webapp_test_case`.`category`, `webapp_test_case`.`function_id` FROM `webapp_test_case`; args=()
2015-02-13 00:11:42,286 [Thread-36:116] [django.db.backends:91] [DEBUG]- (0.000) SELECT `webapp_business_flow`.`id`, `webapp_business_flow`.`name`, `webapp_business_flow`.`date`, `webapp_business_flow`.`category`, `webapp_business_flow`.`function_id` FROM `webapp_business_flow`; args=()
测试用例ID为['2']
2015-02-13 00:11:51,875 [Thread-37:5372] [django.db.backends:91] [DEBUG]- (0.000) SET SQL_AUTO_IS_NULL = 0; args=None
2015-02-13 00:11:51,875 [Thread-37:5372] [django.db.backends:91] [DEBUG]- (0.001) SELECT `webapp_test_case`.`id`, `webapp_test_case`.`name`, `webapp_test_case`.`date`, `webapp_test_case`.`case_nature`, `webapp_test_case`.`category`, `webapp_test_case`.`function_id` FROM `webapp_test_case` WHERE `webapp_test_case`.`id` = 2; args=(2,)
测试用例ID为['None']
测试用例ID为<built-in function id>
2015-02-13 00:11:54,753 [Thread-38:2824] [django.db.backends:91] [DEBUG]- (0.000) SET SQL_AUTO_IS_NULL = 0; args=None
2015-02-13 00:11:54,755 [Thread-38:2824] [django.db.backends:91] [DEBUG]- (0.001) SELECT `webapp_business_flow`.`id`, `webapp_business_flow`.`name`, `webapp_business_flow`.`date`, `webapp_business_flow`.`category`, `webapp_business_flow`.`function_id` FROM `webapp_business_flow` WHERE `webapp_business_flow`.`id` = 2; args=(2,)
2015-02-13 00:11:58,280 [Thread-39:6180] [django.db.backends:91] [DEBUG]- (0.000) SET SQL_AUTO_IS_NULL = 0; args=None
2015-02-13 00:11:58,282 [Thread-39:6180] [django.db.backends:91] [DEBUG]- (0.001) INSERT INTO `webapp_perform_case` (`name`, `date`) VALUES ('一个新的测试执行', '2015-02-12 16:11:58'); args=[u'\u4e00\u4e2a\u65b0\u7684\u6d4b\u8bd5\u6267\u884c', u'2015-02-12 16:11:58']
2015-02-13 00:11:58,325 [Thread-39:6180] [django.db.backends:91] [DEBUG]- (0.001) SELECT `webapp_perform_case`.`id`, `webapp_perform_case`.`name`, `webapp_perform_case`.`date` FROM `webapp_perform_case` WHERE `webapp_perform_case`.`name` = '一个新的测试执行' LIMIT 21; args=(u'\u4e00\u4e2a\u65b0\u7684\u6d4b\u8bd5\u6267\u884c',)
2015-02-13 00:11:58,341 [Thread-39:6180] [django.db.backends:91] [DEBUG]- (0.014) INSERT INTO `webapp_perform_detail` (`name`, `case_nature`, `category`, `date`, `perform_id`) VALUES ('百度测试', '正案例', '测试用例', '2015-02-12 16:11:58', 2); args=[u'\u767e\u5ea6\u6d4b\u8bd5', u'\u6b63\u6848\u4f8b', u'\u6d4b\u8bd5\u7528\u4f8b', u'2015-02-12 16:11:58', 2]
2015-02-13 00:11:58,365 [Thread-39:6180] [django.db.backends:91] [DEBUG]- (0.001) INSERT INTO `webapp_perform_detail` (`name`, `case_nature`, `category`, `date`, `perform_id`) VALUES ('百度业务流测试', '', '业务流用例', '2015-02-12 16:11:58', 2); args=[u'\u767e\u5ea6\u4e1a\u52a1\u6d41\u6d4b\u8bd5', u'', u'\u4e1a\u52a1\u6d41\u7528\u4f8b', u'2015-02-12 16:11:58', 2]
读取用例列表成功
2015-02-13 00:11:58,404 [Thread-39:6180] [django.db.backends:91] [DEBUG]- (0.000) SELECT `webapp_test_case`.`id`, `webapp_test_case`.`name`, `webapp_test_case`.`date`, `webapp_test_case`.`case_nature`, `webapp_test_case`.`category`, `webapp_test_case`.`function_id` FROM `webapp_test_case`; args=()
2015-02-13 00:11:58,405 [Thread-39:6180] [django.db.backends:91] [DEBUG]- (0.001) SELECT `webapp_business_flow`.`id`, `webapp_business_flow`.`name`, `webapp_business_flow`.`date`, `webapp_business_flow`.`category`, `webapp_business_flow`.`function_id` FROM `webapp_business_flow`; args=()
2015-02-13 00:12:00,229 [Thread-40:6004] [django.db.backends:91] [DEBUG]- (0.000) SET SQL_AUTO_IS_NULL = 0; args=None
2015-02-13 00:12:00,230 [Thread-40:6004] [django.db.backends:91] [DEBUG]- (0.000) SELECT `webapp_perform_case`.`id`, `webapp_perform_case`.`name`, `webapp_perform_case`.`date` FROM `webapp_perform_case`; args=()
2015-02-13 00:12:45,842 [Thread-30:6160] [django.request:231] [ERROR]- Internal Server Error: /modify/
Traceback (most recent call last):
  File "C:\Python27\lib\site-packages\django\core\handlers\base.py", line 111, in get_response
    response = wrapped_callback(request, *callback_args, **callback_kwargs)
  File "D:\Project\autotest\webapp\views.py", line 57, in modify
    runTest(regip, 'case', case_id)
  File "D:\Project\autotest\webapp\runTest.py", line 51, in runTest
    startConn(sock)
  File "D:\Project\autotest\webapp\runTest.py", line 18, in startConn
    res = sock.recv(1024)
error: [Errno 10054] 
2015-02-13 00:12:55,167 [Thread-41:6596] [django.db.backends:91] [DEBUG]- (0.000) SET SQL_AUTO_IS_NULL = 0; args=None
2015-02-13 00:12:55,170 [Thread-41:6596] [django.db.backends:91] [DEBUG]- (0.000) SELECT `webapp_perform_case`.`id`, `webapp_perform_case`.`name`, `webapp_perform_case`.`date` FROM `webapp_perform_case`; args=()
2015-02-13 00:12:56,338 [Thread-49:1640] [django.db.backends:91] [DEBUG]- (0.000) SET SQL_AUTO_IS_NULL = 0; args=None
2015-02-13 00:12:56,338 [Thread-49:1640] [django.db.backends:91] [DEBUG]- (0.000) SELECT `webapp_perform_case`.`id`, `webapp_perform_case`.`name`, `webapp_perform_case`.`date` FROM `webapp_perform_case` WHERE `webapp_perform_case`.`id` = 2 LIMIT 21; args=(2,)
2015-02-13 00:12:56,342 [Thread-49:1640] [django.db.backends:91] [DEBUG]- (0.001) SELECT `webapp_perform_detail`.`id`, `webapp_perform_detail`.`name`, `webapp_perform_detail`.`case_nature`, `webapp_perform_detail`.`category`, `webapp_perform_detail`.`date`, `webapp_perform_detail`.`perform_id` FROM `webapp_perform_detail` WHERE `webapp_perform_detail`.`perform_id` = 2; args=(2,)
2015-02-13 00:12:56,342 [Thread-49:1640] [django.db.backends:91] [DEBUG]- (0.000) SELECT `webapp_test_case`.`id`, `webapp_test_case`.`name`, `webapp_test_case`.`date`, `webapp_test_case`.`case_nature`, `webapp_test_case`.`category`, `webapp_test_case`.`function_id` FROM `webapp_test_case` WHERE `webapp_test_case`.`name` = '百度测试' LIMIT 21; args=(u'\u767e\u5ea6\u6d4b\u8bd5',)
2015-02-13 00:12:56,345 [Thread-49:1640] [django.db.backends:91] [DEBUG]- (0.001) SELECT `webapp_business_flow`.`id`, `webapp_business_flow`.`name`, `webapp_business_flow`.`date`, `webapp_business_flow`.`category`, `webapp_business_flow`.`function_id` FROM `webapp_business_flow` WHERE `webapp_business_flow`.`name` = '百度业务流测试' LIMIT 21; args=(u'\u767e\u5ea6\u4e1a\u52a1\u6d41\u6d4b\u8bd5',)
2015-02-13 00:12:56,351 [Thread-49:1640] [django.db.backends:91] [DEBUG]- (0.000) SELECT `webapp_perform_case`.`id`, `webapp_perform_case`.`name`, `webapp_perform_case`.`date` FROM `webapp_perform_case`; args=()
2015-02-13 00:15:52,928 [Thread-50:2724] [django.db.backends:91] [DEBUG]- (0.001) SET SQL_AUTO_IS_NULL = 0; args=None
2015-02-13 00:15:52,930 [Thread-50:2724] [django.db.backends:91] [DEBUG]- (0.001) SELECT `webapp_perform_case`.`id`, `webapp_perform_case`.`name`, `webapp_perform_case`.`date` FROM `webapp_perform_case` WHERE `webapp_perform_case`.`id` = 1 LIMIT 21; args=(1,)
2015-02-13 00:15:52,931 [Thread-50:2724] [django.db.backends:91] [DEBUG]- (0.000) SELECT `webapp_perform_detail`.`id`, `webapp_perform_detail`.`name`, `webapp_perform_detail`.`case_nature`, `webapp_perform_detail`.`category`, `webapp_perform_detail`.`date`, `webapp_perform_detail`.`perform_id` FROM `webapp_perform_detail` WHERE `webapp_perform_detail`.`perform_id` = 1; args=(1,)
2015-02-13 00:15:52,934 [Thread-50:2724] [django.db.backends:91] [DEBUG]- (0.000) SELECT `webapp_test_case`.`id`, `webapp_test_case`.`name`, `webapp_test_case`.`date`, `webapp_test_case`.`case_nature`, `webapp_test_case`.`category`, `webapp_test_case`.`function_id` FROM `webapp_test_case` WHERE `webapp_test_case`.`name` = 'FT_正常登录' LIMIT 21; args=(u'FT_\u6b63\u5e38\u767b\u5f55',)
2015-02-13 00:15:52,936 [Thread-50:2724] [django.db.backends:91] [DEBUG]- (0.001) SELECT `webapp_business_flow`.`id`, `webapp_business_flow`.`name`, `webapp_business_flow`.`date`, `webapp_business_flow`.`category`, `webapp_business_flow`.`function_id` FROM `webapp_business_flow` WHERE `webapp_business_flow`.`name` = '测试业务流' LIMIT 21; args=(u'\u6d4b\u8bd5\u4e1a\u52a1\u6d41',)
2015-02-13 00:15:52,944 [Thread-50:2724] [django.db.backends:91] [DEBUG]- (0.000) SELECT `webapp_perform_case`.`id`, `webapp_perform_case`.`name`, `webapp_perform_case`.`date` FROM `webapp_perform_case`; args=()
2015-02-13 00:16:00,229 [Thread-58:4916] [django.db.backends:91] [DEBUG]- (0.000) SET SQL_AUTO_IS_NULL = 0; args=None
2015-02-13 00:16:00,230 [Thread-58:4916] [django.db.backends:91] [DEBUG]- (0.000) SELECT `webapp_perform_case`.`id`, `webapp_perform_case`.`name`, `webapp_perform_case`.`date` FROM `webapp_perform_case` WHERE `webapp_perform_case`.`id` = 2 LIMIT 21; args=(2,)
2015-02-13 00:16:00,232 [Thread-58:4916] [django.db.backends:91] [DEBUG]- (0.000) SELECT `webapp_perform_detail`.`id`, `webapp_perform_detail`.`name`, `webapp_perform_detail`.`case_nature`, `webapp_perform_detail`.`category`, `webapp_perform_detail`.`date`, `webapp_perform_detail`.`perform_id` FROM `webapp_perform_detail` WHERE `webapp_perform_detail`.`perform_id` = 2; args=(2,)
2015-02-13 00:16:00,233 [Thread-58:4916] [django.db.backends:91] [DEBUG]- (0.000) SELECT `webapp_test_case`.`id`, `webapp_test_case`.`name`, `webapp_test_case`.`date`, `webapp_test_case`.`case_nature`, `webapp_test_case`.`category`, `webapp_test_case`.`function_id` FROM `webapp_test_case` WHERE `webapp_test_case`.`name` = '百度测试' LIMIT 21; args=(u'\u767e\u5ea6\u6d4b\u8bd5',)
2015-02-13 00:16:00,236 [Thread-58:4916] [django.db.backends:91] [DEBUG]- (0.001) SELECT `webapp_business_flow`.`id`, `webapp_business_flow`.`name`, `webapp_business_flow`.`date`, `webapp_business_flow`.`category`, `webapp_business_flow`.`function_id` FROM `webapp_business_flow` WHERE `webapp_business_flow`.`name` = '百度业务流测试' LIMIT 21; args=(u'\u767e\u5ea6\u4e1a\u52a1\u6d41\u6d4b\u8bd5',)
2015-02-13 00:16:00,243 [Thread-58:4916] [django.db.backends:91] [DEBUG]- (0.000) SELECT `webapp_perform_case`.`id`, `webapp_perform_case`.`name`, `webapp_perform_case`.`date` FROM `webapp_perform_case`; args=()
2015-02-13 00:16:28,773 [Thread-59:7052] [django.db.backends:91] [DEBUG]- (0.000) SET SQL_AUTO_IS_NULL = 0; args=None
2015-02-13 00:16:28,775 [Thread-59:7052] [django.db.backends:91] [DEBUG]- (0.001) SELECT `webapp_perform_case`.`id`, `webapp_perform_case`.`name`, `webapp_perform_case`.`date` FROM `webapp_perform_case` WHERE `webapp_perform_case`.`id` = 2 LIMIT 21; args=(2,)
2015-02-13 00:16:28,776 [Thread-59:7052] [django.db.backends:91] [DEBUG]- (0.000) SELECT `webapp_perform_detail`.`id`, `webapp_perform_detail`.`name`, `webapp_perform_detail`.`case_nature`, `webapp_perform_detail`.`category`, `webapp_perform_detail`.`date`, `webapp_perform_detail`.`perform_id` FROM `webapp_perform_detail` WHERE `webapp_perform_detail`.`perform_id` = 2; args=(2,)
2015-02-13 00:16:28,779 [Thread-59:7052] [django.db.backends:91] [DEBUG]- (0.000) SELECT `webapp_test_case`.`id`, `webapp_test_case`.`name`, `webapp_test_case`.`date`, `webapp_test_case`.`case_nature`, `webapp_test_case`.`category`, `webapp_test_case`.`function_id` FROM `webapp_test_case` WHERE `webapp_test_case`.`name` = '百度测试' LIMIT 21; args=(u'\u767e\u5ea6\u6d4b\u8bd5',)
2015-02-13 00:16:28,780 [Thread-59:7052] [django.db.backends:91] [DEBUG]- (0.001) SELECT `webapp_business_flow`.`id`, `webapp_business_flow`.`name`, `webapp_business_flow`.`date`, `webapp_business_flow`.`category`, `webapp_business_flow`.`function_id` FROM `webapp_business_flow` WHERE `webapp_business_flow`.`name` = '百度业务流测试' LIMIT 21; args=(u'\u767e\u5ea6\u4e1a\u52a1\u6d41\u6d4b\u8bd5',)
2015-02-13 00:16:28,788 [Thread-59:7052] [django.db.backends:91] [DEBUG]- (0.001) SELECT `webapp_perform_case`.`id`, `webapp_perform_case`.`name`, `webapp_perform_case`.`date` FROM `webapp_perform_case`; args=()
2015-02-13 00:16:46,641 [Thread-67:440] [django.db.backends:91] [DEBUG]- (0.000) SET SQL_AUTO_IS_NULL = 0; args=None
2015-02-13 00:16:46,641 [Thread-67:440] [django.db.backends:91] [DEBUG]- (0.001) SELECT `webapp_perform_case`.`id`, `webapp_perform_case`.`name`, `webapp_perform_case`.`date` FROM `webapp_perform_case` WHERE `webapp_perform_case`.`id` = 2 LIMIT 21; args=(2,)
2015-02-13 00:16:46,644 [Thread-67:440] [django.db.backends:91] [DEBUG]- (0.000) SELECT `webapp_perform_detail`.`id`, `webapp_perform_detail`.`name`, `webapp_perform_detail`.`case_nature`, `webapp_perform_detail`.`category`, `webapp_perform_detail`.`date`, `webapp_perform_detail`.`perform_id` FROM `webapp_perform_detail` WHERE `webapp_perform_detail`.`perform_id` = 2; args=(2,)
2015-02-13 00:16:46,645 [Thread-67:440] [django.db.backends:91] [DEBUG]- (0.000) SELECT `webapp_test_case`.`id`, `webapp_test_case`.`name`, `webapp_test_case`.`date`, `webapp_test_case`.`case_nature`, `webapp_test_case`.`category`, `webapp_test_case`.`function_id` FROM `webapp_test_case` WHERE `webapp_test_case`.`name` = '百度测试' LIMIT 21; args=(u'\u767e\u5ea6\u6d4b\u8bd5',)
2015-02-13 00:16:46,648 [Thread-67:440] [django.db.backends:91] [DEBUG]- (0.001) SELECT `webapp_business_flow`.`id`, `webapp_business_flow`.`name`, `webapp_business_flow`.`date`, `webapp_business_flow`.`category`, `webapp_business_flow`.`function_id` FROM `webapp_business_flow` WHERE `webapp_business_flow`.`name` = '百度业务流测试' LIMIT 21; args=(u'\u767e\u5ea6\u4e1a\u52a1\u6d41\u6d4b\u8bd5',)
2015-02-13 00:16:46,654 [Thread-67:440] [django.db.backends:91] [DEBUG]- (0.000) SELECT `webapp_perform_case`.`id`, `webapp_perform_case`.`name`, `webapp_perform_case`.`date` FROM `webapp_perform_case`; args=()
2015-02-13 00:17:46,282 [Thread-68:4580] [django.db.backends:91] [DEBUG]- (0.000) SET SQL_AUTO_IS_NULL = 0; args=None
2015-02-13 00:17:46,285 [Thread-68:4580] [django.db.backends:91] [DEBUG]- (0.001) SELECT `webapp_perform_case`.`id`, `webapp_perform_case`.`name`, `webapp_perform_case`.`date` FROM `webapp_perform_case` WHERE `webapp_perform_case`.`id` = 2 LIMIT 21; args=(2,)
2015-02-13 00:17:46,286 [Thread-68:4580] [django.db.backends:91] [DEBUG]- (0.001) SELECT `webapp_perform_detail`.`id`, `webapp_perform_detail`.`name`, `webapp_perform_detail`.`case_nature`, `webapp_perform_detail`.`category`, `webapp_perform_detail`.`date`, `webapp_perform_detail`.`perform_id` FROM `webapp_perform_detail` WHERE `webapp_perform_detail`.`perform_id` = 2; args=(2,)
2015-02-13 00:17:46,288 [Thread-68:4580] [django.db.backends:91] [DEBUG]- (0.000) SELECT `webapp_test_case`.`id`, `webapp_test_case`.`name`, `webapp_test_case`.`date`, `webapp_test_case`.`case_nature`, `webapp_test_case`.`category`, `webapp_test_case`.`function_id` FROM `webapp_test_case` WHERE `webapp_test_case`.`name` = '百度测试' LIMIT 21; args=(u'\u767e\u5ea6\u6d4b\u8bd5',)
2015-02-13 00:17:46,289 [Thread-68:4580] [django.db.backends:91] [DEBUG]- (0.000) SELECT `webapp_business_flow`.`id`, `webapp_business_flow`.`name`, `webapp_business_flow`.`date`, `webapp_business_flow`.`category`, `webapp_business_flow`.`function_id` FROM `webapp_business_flow` WHERE `webapp_business_flow`.`name` = '百度业务流测试' LIMIT 21; args=(u'\u767e\u5ea6\u4e1a\u52a1\u6d41\u6d4b\u8bd5',)
2015-02-13 00:17:46,296 [Thread-68:4580] [django.db.backends:91] [DEBUG]- (0.001) SELECT `webapp_perform_case`.`id`, `webapp_perform_case`.`name`, `webapp_perform_case`.`date` FROM `webapp_perform_case`; args=()
2015-02-13 00:17:50,279 [Thread-76:3708] [django.db.backends:91] [DEBUG]- (0.000) SET SQL_AUTO_IS_NULL = 0; args=None
2015-02-13 00:17:50,279 [Thread-76:3708] [django.db.backends:91] [DEBUG]- (0.001) SELECT `webapp_perform_case`.`id`, `webapp_perform_case`.`name`, `webapp_perform_case`.`date` FROM `webapp_perform_case` WHERE `webapp_perform_case`.`id` = 2 LIMIT 21; args=(2,)
2015-02-13 00:17:50,282 [Thread-76:3708] [django.db.backends:91] [DEBUG]- (0.001) SELECT `webapp_perform_detail`.`id`, `webapp_perform_detail`.`name`, `webapp_perform_detail`.`case_nature`, `webapp_perform_detail`.`category`, `webapp_perform_detail`.`date`, `webapp_perform_detail`.`perform_id` FROM `webapp_perform_detail` WHERE `webapp_perform_detail`.`perform_id` = 2; args=(2,)
2015-02-13 00:17:50,283 [Thread-76:3708] [django.db.backends:91] [DEBUG]- (0.001) SELECT `webapp_test_case`.`id`, `webapp_test_case`.`name`, `webapp_test_case`.`date`, `webapp_test_case`.`case_nature`, `webapp_test_case`.`category`, `webapp_test_case`.`function_id` FROM `webapp_test_case` WHERE `webapp_test_case`.`name` = '百度测试' LIMIT 21; args=(u'\u767e\u5ea6\u6d4b\u8bd5',)
2015-02-13 00:17:50,285 [Thread-76:3708] [django.db.backends:91] [DEBUG]- (0.000) SELECT `webapp_business_flow`.`id`, `webapp_business_flow`.`name`, `webapp_business_flow`.`date`, `webapp_business_flow`.`category`, `webapp_business_flow`.`function_id` FROM `webapp_business_flow` WHERE `webapp_business_flow`.`name` = '百度业务流测试' LIMIT 21; args=(u'\u767e\u5ea6\u4e1a\u52a1\u6d41\u6d4b\u8bd5',)
2015-02-13 00:17:50,292 [Thread-76:3708] [django.db.backends:91] [DEBUG]- (0.000) SELECT `webapp_perform_case`.`id`, `webapp_perform_case`.`name`, `webapp_perform_case`.`date` FROM `webapp_perform_case`; args=()
2015-03-03 17:48:36,466 [MainThread:6116] [django.db.backends:91] [DEBUG]- (0.001) SELECT `webapp_test_case`.`id`, `webapp_test_case`.`name`, `webapp_test_case`.`date`, `webapp_test_case`.`case_nature`, `webapp_test_case`.`category`, `webapp_test_case`.`function_id` FROM `webapp_test_case` WHERE `webapp_test_case`.`id` = 1 LIMIT 21; args=(1,)
