2015-03-05 18:30:28,782 [Dummy-1:9648] [django.db.backends:91] [DEBUG]- (0.001) SET SQL_AUTO_IS_NULL = 0; args=None
2015-03-05 18:30:28,786 [Dummy-1:9648] [django.db.backends:91] [DEBUG]- (0.001) SHOW TABLES; args=None
2015-03-05 18:30:28,795 [Dummy-1:9648] [django.db.backends:91] [DEBUG]- (0.000) SELECT `django_migrations`.`app`, `django_migrations`.`name` FROM `django_migrations`; args=()
2015-03-05 18:30:30,367 [Thread-3:8524] [django.request:143] [WARNING]- Not Found: /accounts/login/
2015-03-05 18:30:44,865 [Thread-8:5268] [django.db.backends:91] [DEBUG]- (0.001) SET SQL_AUTO_IS_NULL = 0; args=None
2015-03-05 18:30:44,865 [Thread-8:5268] [django.db.backends:91] [DEBUG]- (0.001) SELECT `auth_user`.`id`, `auth_user`.`password`, `auth_user`.`last_login`, `auth_user`.`is_superuser`, `auth_user`.`username`, `auth_user`.`first_name`, `auth_user`.`last_name`, `auth_user`.`email`, `auth_user`.`is_staff`, `auth_user`.`is_active`, `auth_user`.`date_joined` FROM `auth_user` WHERE `auth_user`.`username` = 'root' LIMIT 21; args=(u'root',)
2015-03-05 18:30:44,996 [Thread-8:5268] [django.db.backends:91] [DEBUG]- (0.001) SELECT (1) AS `a` FROM `django_session` WHERE `django_session`.`session_key` = 'jbaa5sv9ehezbv968gwl1a7d4ottb8vq' LIMIT 1; args=(u'jbaa5sv9ehezbv968gwl1a7d4ottb8vq',)
2015-03-05 18:30:44,997 [Thread-8:5268] [django.db.backends:91] [DEBUG]- (0.001) INSERT INTO `django_session` (`session_key`, `session_data`, `expire_date`) VALUES ('jbaa5sv9ehezbv968gwl1a7d4ottb8vq', 'NjNmMzhhY2FlMzBmNzkxZTZjZmYyZDhjOGYxZTJiMmFhNTA5ZTAxNjp7fQ==', '2015-03-19 10:30:44'); args=(u'jbaa5sv9ehezbv968gwl1a7d4ottb8vq', u'NjNmMzhhY2FlMzBmNzkxZTZjZmYyZDhjOGYxZTJiMmFhNTA5ZTAxNjp7fQ==', u'2015-03-19 10:30:44')
2015-03-05 18:30:45,029 [Thread-8:5268] [django.db.backends:91] [DEBUG]- (0.001) SELECT `django_session`.`session_key`, `django_session`.`session_data`, `django_session`.`expire_date` FROM `django_session` WHERE `django_session`.`session_key` = 'jbaa5sv9ehezbv968gwl1a7d4ottb8vq' LIMIT 21; args=(u'jbaa5sv9ehezbv968gwl1a7d4ottb8vq',)
2015-03-05 18:30:45,032 [Thread-8:5268] [django.db.backends:91] [DEBUG]- (0.001) DELETE FROM `django_session` WHERE `django_session`.`session_key` IN ('jbaa5sv9ehezbv968gwl1a7d4ottb8vq'); args=(u'jbaa5sv9ehezbv968gwl1a7d4ottb8vq',)
2015-03-05 18:30:45,052 [Thread-8:5268] [django.db.backends:91] [DEBUG]- (0.000) UPDATE `auth_user` SET `last_login` = '2015-03-05 10:30:45' WHERE `auth_user`.`id` = 1; args=(u'2015-03-05 10:30:45', 1)
2015-03-05 18:30:45,073 [Thread-8:5268] [django.db.backends:91] [DEBUG]- (0.001) UPDATE `django_session` SET `session_data` = 'ZTgzM2RlNmI5YTE3YWNmNjBhY2U3Y2UyYjA4ZWNhNmM4ZDU0MzFmMTp7Il9hdXRoX3VzZXJfaGFzaCI6IjNhYWUxODk2ZTAwNmI5ZjlkMjMyNjI4NTAyOTMzYTllZjAxZWYzMGEiLCJfYXV0aF91c2VyX2JhY2tlbmQiOiJkamFuZ28uY29udHJpYi5hdXRoLmJhY2tlbmRzLk1vZGVsQmFja2VuZCIsIl9hdXRoX3VzZXJfaWQiOjF9', `expire_date` = '2015-03-19 10:30:45' WHERE `django_session`.`session_key` = 'jbaa5sv9ehezbv968gwl1a7d4ottb8vq'; args=(u'ZTgzM2RlNmI5YTE3YWNmNjBhY2U3Y2UyYjA4ZWNhNmM4ZDU0MzFmMTp7Il9hdXRoX3VzZXJfaGFzaCI6IjNhYWUxODk2ZTAwNmI5ZjlkMjMyNjI4NTAyOTMzYTllZjAxZWYzMGEiLCJfYXV0aF91c2VyX2JhY2tlbmQiOiJkamFuZ28uY29udHJpYi5hdXRoLmJhY2tlbmRzLk1vZGVsQmFja2VuZCIsIl9hdXRoX3VzZXJfaWQiOjF9', u'2015-03-19 10:30:45', u'jbaa5sv9ehezbv968gwl1a7d4ottb8vq')
2015-03-05 18:30:45,075 [Thread-8:5268] [django.db.backends:91] [DEBUG]- (0.001) INSERT INTO `django_session` (`session_key`, `session_data`, `expire_date`) VALUES ('jbaa5sv9ehezbv968gwl1a7d4ottb8vq', 'ZTgzM2RlNmI5YTE3YWNmNjBhY2U3Y2UyYjA4ZWNhNmM4ZDU0MzFmMTp7Il9hdXRoX3VzZXJfaGFzaCI6IjNhYWUxODk2ZTAwNmI5ZjlkMjMyNjI4NTAyOTMzYTllZjAxZWYzMGEiLCJfYXV0aF91c2VyX2JhY2tlbmQiOiJkamFuZ28uY29udHJpYi5hdXRoLmJhY2tlbmRzLk1vZGVsQmFja2VuZCIsIl9hdXRoX3VzZXJfaWQiOjF9', '2015-03-19 10:30:45'); args=(u'jbaa5sv9ehezbv968gwl1a7d4ottb8vq', u'ZTgzM2RlNmI5YTE3YWNmNjBhY2U3Y2UyYjA4ZWNhNmM4ZDU0MzFmMTp7Il9hdXRoX3VzZXJfaGFzaCI6IjNhYWUxODk2ZTAwNmI5ZjlkMjMyNjI4NTAyOTMzYTllZjAxZWYzMGEiLCJfYXV0aF91c2VyX2JhY2tlbmQiOiJkamFuZ28uY29udHJpYi5hdXRoLmJhY2tlbmRzLk1vZGVsQmFja2VuZCIsIl9hdXRoX3VzZXJfaWQiOjF9', u'2015-03-19 10:30:45')
2015-03-05 18:30:45,131 [Thread-9:9320] [django.db.backends:91] [DEBUG]- (0.000) SET SQL_AUTO_IS_NULL = 0; args=None
2015-03-05 18:30:45,132 [Thread-9:9320] [django.db.backends:91] [DEBUG]- (0.000) SELECT `django_session`.`session_key`, `django_session`.`session_data`, `django_session`.`expire_date` FROM `django_session` WHERE (`django_session`.`session_key` = 'jbaa5sv9ehezbv968gwl1a7d4ottb8vq' AND `django_session`.`expire_date` > '2015-03-05 10:30:45') LIMIT 21; args=('jbaa5sv9ehezbv968gwl1a7d4ottb8vq', u'2015-03-05 10:30:45')
2015-03-05 18:30:45,134 [Thread-9:9320] [django.db.backends:91] [DEBUG]- (0.000) SELECT `auth_user`.`id`, `auth_user`.`password`, `auth_user`.`last_login`, `auth_user`.`is_superuser`, `auth_user`.`username`, `auth_user`.`first_name`, `auth_user`.`last_name`, `auth_user`.`email`, `auth_user`.`is_staff`, `auth_user`.`is_active`, `auth_user`.`date_joined` FROM `auth_user` WHERE `auth_user`.`id` = 1 LIMIT 21; args=(1,)
2015-03-05 18:32:31,875 [Dummy-1:2240] [django.db.backends:91] [DEBUG]- (0.001) SET SQL_AUTO_IS_NULL = 0; args=None
2015-03-05 18:32:31,880 [Dummy-1:2240] [django.db.backends:91] [DEBUG]- (0.002) SHOW TABLES; args=None
2015-03-05 18:32:31,888 [Dummy-1:2240] [django.db.backends:91] [DEBUG]- (0.002) SELECT `django_migrations`.`app`, `django_migrations`.`name` FROM `django_migrations`; args=()
2015-03-05 18:32:41,443 [MainThread:7780] [django.db.backends:91] [DEBUG]- (0.000) SET SQL_AUTO_IS_NULL = 0; args=None
2015-03-05 18:32:41,444 [MainThread:7780] [django.db.backends:91] [DEBUG]- (0.001) SHOW TABLES; args=None
2015-03-05 18:32:41,447 [MainThread:7780] [django.db.backends:91] [DEBUG]- (0.001) SELECT `django_migrations`.`app`, `django_migrations`.`name` FROM `django_migrations`; args=()
2015-03-05 18:32:41,450 [MainThread:7780] [django.db.backends:91] [DEBUG]- (0.001) SHOW TABLES; args=None
2015-03-05 18:32:41,470 [MainThread:7780] [django.db.backends:91] [DEBUG]- (0.000) SET foreign_key_checks=0; args=None
2015-03-05 18:32:41,471 [MainThread:7780] [django.db.backends:91] [DEBUG]- (0.000) SET foreign_key_checks=1; args=None
2015-03-05 18:32:41,476 [MainThread:7780] [django.db.backends:91] [DEBUG]- (0.000) SET SQL_AUTO_IS_NULL = 0; args=None
2015-03-05 18:32:41,476 [MainThread:7780] [django.db.backends:91] [DEBUG]- (0.000) SET foreign_key_checks=0; args=None
2015-03-05 18:32:41,477 [MainThread:7780] [django.db.backends:91] [DEBUG]- (0.000) SET foreign_key_checks=1; args=None
2015-03-05 18:32:41,582 [MainThread:7780] [django.db.backends:91] [DEBUG]- (0.000) SET SQL_AUTO_IS_NULL = 0; args=None
2015-03-05 18:32:41,585 [MainThread:7780] [django.db.backends:91] [DEBUG]- (0.000) SHOW TABLES; args=None
2015-03-05 18:32:41,585 [MainThread:7780] [django.db.backends:91] [DEBUG]- (0.001) SELECT `django_migrations`.`app`, `django_migrations`.`name` FROM `django_migrations`; args=()
2015-03-05 18:32:41,591 [MainThread:7780] [django.db.backends:91] [DEBUG]- (0.001) SELECT `django_content_type`.`id`, `django_content_type`.`name`, `django_content_type`.`app_label`, `django_content_type`.`model` FROM `django_content_type` WHERE (`django_content_type`.`model` = 'logentry' AND `django_content_type`.`app_label` = 'admin') LIMIT 21; args=('logentry', 'admin')
2015-03-05 18:32:41,592 [MainThread:7780] [django.db.backends:91] [DEBUG]- (0.000) SELECT `auth_permission`.`content_type_id`, `auth_permission`.`codename` FROM `auth_permission` INNER JOIN `django_content_type` ON ( `auth_permission`.`content_type_id` = `django_content_type`.`id` ) WHERE `auth_permission`.`content_type_id` IN (1) ORDER BY `django_content_type`.`app_label` ASC, `django_content_type`.`model` ASC, `auth_permission`.`codename` ASC; args=(1,)
2015-03-05 18:32:41,596 [MainThread:7780] [django.db.backends:91] [DEBUG]- (0.000) SHOW TABLES; args=None
2015-03-05 18:32:41,598 [MainThread:7780] [django.db.backends:91] [DEBUG]- (0.001) SELECT `django_migrations`.`app`, `django_migrations`.`name` FROM `django_migrations`; args=()
2015-03-05 18:32:41,602 [MainThread:7780] [django.db.backends:91] [DEBUG]- (0.000) SELECT `django_content_type`.`id`, `django_content_type`.`name`, `django_content_type`.`app_label`, `django_content_type`.`model` FROM `django_content_type` WHERE `django_content_type`.`app_label` = 'admin' ORDER BY `django_content_type`.`name` ASC; args=('admin',)
2015-03-05 18:32:41,607 [MainThread:7780] [django.db.backends:91] [DEBUG]- (0.000) SHOW TABLES; args=None
2015-03-05 18:32:41,608 [MainThread:7780] [django.db.backends:91] [DEBUG]- (0.001) SELECT `django_migrations`.`app`, `django_migrations`.`name` FROM `django_migrations`; args=()
2015-03-05 18:32:41,612 [MainThread:7780] [django.db.backends:91] [DEBUG]- (0.000) SELECT `django_content_type`.`id`, `django_content_type`.`name`, `django_content_type`.`app_label`, `django_content_type`.`model` FROM `django_content_type` WHERE (`django_content_type`.`model` = 'permission' AND `django_content_type`.`app_label` = 'auth') LIMIT 21; args=('permission', 'auth')
2015-03-05 18:32:41,615 [MainThread:7780] [django.db.backends:91] [DEBUG]- (0.000) SELECT `django_content_type`.`id`, `django_content_type`.`name`, `django_content_type`.`app_label`, `django_content_type`.`model` FROM `django_content_type` WHERE (`django_content_type`.`model` = 'group' AND `django_content_type`.`app_label` = 'auth') LIMIT 21; args=('group', 'auth')
2015-03-05 18:32:41,617 [MainThread:7780] [django.db.backends:91] [DEBUG]- (0.000) SELECT `django_content_type`.`id`, `django_content_type`.`name`, `django_content_type`.`app_label`, `django_content_type`.`model` FROM `django_content_type` WHERE (`django_content_type`.`model` = 'user' AND `django_content_type`.`app_label` = 'auth') LIMIT 21; args=('user', 'auth')
2015-03-05 18:32:41,619 [MainThread:7780] [django.db.backends:91] [DEBUG]- (0.001) SELECT `auth_permission`.`content_type_id`, `auth_permission`.`codename` FROM `auth_permission` INNER JOIN `django_content_type` ON ( `auth_permission`.`content_type_id` = `django_content_type`.`id` ) WHERE `auth_permission`.`content_type_id` IN (2, 3, 4) ORDER BY `django_content_type`.`app_label` ASC, `django_content_type`.`model` ASC, `auth_permission`.`codename` ASC; args=(2, 3, 4)
2015-03-05 18:32:41,624 [MainThread:7780] [django.db.backends:91] [DEBUG]- (0.001) SHOW TABLES; args=None
2015-03-05 18:32:41,625 [MainThread:7780] [django.db.backends:91] [DEBUG]- (0.000) SELECT `django_migrations`.`app`, `django_migrations`.`name` FROM `django_migrations`; args=()
2015-03-05 18:32:41,628 [MainThread:7780] [django.db.backends:91] [DEBUG]- (0.000) SELECT `django_content_type`.`id`, `django_content_type`.`name`, `django_content_type`.`app_label`, `django_content_type`.`model` FROM `django_content_type` WHERE `django_content_type`.`app_label` = 'auth' ORDER BY `django_content_type`.`name` ASC; args=('auth',)
2015-03-05 18:32:41,634 [MainThread:7780] [django.db.backends:91] [DEBUG]- (0.001) SHOW TABLES; args=None
2015-03-05 18:32:41,635 [MainThread:7780] [django.db.backends:91] [DEBUG]- (0.000) SELECT `django_migrations`.`app`, `django_migrations`.`name` FROM `django_migrations`; args=()
2015-03-05 18:32:41,641 [MainThread:7780] [django.db.backends:91] [DEBUG]- (0.000) SELECT `django_content_type`.`id`, `django_content_type`.`name`, `django_content_type`.`app_label`, `django_content_type`.`model` FROM `django_content_type` WHERE (`django_content_type`.`model` = 'contenttype' AND `django_content_type`.`app_label` = 'contenttypes') LIMIT 21; args=('contenttype', 'contenttypes')
2015-03-05 18:32:41,644 [MainThread:7780] [django.db.backends:91] [DEBUG]- (0.000) SELECT `auth_permission`.`content_type_id`, `auth_permission`.`codename` FROM `auth_permission` INNER JOIN `django_content_type` ON ( `auth_permission`.`content_type_id` = `django_content_type`.`id` ) WHERE `auth_permission`.`content_type_id` IN (5) ORDER BY `django_content_type`.`app_label` ASC, `django_content_type`.`model` ASC, `auth_permission`.`codename` ASC; args=(5,)
2015-03-05 18:32:41,648 [MainThread:7780] [django.db.backends:91] [DEBUG]- (0.001) SHOW TABLES; args=None
2015-03-05 18:32:41,648 [MainThread:7780] [django.db.backends:91] [DEBUG]- (0.001) SELECT `django_migrations`.`app`, `django_migrations`.`name` FROM `django_migrations`; args=()
2015-03-05 18:32:41,653 [MainThread:7780] [django.db.backends:91] [DEBUG]- (0.000) SELECT `django_content_type`.`id`, `django_content_type`.`name`, `django_content_type`.`app_label`, `django_content_type`.`model` FROM `django_content_type` WHERE `django_content_type`.`app_label` = 'contenttypes' ORDER BY `django_content_type`.`name` ASC; args=('contenttypes',)
2015-03-05 18:32:41,657 [MainThread:7780] [django.db.backends:91] [DEBUG]- (0.001) SHOW TABLES; args=None
2015-03-05 18:32:41,658 [MainThread:7780] [django.db.backends:91] [DEBUG]- (0.000) SELECT `django_migrations`.`app`, `django_migrations`.`name` FROM `django_migrations`; args=()
2015-03-05 18:32:41,664 [MainThread:7780] [django.db.backends:91] [DEBUG]- (0.001) SELECT `django_content_type`.`id`, `django_content_type`.`name`, `django_content_type`.`app_label`, `django_content_type`.`model` FROM `django_content_type` WHERE (`django_content_type`.`model` = 'session' AND `django_content_type`.`app_label` = 'sessions') LIMIT 21; args=('session', 'sessions')
2015-03-05 18:32:41,665 [MainThread:7780] [django.db.backends:91] [DEBUG]- (0.000) SELECT `auth_permission`.`content_type_id`, `auth_permission`.`codename` FROM `auth_permission` INNER JOIN `django_content_type` ON ( `auth_permission`.`content_type_id` = `django_content_type`.`id` ) WHERE `auth_permission`.`content_type_id` IN (6) ORDER BY `django_content_type`.`app_label` ASC, `django_content_type`.`model` ASC, `auth_permission`.`codename` ASC; args=(6,)
2015-03-05 18:32:41,670 [MainThread:7780] [django.db.backends:91] [DEBUG]- (0.000) SHOW TABLES; args=None
2015-03-05 18:32:41,671 [MainThread:7780] [django.db.backends:91] [DEBUG]- (0.000) SELECT `django_migrations`.`app`, `django_migrations`.`name` FROM `django_migrations`; args=()
2015-03-05 18:32:41,676 [MainThread:7780] [django.db.backends:91] [DEBUG]- (0.000) SELECT `django_content_type`.`id`, `django_content_type`.`name`, `django_content_type`.`app_label`, `django_content_type`.`model` FROM `django_content_type` WHERE `django_content_type`.`app_label` = 'sessions' ORDER BY `django_content_type`.`name` ASC; args=('sessions',)
2015-03-05 18:32:41,680 [MainThread:7780] [django.db.backends:91] [DEBUG]- (0.001) SHOW TABLES; args=None
2015-03-05 18:32:41,680 [MainThread:7780] [django.db.backends:91] [DEBUG]- (0.000) SELECT `django_migrations`.`app`, `django_migrations`.`name` FROM `django_migrations`; args=()
2015-03-05 18:32:41,686 [MainThread:7780] [django.db.backends:91] [DEBUG]- (0.000) SELECT `django_content_type`.`id`, `django_content_type`.`name`, `django_content_type`.`app_label`, `django_content_type`.`model` FROM `django_content_type` WHERE (`django_content_type`.`model` = 'project' AND `django_content_type`.`app_label` = 'webapp') LIMIT 21; args=('project', 'webapp')
2015-03-05 18:32:41,687 [MainThread:7780] [django.db.backends:91] [DEBUG]- (0.001) SELECT `django_content_type`.`id`, `django_content_type`.`name`, `django_content_type`.`app_label`, `django_content_type`.`model` FROM `django_content_type` WHERE (`django_content_type`.`model` = 'function' AND `django_content_type`.`app_label` = 'webapp') LIMIT 21; args=('function', 'webapp')
2015-03-05 18:32:41,690 [MainThread:7780] [django.db.backends:91] [DEBUG]- (0.001) SELECT `django_content_type`.`id`, `django_content_type`.`name`, `django_content_type`.`app_label`, `django_content_type`.`model` FROM `django_content_type` WHERE (`django_content_type`.`model` = 'test_case' AND `django_content_type`.`app_label` = 'webapp') LIMIT 21; args=('test_case', 'webapp')
2015-03-05 18:32:41,691 [MainThread:7780] [django.db.backends:91] [DEBUG]- (0.000) SELECT `django_content_type`.`id`, `django_content_type`.`name`, `django_content_type`.`app_label`, `django_content_type`.`model` FROM `django_content_type` WHERE (`django_content_type`.`model` = 'test_step' AND `django_content_type`.`app_label` = 'webapp') LIMIT 21; args=('test_step', 'webapp')
2015-03-05 18:32:41,693 [MainThread:7780] [django.db.backends:91] [DEBUG]- (0.000) SELECT `django_content_type`.`id`, `django_content_type`.`name`, `django_content_type`.`app_label`, `django_content_type`.`model` FROM `django_content_type` WHERE (`django_content_type`.`model` = 'method' AND `django_content_type`.`app_label` = 'webapp') LIMIT 21; args=('method', 'webapp')
2015-03-05 18:32:41,694 [MainThread:7780] [django.db.backends:91] [DEBUG]- (0.000) SELECT `django_content_type`.`id`, `django_content_type`.`name`, `django_content_type`.`app_label`, `django_content_type`.`model` FROM `django_content_type` WHERE (`django_content_type`.`model` = 'action' AND `django_content_type`.`app_label` = 'webapp') LIMIT 21; args=('action', 'webapp')
2015-03-05 18:32:41,697 [MainThread:7780] [django.db.backends:91] [DEBUG]- (0.001) SELECT `django_content_type`.`id`, `django_content_type`.`name`, `django_content_type`.`app_label`, `django_content_type`.`model` FROM `django_content_type` WHERE (`django_content_type`.`model` = 'business_flow' AND `django_content_type`.`app_label` = 'webapp') LIMIT 21; args=('business_flow', 'webapp')
2015-03-05 18:32:41,698 [MainThread:7780] [django.db.backends:91] [DEBUG]- (0.001) SELECT `django_content_type`.`id`, `django_content_type`.`name`, `django_content_type`.`app_label`, `django_content_type`.`model` FROM `django_content_type` WHERE (`django_content_type`.`model` = 'business_flow_stp' AND `django_content_type`.`app_label` = 'webapp') LIMIT 21; args=('business_flow_stp', 'webapp')
2015-03-05 18:32:41,700 [MainThread:7780] [django.db.backends:91] [DEBUG]- (0.000) SELECT `django_content_type`.`id`, `django_content_type`.`name`, `django_content_type`.`app_label`, `django_content_type`.`model` FROM `django_content_type` WHERE (`django_content_type`.`model` = 'perform_case' AND `django_content_type`.`app_label` = 'webapp') LIMIT 21; args=('perform_case', 'webapp')
2015-03-05 18:32:41,701 [MainThread:7780] [django.db.backends:91] [DEBUG]- (0.000) SELECT `django_content_type`.`id`, `django_content_type`.`name`, `django_content_type`.`app_label`, `django_content_type`.`model` FROM `django_content_type` WHERE (`django_content_type`.`model` = 'perform_detail' AND `django_content_type`.`app_label` = 'webapp') LIMIT 21; args=('perform_detail', 'webapp')
2015-03-05 18:32:41,704 [MainThread:7780] [django.db.backends:91] [DEBUG]- (0.001) SELECT `auth_permission`.`content_type_id`, `auth_permission`.`codename` FROM `auth_permission` INNER JOIN `django_content_type` ON ( `auth_permission`.`content_type_id` = `django_content_type`.`id` ) WHERE `auth_permission`.`content_type_id` IN (7, 8, 9, 10, 11, 12, 13, 14, 17, 18) ORDER BY `django_content_type`.`app_label` ASC, `django_content_type`.`model` ASC, `auth_permission`.`codename` ASC; args=(7, 8, 9, 10, 11, 12, 13, 14, 17, 18)
2015-03-05 18:32:41,709 [MainThread:7780] [django.db.backends:91] [DEBUG]- (0.000) SHOW TABLES; args=None
2015-03-05 18:32:41,710 [MainThread:7780] [django.db.backends:91] [DEBUG]- (0.000) SELECT `django_migrations`.`app`, `django_migrations`.`name` FROM `django_migrations`; args=()
2015-03-05 18:32:41,714 [MainThread:7780] [django.db.backends:91] [DEBUG]- (0.000) SELECT `django_content_type`.`id`, `django_content_type`.`name`, `django_content_type`.`app_label`, `django_content_type`.`model` FROM `django_content_type` WHERE `django_content_type`.`app_label` = 'webapp' ORDER BY `django_content_type`.`name` ASC; args=('webapp',)
2015-03-05 18:32:41,720 [MainThread:7780] [django.db.backends:91] [DEBUG]- (0.001) SHOW TABLES; args=None
2015-03-05 18:32:41,720 [MainThread:7780] [django.db.backends:91] [DEBUG]- (0.001) SELECT `django_migrations`.`app`, `django_migrations`.`name` FROM `django_migrations`; args=()
2015-03-05 18:32:41,729 [MainThread:7780] [django.db.backends:91] [DEBUG]- (0.001) SHOW TABLES; args=None
2015-03-05 18:32:41,730 [MainThread:7780] [django.db.backends:91] [DEBUG]- (0.000) SELECT `django_migrations`.`app`, `django_migrations`.`name` FROM `django_migrations`; args=()
2015-03-05 18:32:41,734 [MainThread:7780] [django.db.backends:91] [DEBUG]- (0.000) SELECT (1) AS `a` FROM `auth_user` LIMIT 1; args=()
2015-03-05 18:32:54,187 [MainThread:5340] [django.db.backends:91] [DEBUG]- (0.000) SET SQL_AUTO_IS_NULL = 0; args=None
2015-03-05 18:32:54,188 [MainThread:5340] [django.db.backends:91] [DEBUG]- (0.001) SHOW TABLES; args=None
2015-03-05 18:32:54,191 [MainThread:5340] [django.db.backends:91] [DEBUG]- (0.000) SELECT `django_migrations`.`app`, `django_migrations`.`name` FROM `django_migrations`; args=()
2015-03-05 18:32:54,194 [MainThread:5340] [django.db.backends:91] [DEBUG]- (0.001) SHOW TABLES; args=None
2015-03-05 18:32:54,211 [MainThread:5340] [django.db.backends:91] [DEBUG]- (0.000) SET foreign_key_checks=0; args=None
2015-03-05 18:32:54,213 [MainThread:5340] [django.db.backends:91] [DEBUG]- (0.001) SET foreign_key_checks=1; args=None
2015-03-05 18:32:54,217 [MainThread:5340] [django.db.backends:91] [DEBUG]- (0.000) SET SQL_AUTO_IS_NULL = 0; args=None
2015-03-05 18:32:54,217 [MainThread:5340] [django.db.backends:91] [DEBUG]- (0.000) SET foreign_key_checks=0; args=None
2015-03-05 18:32:54,219 [MainThread:5340] [django.db.backends:91] [DEBUG]- (0.000) SET foreign_key_checks=1; args=None
2015-03-05 18:32:54,323 [MainThread:5340] [django.db.backends:91] [DEBUG]- (0.000) SET SQL_AUTO_IS_NULL = 0; args=None
2015-03-05 18:32:54,325 [MainThread:5340] [django.db.backends:91] [DEBUG]- (0.001) SHOW TABLES; args=None
2015-03-05 18:32:54,326 [MainThread:5340] [django.db.backends:91] [DEBUG]- (0.001) SELECT `django_migrations`.`app`, `django_migrations`.`name` FROM `django_migrations`; args=()
2015-03-05 18:32:54,332 [MainThread:5340] [django.db.backends:91] [DEBUG]- (0.001) SELECT `django_content_type`.`id`, `django_content_type`.`name`, `django_content_type`.`app_label`, `django_content_type`.`model` FROM `django_content_type` WHERE (`django_content_type`.`model` = 'logentry' AND `django_content_type`.`app_label` = 'admin') LIMIT 21; args=('logentry', 'admin')
2015-03-05 18:32:54,334 [MainThread:5340] [django.db.backends:91] [DEBUG]- (0.000) SELECT `auth_permission`.`content_type_id`, `auth_permission`.`codename` FROM `auth_permission` INNER JOIN `django_content_type` ON ( `auth_permission`.`content_type_id` = `django_content_type`.`id` ) WHERE `auth_permission`.`content_type_id` IN (1) ORDER BY `django_content_type`.`app_label` ASC, `django_content_type`.`model` ASC, `auth_permission`.`codename` ASC; args=(1,)
2015-03-05 18:32:54,338 [MainThread:5340] [django.db.backends:91] [DEBUG]- (0.000) SHOW TABLES; args=None
2015-03-05 18:32:54,339 [MainThread:5340] [django.db.backends:91] [DEBUG]- (0.001) SELECT `django_migrations`.`app`, `django_migrations`.`name` FROM `django_migrations`; args=()
2015-03-05 18:32:54,344 [MainThread:5340] [django.db.backends:91] [DEBUG]- (0.000) SELECT `django_content_type`.`id`, `django_content_type`.`name`, `django_content_type`.`app_label`, `django_content_type`.`model` FROM `django_content_type` WHERE `django_content_type`.`app_label` = 'admin' ORDER BY `django_content_type`.`name` ASC; args=('admin',)
2015-03-05 18:32:54,348 [MainThread:5340] [django.db.backends:91] [DEBUG]- (0.001) SHOW TABLES; args=None
2015-03-05 18:32:54,348 [MainThread:5340] [django.db.backends:91] [DEBUG]- (0.000) SELECT `django_migrations`.`app`, `django_migrations`.`name` FROM `django_migrations`; args=()
2015-03-05 18:32:54,354 [MainThread:5340] [django.db.backends:91] [DEBUG]- (0.000) SELECT `django_content_type`.`id`, `django_content_type`.`name`, `django_content_type`.`app_label`, `django_content_type`.`model` FROM `django_content_type` WHERE (`django_content_type`.`model` = 'permission' AND `django_content_type`.`app_label` = 'auth') LIMIT 21; args=('permission', 'auth')
2015-03-05 18:32:54,355 [MainThread:5340] [django.db.backends:91] [DEBUG]- (0.000) SELECT `django_content_type`.`id`, `django_content_type`.`name`, `django_content_type`.`app_label`, `django_content_type`.`model` FROM `django_content_type` WHERE (`django_content_type`.`model` = 'group' AND `django_content_type`.`app_label` = 'auth') LIMIT 21; args=('group', 'auth')
2015-03-05 18:32:54,358 [MainThread:5340] [django.db.backends:91] [DEBUG]- (0.001) SELECT `django_content_type`.`id`, `django_content_type`.`name`, `django_content_type`.`app_label`, `django_content_type`.`model` FROM `django_content_type` WHERE (`django_content_type`.`model` = 'user' AND `django_content_type`.`app_label` = 'auth') LIMIT 21; args=('user', 'auth')
2015-03-05 18:32:54,359 [MainThread:5340] [django.db.backends:91] [DEBUG]- (0.000) SELECT `auth_permission`.`content_type_id`, `auth_permission`.`codename` FROM `auth_permission` INNER JOIN `django_content_type` ON ( `auth_permission`.`content_type_id` = `django_content_type`.`id` ) WHERE `auth_permission`.`content_type_id` IN (2, 3, 4) ORDER BY `django_content_type`.`app_label` ASC, `django_content_type`.`model` ASC, `auth_permission`.`codename` ASC; args=(2, 3, 4)
2015-03-05 18:32:54,365 [MainThread:5340] [django.db.backends:91] [DEBUG]- (0.001) SHOW TABLES; args=None
2015-03-05 18:32:54,365 [MainThread:5340] [django.db.backends:91] [DEBUG]- (0.001) SELECT `django_migrations`.`app`, `django_migrations`.`name` FROM `django_migrations`; args=()
2015-03-05 18:32:54,369 [MainThread:5340] [django.db.backends:91] [DEBUG]- (0.000) SELECT `django_content_type`.`id`, `django_content_type`.`name`, `django_content_type`.`app_label`, `django_content_type`.`model` FROM `django_content_type` WHERE `django_content_type`.`app_label` = 'auth' ORDER BY `django_content_type`.`name` ASC; args=('auth',)
2015-03-05 18:32:54,375 [MainThread:5340] [django.db.backends:91] [DEBUG]- (0.000) SHOW TABLES; args=None
2015-03-05 18:32:54,375 [MainThread:5340] [django.db.backends:91] [DEBUG]- (0.001) SELECT `django_migrations`.`app`, `django_migrations`.`name` FROM `django_migrations`; args=()
2015-03-05 18:32:54,380 [MainThread:5340] [django.db.backends:91] [DEBUG]- (0.000) SELECT `django_content_type`.`id`, `django_content_type`.`name`, `django_content_type`.`app_label`, `django_content_type`.`model` FROM `django_content_type` WHERE (`django_content_type`.`model` = 'contenttype' AND `django_content_type`.`app_label` = 'contenttypes') LIMIT 21; args=('contenttype', 'contenttypes')
2015-03-05 18:32:54,381 [MainThread:5340] [django.db.backends:91] [DEBUG]- (0.000) SELECT `auth_permission`.`content_type_id`, `auth_permission`.`codename` FROM `auth_permission` INNER JOIN `django_content_type` ON ( `auth_permission`.`content_type_id` = `django_content_type`.`id` ) WHERE `auth_permission`.`content_type_id` IN (5) ORDER BY `django_content_type`.`app_label` ASC, `django_content_type`.`model` ASC, `auth_permission`.`codename` ASC; args=(5,)
2015-03-05 18:32:54,387 [MainThread:5340] [django.db.backends:91] [DEBUG]- (0.001) SHOW TABLES; args=None
2015-03-05 18:32:54,388 [MainThread:5340] [django.db.backends:91] [DEBUG]- (0.001) SELECT `django_migrations`.`app`, `django_migrations`.`name` FROM `django_migrations`; args=()
2015-03-05 18:32:54,391 [MainThread:5340] [django.db.backends:91] [DEBUG]- (0.000) SELECT `django_content_type`.`id`, `django_content_type`.`name`, `django_content_type`.`app_label`, `django_content_type`.`model` FROM `django_content_type` WHERE `django_content_type`.`app_label` = 'contenttypes' ORDER BY `django_content_type`.`name` ASC; args=('contenttypes',)
2015-03-05 18:32:54,397 [MainThread:5340] [django.db.backends:91] [DEBUG]- (0.001) SHOW TABLES; args=None
2015-03-05 18:32:54,398 [MainThread:5340] [django.db.backends:91] [DEBUG]- (0.001) SELECT `django_migrations`.`app`, `django_migrations`.`name` FROM `django_migrations`; args=()
2015-03-05 18:32:54,403 [MainThread:5340] [django.db.backends:91] [DEBUG]- (0.001) SELECT `django_content_type`.`id`, `django_content_type`.`name`, `django_content_type`.`app_label`, `django_content_type`.`model` FROM `django_content_type` WHERE (`django_content_type`.`model` = 'session' AND `django_content_type`.`app_label` = 'sessions') LIMIT 21; args=('session', 'sessions')
2015-03-05 18:32:54,404 [MainThread:5340] [django.db.backends:91] [DEBUG]- (0.000) SELECT `auth_permission`.`content_type_id`, `auth_permission`.`codename` FROM `auth_permission` INNER JOIN `django_content_type` ON ( `auth_permission`.`content_type_id` = `django_content_type`.`id` ) WHERE `auth_permission`.`content_type_id` IN (6) ORDER BY `django_content_type`.`app_label` ASC, `django_content_type`.`model` ASC, `auth_permission`.`codename` ASC; args=(6,)
2015-03-05 18:32:54,408 [MainThread:5340] [django.db.backends:91] [DEBUG]- (0.000) SHOW TABLES; args=None
2015-03-05 18:32:54,411 [MainThread:5340] [django.db.backends:91] [DEBUG]- (0.001) SELECT `django_migrations`.`app`, `django_migrations`.`name` FROM `django_migrations`; args=()
2015-03-05 18:32:54,414 [MainThread:5340] [django.db.backends:91] [DEBUG]- (0.000) SELECT `django_content_type`.`id`, `django_content_type`.`name`, `django_content_type`.`app_label`, `django_content_type`.`model` FROM `django_content_type` WHERE `django_content_type`.`app_label` = 'sessions' ORDER BY `django_content_type`.`name` ASC; args=('sessions',)
2015-03-05 18:32:54,418 [MainThread:5340] [django.db.backends:91] [DEBUG]- (0.001) SHOW TABLES; args=None
2015-03-05 18:32:54,420 [MainThread:5340] [django.db.backends:91] [DEBUG]- (0.000) SELECT `django_migrations`.`app`, `django_migrations`.`name` FROM `django_migrations`; args=()
2015-03-05 18:32:54,424 [MainThread:5340] [django.db.backends:91] [DEBUG]- (0.000) SELECT `django_content_type`.`id`, `django_content_type`.`name`, `django_content_type`.`app_label`, `django_content_type`.`model` FROM `django_content_type` WHERE (`django_content_type`.`model` = 'project' AND `django_content_type`.`app_label` = 'webapp') LIMIT 21; args=('project', 'webapp')
2015-03-05 18:32:54,427 [MainThread:5340] [django.db.backends:91] [DEBUG]- (0.000) SELECT `django_content_type`.`id`, `django_content_type`.`name`, `django_content_type`.`app_label`, `django_content_type`.`model` FROM `django_content_type` WHERE (`django_content_type`.`model` = 'function' AND `django_content_type`.`app_label` = 'webapp') LIMIT 21; args=('function', 'webapp')
2015-03-05 18:32:54,428 [MainThread:5340] [django.db.backends:91] [DEBUG]- (0.000) SELECT `django_content_type`.`id`, `django_content_type`.`name`, `django_content_type`.`app_label`, `django_content_type`.`model` FROM `django_content_type` WHERE (`django_content_type`.`model` = 'test_case' AND `django_content_type`.`app_label` = 'webapp') LIMIT 21; args=('test_case', 'webapp')
2015-03-05 18:32:54,430 [MainThread:5340] [django.db.backends:91] [DEBUG]- (0.001) SELECT `django_content_type`.`id`, `django_content_type`.`name`, `django_content_type`.`app_label`, `django_content_type`.`model` FROM `django_content_type` WHERE (`django_content_type`.`model` = 'test_step' AND `django_content_type`.`app_label` = 'webapp') LIMIT 21; args=('test_step', 'webapp')
2015-03-05 18:32:54,433 [MainThread:5340] [django.db.backends:91] [DEBUG]- (0.001) SELECT `django_content_type`.`id`, `django_content_type`.`name`, `django_content_type`.`app_label`, `django_content_type`.`model` FROM `django_content_type` WHERE (`django_content_type`.`model` = 'method' AND `django_content_type`.`app_label` = 'webapp') LIMIT 21; args=('method', 'webapp')
2015-03-05 18:32:54,434 [MainThread:5340] [django.db.backends:91] [DEBUG]- (0.000) SELECT `django_content_type`.`id`, `django_content_type`.`name`, `django_content_type`.`app_label`, `django_content_type`.`model` FROM `django_content_type` WHERE (`django_content_type`.`model` = 'action' AND `django_content_type`.`app_label` = 'webapp') LIMIT 21; args=('action', 'webapp')
2015-03-05 18:32:54,436 [MainThread:5340] [django.db.backends:91] [DEBUG]- (0.000) SELECT `django_content_type`.`id`, `django_content_type`.`name`, `django_content_type`.`app_label`, `django_content_type`.`model` FROM `django_content_type` WHERE (`django_content_type`.`model` = 'business_flow' AND `django_content_type`.`app_label` = 'webapp') LIMIT 21; args=('business_flow', 'webapp')
2015-03-05 18:32:54,437 [MainThread:5340] [django.db.backends:91] [DEBUG]- (0.000) SELECT `django_content_type`.`id`, `django_content_type`.`name`, `django_content_type`.`app_label`, `django_content_type`.`model` FROM `django_content_type` WHERE (`django_content_type`.`model` = 'business_flow_stp' AND `django_content_type`.`app_label` = 'webapp') LIMIT 21; args=('business_flow_stp', 'webapp')
2015-03-05 18:32:54,440 [MainThread:5340] [django.db.backends:91] [DEBUG]- (0.001) SELECT `django_content_type`.`id`, `django_content_type`.`name`, `django_content_type`.`app_label`, `django_content_type`.`model` FROM `django_content_type` WHERE (`django_content_type`.`model` = 'perform_case' AND `django_content_type`.`app_label` = 'webapp') LIMIT 21; args=('perform_case', 'webapp')
2015-03-05 18:32:54,441 [MainThread:5340] [django.db.backends:91] [DEBUG]- (0.001) SELECT `django_content_type`.`id`, `django_content_type`.`name`, `django_content_type`.`app_label`, `django_content_type`.`model` FROM `django_content_type` WHERE (`django_content_type`.`model` = 'perform_detail' AND `django_content_type`.`app_label` = 'webapp') LIMIT 21; args=('perform_detail', 'webapp')
2015-03-05 18:32:54,444 [MainThread:5340] [django.db.backends:91] [DEBUG]- (0.001) SELECT `auth_permission`.`content_type_id`, `auth_permission`.`codename` FROM `auth_permission` INNER JOIN `django_content_type` ON ( `auth_permission`.`content_type_id` = `django_content_type`.`id` ) WHERE `auth_permission`.`content_type_id` IN (7, 8, 9, 10, 11, 12, 13, 14, 17, 18) ORDER BY `django_content_type`.`app_label` ASC, `django_content_type`.`model` ASC, `auth_permission`.`codename` ASC; args=(7, 8, 9, 10, 11, 12, 13, 14, 17, 18)
2015-03-05 18:32:54,448 [MainThread:5340] [django.db.backends:91] [DEBUG]- (0.001) SHOW TABLES; args=None
2015-03-05 18:32:54,450 [MainThread:5340] [django.db.backends:91] [DEBUG]- (0.001) SELECT `django_migrations`.`app`, `django_migrations`.`name` FROM `django_migrations`; args=()
2015-03-05 18:32:54,453 [MainThread:5340] [django.db.backends:91] [DEBUG]- (0.000) SELECT `django_content_type`.`id`, `django_content_type`.`name`, `django_content_type`.`app_label`, `django_content_type`.`model` FROM `django_content_type` WHERE `django_content_type`.`app_label` = 'webapp' ORDER BY `django_content_type`.`name` ASC; args=('webapp',)
2015-03-05 18:32:54,459 [MainThread:5340] [django.db.backends:91] [DEBUG]- (0.001) SHOW TABLES; args=None
2015-03-05 18:32:54,460 [MainThread:5340] [django.db.backends:91] [DEBUG]- (0.000) SELECT `django_migrations`.`app`, `django_migrations`.`name` FROM `django_migrations`; args=()
2015-03-05 18:32:54,467 [MainThread:5340] [django.db.backends:91] [DEBUG]- (0.001) SHOW TABLES; args=None
2015-03-05 18:32:54,469 [MainThread:5340] [django.db.backends:91] [DEBUG]- (0.000) SELECT `django_migrations`.`app`, `django_migrations`.`name` FROM `django_migrations`; args=()
2015-03-05 18:33:09,969 [Thread-14:2316] [django.db.backends:91] [DEBUG]- (0.000) SET SQL_AUTO_IS_NULL = 0; args=None
2015-03-05 18:33:09,970 [Thread-14:2316] [django.db.backends:91] [DEBUG]- (0.001) INSERT INTO `webapp_test_case` (`name`, `date`, `case_nature`, `category`, `function_id`) VALUES ('百度测试', '2015-03-05 10:33:09', '正案例', '测试用例', NULL); args=[u'\u767e\u5ea6\u6d4b\u8bd5', u'2015-03-05 10:33:09', u'\u6b63\u6848\u4f8b', '\xe6\xb5\x8b\xe8\xaf\x95\xe7\x94\xa8\xe4\xbe\x8b', None]
2015-03-05 18:33:10,007 [Thread-14:2316] [django.db.backends:91] [DEBUG]- (0.001) SELECT `webapp_test_case`.`id`, `webapp_test_case`.`name`, `webapp_test_case`.`date`, `webapp_test_case`.`case_nature`, `webapp_test_case`.`category`, `webapp_test_case`.`function_id` FROM `webapp_test_case` WHERE `webapp_test_case`.`name` = '百度测试' LIMIT 21; args=(u'\u767e\u5ea6\u6d4b\u8bd5',)
2015-03-05 18:33:10,007 [Thread-14:2316] [django.request:231] [ERROR]- Internal Server Error: /add/
Traceback (most recent call last):
  File "C:\Python27\lib\site-packages\django\core\handlers\base.py", line 111, in get_response
    response = wrapped_callback(request, *callback_args, **callback_kwargs)
  File "D:\Project\autotest\webapp\views.py", line 188, in add_case
    for_step = Test_Case.objects.get(name=req.POST['casename'])
  File "C:\Python27\lib\site-packages\django\db\models\manager.py", line 92, in manager_method
    return getattr(self.get_queryset(), name)(*args, **kwargs)
  File "C:\Python27\lib\site-packages\django\db\models\query.py", line 361, in get
    num if num <= MAX_GET_RESULTS else 'more than %s' % MAX_GET_RESULTS
MultipleObjectsReturned: get() returned more than one Test_Case -- it returned 3!
2015-03-05 18:33:10,056 [Thread-14:2316] [django.db.backends:91] [DEBUG]- (0.001) SELECT `webapp_test_case`.`id`, `webapp_test_case`.`name`, `webapp_test_case`.`date`, `webapp_test_case`.`case_nature`, `webapp_test_case`.`category`, `webapp_test_case`.`function_id` FROM `webapp_test_case` WHERE `webapp_test_case`.`name` = '百度测试' LIMIT 21; args=(u'\u767e\u5ea6\u6d4b\u8bd5',)
2015-03-05 18:33:10,062 [Thread-14:2316] [django.db.backends:91] [DEBUG]- (0.000) SELECT `webapp_test_case`.`id`, `webapp_test_case`.`name`, `webapp_test_case`.`date`, `webapp_test_case`.`case_nature`, `webapp_test_case`.`category`, `webapp_test_case`.`function_id` FROM `webapp_test_case` LIMIT 21; args=()
2015-03-05 18:34:12,180 [MainThread:2480] [django.db.backends:91] [DEBUG]- (0.000) SET SQL_AUTO_IS_NULL = 0; args=None
2015-03-05 18:34:12,181 [MainThread:2480] [django.db.backends:91] [DEBUG]- (0.001) SHOW TABLES; args=None
2015-03-05 18:34:12,184 [MainThread:2480] [django.db.backends:91] [DEBUG]- (0.000) SELECT `django_migrations`.`app`, `django_migrations`.`name` FROM `django_migrations`; args=()
2015-03-05 18:34:12,187 [MainThread:2480] [django.db.backends:91] [DEBUG]- (0.001) SHOW TABLES; args=None
2015-03-05 18:34:12,204 [MainThread:2480] [django.db.backends:91] [DEBUG]- (0.000) SET foreign_key_checks=0; args=None
2015-03-05 18:34:12,207 [MainThread:2480] [django.db.backends:91] [DEBUG]- (0.001) SET foreign_key_checks=1; args=None
2015-03-05 18:34:12,210 [MainThread:2480] [django.db.backends:91] [DEBUG]- (0.000) SET SQL_AUTO_IS_NULL = 0; args=None
2015-03-05 18:34:12,210 [MainThread:2480] [django.db.backends:91] [DEBUG]- (0.000) SET foreign_key_checks=0; args=None
2015-03-05 18:34:12,211 [MainThread:2480] [django.db.backends:91] [DEBUG]- (0.000) SET foreign_key_checks=1; args=None
2015-03-05 18:34:12,321 [MainThread:2480] [django.db.backends:91] [DEBUG]- (0.000) SET SQL_AUTO_IS_NULL = 0; args=None
2015-03-05 18:34:12,322 [MainThread:2480] [django.db.backends:91] [DEBUG]- (0.001) SHOW TABLES; args=None
2015-03-05 18:34:12,322 [MainThread:2480] [django.db.backends:91] [DEBUG]- (0.000) SELECT `django_migrations`.`app`, `django_migrations`.`name` FROM `django_migrations`; args=()
2015-03-05 18:34:12,328 [MainThread:2480] [django.db.backends:91] [DEBUG]- (0.000) SELECT `django_content_type`.`id`, `django_content_type`.`name`, `django_content_type`.`app_label`, `django_content_type`.`model` FROM `django_content_type` WHERE (`django_content_type`.`model` = 'logentry' AND `django_content_type`.`app_label` = 'admin') LIMIT 21; args=('logentry', 'admin')
2015-03-05 18:34:12,331 [MainThread:2480] [django.db.backends:91] [DEBUG]- (0.001) SELECT `auth_permission`.`content_type_id`, `auth_permission`.`codename` FROM `auth_permission` INNER JOIN `django_content_type` ON ( `auth_permission`.`content_type_id` = `django_content_type`.`id` ) WHERE `auth_permission`.`content_type_id` IN (1) ORDER BY `django_content_type`.`app_label` ASC, `django_content_type`.`model` ASC, `auth_permission`.`codename` ASC; args=(1,)
2015-03-05 18:34:12,335 [MainThread:2480] [django.db.backends:91] [DEBUG]- (0.001) SHOW TABLES; args=None
2015-03-05 18:34:12,335 [MainThread:2480] [django.db.backends:91] [DEBUG]- (0.000) SELECT `django_migrations`.`app`, `django_migrations`.`name` FROM `django_migrations`; args=()
2015-03-05 18:34:12,339 [MainThread:2480] [django.db.backends:91] [DEBUG]- (0.000) SELECT `django_content_type`.`id`, `django_content_type`.`name`, `django_content_type`.`app_label`, `django_content_type`.`model` FROM `django_content_type` WHERE `django_content_type`.`app_label` = 'admin' ORDER BY `django_content_type`.`name` ASC; args=('admin',)
2015-03-05 18:34:12,344 [MainThread:2480] [django.db.backends:91] [DEBUG]- (0.000) SHOW TABLES; args=None
2015-03-05 18:34:12,345 [MainThread:2480] [django.db.backends:91] [DEBUG]- (0.001) SELECT `django_migrations`.`app`, `django_migrations`.`name` FROM `django_migrations`; args=()
2015-03-05 18:34:12,349 [MainThread:2480] [django.db.backends:91] [DEBUG]- (0.000) SELECT `django_content_type`.`id`, `django_content_type`.`name`, `django_content_type`.`app_label`, `django_content_type`.`model` FROM `django_content_type` WHERE (`django_content_type`.`model` = 'permission' AND `django_content_type`.`app_label` = 'auth') LIMIT 21; args=('permission', 'auth')
2015-03-05 18:34:12,351 [MainThread:2480] [django.db.backends:91] [DEBUG]- (0.000) SELECT `django_content_type`.`id`, `django_content_type`.`name`, `django_content_type`.`app_label`, `django_content_type`.`model` FROM `django_content_type` WHERE (`django_content_type`.`model` = 'group' AND `django_content_type`.`app_label` = 'auth') LIMIT 21; args=('group', 'auth')
2015-03-05 18:34:12,354 [MainThread:2480] [django.db.backends:91] [DEBUG]- (0.001) SELECT `django_content_type`.`id`, `django_content_type`.`name`, `django_content_type`.`app_label`, `django_content_type`.`model` FROM `django_content_type` WHERE (`django_content_type`.`model` = 'user' AND `django_content_type`.`app_label` = 'auth') LIMIT 21; args=('user', 'auth')
2015-03-05 18:34:12,355 [MainThread:2480] [django.db.backends:91] [DEBUG]- (0.000) SELECT `auth_permission`.`content_type_id`, `auth_permission`.`codename` FROM `auth_permission` INNER JOIN `django_content_type` ON ( `auth_permission`.`content_type_id` = `django_content_type`.`id` ) WHERE `auth_permission`.`content_type_id` IN (2, 3, 4) ORDER BY `django_content_type`.`app_label` ASC, `django_content_type`.`model` ASC, `auth_permission`.`codename` ASC; args=(2, 3, 4)
2015-03-05 18:34:12,359 [MainThread:2480] [django.db.backends:91] [DEBUG]- (0.000) SHOW TABLES; args=None
2015-03-05 18:34:12,361 [MainThread:2480] [django.db.backends:91] [DEBUG]- (0.001) SELECT `django_migrations`.`app`, `django_migrations`.`name` FROM `django_migrations`; args=()
2015-03-05 18:34:12,365 [MainThread:2480] [django.db.backends:91] [DEBUG]- (0.000) SELECT `django_content_type`.`id`, `django_content_type`.`name`, `django_content_type`.`app_label`, `django_content_type`.`model` FROM `django_content_type` WHERE `django_content_type`.`app_label` = 'auth' ORDER BY `django_content_type`.`name` ASC; args=('auth',)
2015-03-05 18:34:12,369 [MainThread:2480] [django.db.backends:91] [DEBUG]- (0.001) SHOW TABLES; args=None
2015-03-05 18:34:12,371 [MainThread:2480] [django.db.backends:91] [DEBUG]- (0.000) SELECT `django_migrations`.`app`, `django_migrations`.`name` FROM `django_migrations`; args=()
2015-03-05 18:34:12,375 [MainThread:2480] [django.db.backends:91] [DEBUG]- (0.001) SELECT `django_content_type`.`id`, `django_content_type`.`name`, `django_content_type`.`app_label`, `django_content_type`.`model` FROM `django_content_type` WHERE (`django_content_type`.`model` = 'contenttype' AND `django_content_type`.`app_label` = 'contenttypes') LIMIT 21; args=('contenttype', 'contenttypes')
2015-03-05 18:34:12,378 [MainThread:2480] [django.db.backends:91] [DEBUG]- (0.000) SELECT `auth_permission`.`content_type_id`, `auth_permission`.`codename` FROM `auth_permission` INNER JOIN `django_content_type` ON ( `auth_permission`.`content_type_id` = `django_content_type`.`id` ) WHERE `auth_permission`.`content_type_id` IN (5) ORDER BY `django_content_type`.`app_label` ASC, `django_content_type`.`model` ASC, `auth_permission`.`codename` ASC; args=(5,)
2015-03-05 18:34:12,381 [MainThread:2480] [django.db.backends:91] [DEBUG]- (0.001) SHOW TABLES; args=None
2015-03-05 18:34:12,382 [MainThread:2480] [django.db.backends:91] [DEBUG]- (0.000) SELECT `django_migrations`.`app`, `django_migrations`.`name` FROM `django_migrations`; args=()
2015-03-05 18:34:12,388 [MainThread:2480] [django.db.backends:91] [DEBUG]- (0.001) SELECT `django_content_type`.`id`, `django_content_type`.`name`, `django_content_type`.`app_label`, `django_content_type`.`model` FROM `django_content_type` WHERE `django_content_type`.`app_label` = 'contenttypes' ORDER BY `django_content_type`.`name` ASC; args=('contenttypes',)
2015-03-05 18:34:12,391 [MainThread:2480] [django.db.backends:91] [DEBUG]- (0.001) SHOW TABLES; args=None
2015-03-05 18:34:12,392 [MainThread:2480] [django.db.backends:91] [DEBUG]- (0.000) SELECT `django_migrations`.`app`, `django_migrations`.`name` FROM `django_migrations`; args=()
2015-03-05 18:34:12,398 [MainThread:2480] [django.db.backends:91] [DEBUG]- (0.001) SELECT `django_content_type`.`id`, `django_content_type`.`name`, `django_content_type`.`app_label`, `django_content_type`.`model` FROM `django_content_type` WHERE (`django_content_type`.`model` = 'session' AND `django_content_type`.`app_label` = 'sessions') LIMIT 21; args=('session', 'sessions')
2015-03-05 18:34:12,400 [MainThread:2480] [django.db.backends:91] [DEBUG]- (0.001) SELECT `auth_permission`.`content_type_id`, `auth_permission`.`codename` FROM `auth_permission` INNER JOIN `django_content_type` ON ( `auth_permission`.`content_type_id` = `django_content_type`.`id` ) WHERE `auth_permission`.`content_type_id` IN (6) ORDER BY `django_content_type`.`app_label` ASC, `django_content_type`.`model` ASC, `auth_permission`.`codename` ASC; args=(6,)
2015-03-05 18:34:12,404 [MainThread:2480] [django.db.backends:91] [DEBUG]- (0.001) SHOW TABLES; args=None
2015-03-05 18:34:12,404 [MainThread:2480] [django.db.backends:91] [DEBUG]- (0.000) SELECT `django_migrations`.`app`, `django_migrations`.`name` FROM `django_migrations`; args=()
2015-03-05 18:34:12,410 [MainThread:2480] [django.db.backends:91] [DEBUG]- (0.001) SELECT `django_content_type`.`id`, `django_content_type`.`name`, `django_content_type`.`app_label`, `django_content_type`.`model` FROM `django_content_type` WHERE `django_content_type`.`app_label` = 'sessions' ORDER BY `django_content_type`.`name` ASC; args=('sessions',)
2015-03-05 18:34:12,414 [MainThread:2480] [django.db.backends:91] [DEBUG]- (0.001) SHOW TABLES; args=None
2015-03-05 18:34:12,414 [MainThread:2480] [django.db.backends:91] [DEBUG]- (0.000) SELECT `django_migrations`.`app`, `django_migrations`.`name` FROM `django_migrations`; args=()
2015-03-05 18:34:12,420 [MainThread:2480] [django.db.backends:91] [DEBUG]- (0.001) SELECT `django_content_type`.`id`, `django_content_type`.`name`, `django_content_type`.`app_label`, `django_content_type`.`model` FROM `django_content_type` WHERE (`django_content_type`.`model` = 'project' AND `django_content_type`.`app_label` = 'webapp') LIMIT 21; args=('project', 'webapp')
2015-03-05 18:34:12,421 [MainThread:2480] [django.db.backends:91] [DEBUG]- (0.001) SELECT `django_content_type`.`id`, `django_content_type`.`name`, `django_content_type`.`app_label`, `django_content_type`.`model` FROM `django_content_type` WHERE (`django_content_type`.`model` = 'function' AND `django_content_type`.`app_label` = 'webapp') LIMIT 21; args=('function', 'webapp')
2015-03-05 18:34:12,423 [MainThread:2480] [django.db.backends:91] [DEBUG]- (0.000) SELECT `django_content_type`.`id`, `django_content_type`.`name`, `django_content_type`.`app_label`, `django_content_type`.`model` FROM `django_content_type` WHERE (`django_content_type`.`model` = 'test_case' AND `django_content_type`.`app_label` = 'webapp') LIMIT 21; args=('test_case', 'webapp')
2015-03-05 18:34:12,424 [MainThread:2480] [django.db.backends:91] [DEBUG]- (0.000) SELECT `django_content_type`.`id`, `django_content_type`.`name`, `django_content_type`.`app_label`, `django_content_type`.`model` FROM `django_content_type` WHERE (`django_content_type`.`model` = 'test_step' AND `django_content_type`.`app_label` = 'webapp') LIMIT 21; args=('test_step', 'webapp')
2015-03-05 18:34:12,427 [MainThread:2480] [django.db.backends:91] [DEBUG]- (0.000) SELECT `django_content_type`.`id`, `django_content_type`.`name`, `django_content_type`.`app_label`, `django_content_type`.`model` FROM `django_content_type` WHERE (`django_content_type`.`model` = 'method' AND `django_content_type`.`app_label` = 'webapp') LIMIT 21; args=('method', 'webapp')
2015-03-05 18:34:12,428 [MainThread:2480] [django.db.backends:91] [DEBUG]- (0.001) SELECT `django_content_type`.`id`, `django_content_type`.`name`, `django_content_type`.`app_label`, `django_content_type`.`model` FROM `django_content_type` WHERE (`django_content_type`.`model` = 'action' AND `django_content_type`.`app_label` = 'webapp') LIMIT 21; args=('action', 'webapp')
2015-03-05 18:34:12,430 [MainThread:2480] [django.db.backends:91] [DEBUG]- (0.000) SELECT `django_content_type`.`id`, `django_content_type`.`name`, `django_content_type`.`app_label`, `django_content_type`.`model` FROM `django_content_type` WHERE (`django_content_type`.`model` = 'business_flow' AND `django_content_type`.`app_label` = 'webapp') LIMIT 21; args=('business_flow', 'webapp')
2015-03-05 18:34:12,431 [MainThread:2480] [django.db.backends:91] [DEBUG]- (0.000) SELECT `django_content_type`.`id`, `django_content_type`.`name`, `django_content_type`.`app_label`, `django_content_type`.`model` FROM `django_content_type` WHERE (`django_content_type`.`model` = 'business_flow_stp' AND `django_content_type`.`app_label` = 'webapp') LIMIT 21; args=('business_flow_stp', 'webapp')
2015-03-05 18:34:12,434 [MainThread:2480] [django.db.backends:91] [DEBUG]- (0.000) SELECT `django_content_type`.`id`, `django_content_type`.`name`, `django_content_type`.`app_label`, `django_content_type`.`model` FROM `django_content_type` WHERE (`django_content_type`.`model` = 'perform_case' AND `django_content_type`.`app_label` = 'webapp') LIMIT 21; args=('perform_case', 'webapp')
2015-03-05 18:34:12,436 [MainThread:2480] [django.db.backends:91] [DEBUG]- (0.001) SELECT `django_content_type`.`id`, `django_content_type`.`name`, `django_content_type`.`app_label`, `django_content_type`.`model` FROM `django_content_type` WHERE (`django_content_type`.`model` = 'perform_detail' AND `django_content_type`.`app_label` = 'webapp') LIMIT 21; args=('perform_detail', 'webapp')
2015-03-05 18:34:12,437 [MainThread:2480] [django.db.backends:91] [DEBUG]- (0.001) SELECT `auth_permission`.`content_type_id`, `auth_permission`.`codename` FROM `auth_permission` INNER JOIN `django_content_type` ON ( `auth_permission`.`content_type_id` = `django_content_type`.`id` ) WHERE `auth_permission`.`content_type_id` IN (7, 8, 9, 10, 11, 12, 13, 14, 17, 18) ORDER BY `django_content_type`.`app_label` ASC, `django_content_type`.`model` ASC, `auth_permission`.`codename` ASC; args=(7, 8, 9, 10, 11, 12, 13, 14, 17, 18)
2015-03-05 18:34:12,443 [MainThread:2480] [django.db.backends:91] [DEBUG]- (0.001) SHOW TABLES; args=None
2015-03-05 18:34:12,444 [MainThread:2480] [django.db.backends:91] [DEBUG]- (0.000) SELECT `django_migrations`.`app`, `django_migrations`.`name` FROM `django_migrations`; args=()
2015-03-05 18:34:12,448 [MainThread:2480] [django.db.backends:91] [DEBUG]- (0.000) SELECT `django_content_type`.`id`, `django_content_type`.`name`, `django_content_type`.`app_label`, `django_content_type`.`model` FROM `django_content_type` WHERE `django_content_type`.`app_label` = 'webapp' ORDER BY `django_content_type`.`name` ASC; args=('webapp',)
2015-03-05 18:34:12,453 [MainThread:2480] [django.db.backends:91] [DEBUG]- (0.001) SHOW TABLES; args=None
2015-03-05 18:34:12,453 [MainThread:2480] [django.db.backends:91] [DEBUG]- (0.000) SELECT `django_migrations`.`app`, `django_migrations`.`name` FROM `django_migrations`; args=()
2015-03-05 18:34:12,461 [MainThread:2480] [django.db.backends:91] [DEBUG]- (0.001) SHOW TABLES; args=None
2015-03-05 18:34:12,463 [MainThread:2480] [django.db.backends:91] [DEBUG]- (0.000) SELECT `django_migrations`.`app`, `django_migrations`.`name` FROM `django_migrations`; args=()
2015-03-05 18:36:11,193 [Dummy-1:5960] [django.db.backends:91] [DEBUG]- (0.000) SET SQL_AUTO_IS_NULL = 0; args=None
2015-03-05 18:36:11,197 [Dummy-1:5960] [django.db.backends:91] [DEBUG]- (0.001) SHOW TABLES; args=None
2015-03-05 18:36:11,206 [Dummy-1:5960] [django.db.backends:91] [DEBUG]- (0.002) SELECT `django_migrations`.`app`, `django_migrations`.`name` FROM `django_migrations`; args=()
2015-03-05 18:36:14,733 [MainThread:8176] [django.db.backends:91] [DEBUG]- (0.000) SET SQL_AUTO_IS_NULL = 0; args=None
2015-03-05 18:36:14,734 [MainThread:8176] [django.db.backends:91] [DEBUG]- (0.001) SHOW TABLES; args=None
2015-03-05 18:36:14,737 [MainThread:8176] [django.db.backends:91] [DEBUG]- (0.000) SELECT `django_migrations`.`app`, `django_migrations`.`name` FROM `django_migrations`; args=()
2015-03-05 18:36:14,740 [MainThread:8176] [django.db.backends:91] [DEBUG]- (0.001) SHOW TABLES; args=None
2015-03-05 18:36:14,759 [MainThread:8176] [django.db.backends:91] [DEBUG]- (0.000) SET foreign_key_checks=0; args=None
2015-03-05 18:36:14,762 [MainThread:8176] [django.db.backends:91] [DEBUG]- (0.000) SET foreign_key_checks=1; args=None
2015-03-05 18:36:14,765 [MainThread:8176] [django.db.backends:91] [DEBUG]- (0.000) SET SQL_AUTO_IS_NULL = 0; args=None
2015-03-05 18:36:14,766 [MainThread:8176] [django.db.backends:91] [DEBUG]- (0.000) SET foreign_key_checks=0; args=None
2015-03-05 18:36:14,766 [MainThread:8176] [django.db.backends:91] [DEBUG]- (0.000) SET foreign_key_checks=1; args=None
2015-03-05 18:36:14,872 [MainThread:8176] [django.db.backends:91] [DEBUG]- (0.001) SET SQL_AUTO_IS_NULL = 0; args=None
2015-03-05 18:36:14,874 [MainThread:8176] [django.db.backends:91] [DEBUG]- (0.001) SHOW TABLES; args=None
2015-03-05 18:36:14,875 [MainThread:8176] [django.db.backends:91] [DEBUG]- (0.000) SELECT `django_migrations`.`app`, `django_migrations`.`name` FROM `django_migrations`; args=()
2015-03-05 18:36:14,880 [MainThread:8176] [django.db.backends:91] [DEBUG]- (0.000) SELECT `django_content_type`.`id`, `django_content_type`.`name`, `django_content_type`.`app_label`, `django_content_type`.`model` FROM `django_content_type` WHERE (`django_content_type`.`model` = 'logentry' AND `django_content_type`.`app_label` = 'admin') LIMIT 21; args=('logentry', 'admin')
2015-03-05 18:36:14,882 [MainThread:8176] [django.db.backends:91] [DEBUG]- (0.001) SELECT `auth_permission`.`content_type_id`, `auth_permission`.`codename` FROM `auth_permission` INNER JOIN `django_content_type` ON ( `auth_permission`.`content_type_id` = `django_content_type`.`id` ) WHERE `auth_permission`.`content_type_id` IN (1) ORDER BY `django_content_type`.`app_label` ASC, `django_content_type`.`model` ASC, `auth_permission`.`codename` ASC; args=(1,)
2015-03-05 18:36:14,888 [MainThread:8176] [django.db.backends:91] [DEBUG]- (0.000) SHOW TABLES; args=None
2015-03-05 18:36:14,888 [MainThread:8176] [django.db.backends:91] [DEBUG]- (0.001) SELECT `django_migrations`.`app`, `django_migrations`.`name` FROM `django_migrations`; args=()
2015-03-05 18:36:14,892 [MainThread:8176] [django.db.backends:91] [DEBUG]- (0.000) SELECT `django_content_type`.`id`, `django_content_type`.`name`, `django_content_type`.`app_label`, `django_content_type`.`model` FROM `django_content_type` WHERE `django_content_type`.`app_label` = 'admin' ORDER BY `django_content_type`.`name` ASC; args=('admin',)
2015-03-05 18:36:14,898 [MainThread:8176] [django.db.backends:91] [DEBUG]- (0.001) SHOW TABLES; args=None
2015-03-05 18:36:14,898 [MainThread:8176] [django.db.backends:91] [DEBUG]- (0.001) SELECT `django_migrations`.`app`, `django_migrations`.`name` FROM `django_migrations`; args=()
2015-03-05 18:36:14,904 [MainThread:8176] [django.db.backends:91] [DEBUG]- (0.001) SELECT `django_content_type`.`id`, `django_content_type`.`name`, `django_content_type`.`app_label`, `django_content_type`.`model` FROM `django_content_type` WHERE (`django_content_type`.`model` = 'permission' AND `django_content_type`.`app_label` = 'auth') LIMIT 21; args=('permission', 'auth')
2015-03-05 18:36:14,905 [MainThread:8176] [django.db.backends:91] [DEBUG]- (0.001) SELECT `django_content_type`.`id`, `django_content_type`.`name`, `django_content_type`.`app_label`, `django_content_type`.`model` FROM `django_content_type` WHERE (`django_content_type`.`model` = 'group' AND `django_content_type`.`app_label` = 'auth') LIMIT 21; args=('group', 'auth')
2015-03-05 18:36:14,907 [MainThread:8176] [django.db.backends:91] [DEBUG]- (0.000) SELECT `django_content_type`.`id`, `django_content_type`.`name`, `django_content_type`.`app_label`, `django_content_type`.`model` FROM `django_content_type` WHERE (`django_content_type`.`model` = 'user' AND `django_content_type`.`app_label` = 'auth') LIMIT 21; args=('user', 'auth')
2015-03-05 18:36:14,910 [MainThread:8176] [django.db.backends:91] [DEBUG]- (0.001) SELECT `auth_permission`.`content_type_id`, `auth_permission`.`codename` FROM `auth_permission` INNER JOIN `django_content_type` ON ( `auth_permission`.`content_type_id` = `django_content_type`.`id` ) WHERE `auth_permission`.`content_type_id` IN (2, 3, 4) ORDER BY `django_content_type`.`app_label` ASC, `django_content_type`.`model` ASC, `auth_permission`.`codename` ASC; args=(2, 3, 4)
2015-03-05 18:36:14,914 [MainThread:8176] [django.db.backends:91] [DEBUG]- (0.000) SHOW TABLES; args=None
2015-03-05 18:36:14,914 [MainThread:8176] [django.db.backends:91] [DEBUG]- (0.000) SELECT `django_migrations`.`app`, `django_migrations`.`name` FROM `django_migrations`; args=()
2015-03-05 18:36:14,920 [MainThread:8176] [django.db.backends:91] [DEBUG]- (0.001) SELECT `django_content_type`.`id`, `django_content_type`.`name`, `django_content_type`.`app_label`, `django_content_type`.`model` FROM `django_content_type` WHERE `django_content_type`.`app_label` = 'auth' ORDER BY `django_content_type`.`name` ASC; args=('auth',)
2015-03-05 18:36:14,924 [MainThread:8176] [django.db.backends:91] [DEBUG]- (0.001) SHOW TABLES; args=None
2015-03-05 18:36:14,924 [MainThread:8176] [django.db.backends:91] [DEBUG]- (0.000) SELECT `django_migrations`.`app`, `django_migrations`.`name` FROM `django_migrations`; args=()
2015-03-05 18:36:14,930 [MainThread:8176] [django.db.backends:91] [DEBUG]- (0.000) SELECT `django_content_type`.`id`, `django_content_type`.`name`, `django_content_type`.`app_label`, `django_content_type`.`model` FROM `django_content_type` WHERE (`django_content_type`.`model` = 'contenttype' AND `django_content_type`.`app_label` = 'contenttypes') LIMIT 21; args=('contenttype', 'contenttypes')
2015-03-05 18:36:14,933 [MainThread:8176] [django.db.backends:91] [DEBUG]- (0.001) SELECT `auth_permission`.`content_type_id`, `auth_permission`.`codename` FROM `auth_permission` INNER JOIN `django_content_type` ON ( `auth_permission`.`content_type_id` = `django_content_type`.`id` ) WHERE `auth_permission`.`content_type_id` IN (5) ORDER BY `django_content_type`.`app_label` ASC, `django_content_type`.`model` ASC, `auth_permission`.`codename` ASC; args=(5,)
2015-03-05 18:36:14,937 [MainThread:8176] [django.db.backends:91] [DEBUG]- (0.001) SHOW TABLES; args=None
2015-03-05 18:36:14,937 [MainThread:8176] [django.db.backends:91] [DEBUG]- (0.000) SELECT `django_migrations`.`app`, `django_migrations`.`name` FROM `django_migrations`; args=()
2015-03-05 18:36:14,943 [MainThread:8176] [django.db.backends:91] [DEBUG]- (0.001) SELECT `django_content_type`.`id`, `django_content_type`.`name`, `django_content_type`.`app_label`, `django_content_type`.`model` FROM `django_content_type` WHERE `django_content_type`.`app_label` = 'contenttypes' ORDER BY `django_content_type`.`name` ASC; args=('contenttypes',)
2015-03-05 18:36:14,947 [MainThread:8176] [django.db.backends:91] [DEBUG]- (0.001) SHOW TABLES; args=None
2015-03-05 18:36:14,947 [MainThread:8176] [django.db.backends:91] [DEBUG]- (0.000) SELECT `django_migrations`.`app`, `django_migrations`.`name` FROM `django_migrations`; args=()
2015-03-05 18:36:14,953 [MainThread:8176] [django.db.backends:91] [DEBUG]- (0.000) SELECT `django_content_type`.`id`, `django_content_type`.`name`, `django_content_type`.`app_label`, `django_content_type`.`model` FROM `django_content_type` WHERE (`django_content_type`.`model` = 'session' AND `django_content_type`.`app_label` = 'sessions') LIMIT 21; args=('session', 'sessions')
2015-03-05 18:36:14,957 [MainThread:8176] [django.db.backends:91] [DEBUG]- (0.001) SELECT `auth_permission`.`content_type_id`, `auth_permission`.`codename` FROM `auth_permission` INNER JOIN `django_content_type` ON ( `auth_permission`.`content_type_id` = `django_content_type`.`id` ) WHERE `auth_permission`.`content_type_id` IN (6) ORDER BY `django_content_type`.`app_label` ASC, `django_content_type`.`model` ASC, `auth_permission`.`codename` ASC; args=(6,)
2015-03-05 18:36:14,963 [MainThread:8176] [django.db.backends:91] [DEBUG]- (0.001) SHOW TABLES; args=None
2015-03-05 18:36:14,963 [MainThread:8176] [django.db.backends:91] [DEBUG]- (0.001) SELECT `django_migrations`.`app`, `django_migrations`.`name` FROM `django_migrations`; args=()
2015-03-05 18:36:14,967 [MainThread:8176] [django.db.backends:91] [DEBUG]- (0.000) SELECT `django_content_type`.`id`, `django_content_type`.`name`, `django_content_type`.`app_label`, `django_content_type`.`model` FROM `django_content_type` WHERE `django_content_type`.`app_label` = 'sessions' ORDER BY `django_content_type`.`name` ASC; args=('sessions',)
2015-03-05 18:36:14,973 [MainThread:8176] [django.db.backends:91] [DEBUG]- (0.001) SHOW TABLES; args=None
2015-03-05 18:36:14,973 [MainThread:8176] [django.db.backends:91] [DEBUG]- (0.001) SELECT `django_migrations`.`app`, `django_migrations`.`name` FROM `django_migrations`; args=()
2015-03-05 18:36:14,977 [MainThread:8176] [django.db.backends:91] [DEBUG]- (0.000) SELECT `django_content_type`.`id`, `django_content_type`.`name`, `django_content_type`.`app_label`, `django_content_type`.`model` FROM `django_content_type` WHERE (`django_content_type`.`model` = 'project' AND `django_content_type`.`app_label` = 'webapp') LIMIT 21; args=('project', 'webapp')
2015-03-05 18:36:14,980 [MainThread:8176] [django.db.backends:91] [DEBUG]- (0.000) SELECT `django_content_type`.`id`, `django_content_type`.`name`, `django_content_type`.`app_label`, `django_content_type`.`model` FROM `django_content_type` WHERE (`django_content_type`.`model` = 'function' AND `django_content_type`.`app_label` = 'webapp') LIMIT 21; args=('function', 'webapp')
2015-03-05 18:36:14,982 [MainThread:8176] [django.db.backends:91] [DEBUG]- (0.000) SELECT `django_content_type`.`id`, `django_content_type`.`name`, `django_content_type`.`app_label`, `django_content_type`.`model` FROM `django_content_type` WHERE (`django_content_type`.`model` = 'test_case' AND `django_content_type`.`app_label` = 'webapp') LIMIT 21; args=('test_case', 'webapp')
2015-03-05 18:36:14,983 [MainThread:8176] [django.db.backends:91] [DEBUG]- (0.001) SELECT `django_content_type`.`id`, `django_content_type`.`name`, `django_content_type`.`app_label`, `django_content_type`.`model` FROM `django_content_type` WHERE (`django_content_type`.`model` = 'test_step' AND `django_content_type`.`app_label` = 'webapp') LIMIT 21; args=('test_step', 'webapp')
2015-03-05 18:36:14,986 [MainThread:8176] [django.db.backends:91] [DEBUG]- (0.000) SELECT `django_content_type`.`id`, `django_content_type`.`name`, `django_content_type`.`app_label`, `django_content_type`.`model` FROM `django_content_type` WHERE (`django_content_type`.`model` = 'method' AND `django_content_type`.`app_label` = 'webapp') LIMIT 21; args=('method', 'webapp')
2015-03-05 18:36:14,986 [MainThread:8176] [django.db.backends:91] [DEBUG]- (0.000) SELECT `django_content_type`.`id`, `django_content_type`.`name`, `django_content_type`.`app_label`, `django_content_type`.`model` FROM `django_content_type` WHERE (`django_content_type`.`model` = 'action' AND `django_content_type`.`app_label` = 'webapp') LIMIT 21; args=('action', 'webapp')
2015-03-05 18:36:14,989 [MainThread:8176] [django.db.backends:91] [DEBUG]- (0.000) SELECT `django_content_type`.`id`, `django_content_type`.`name`, `django_content_type`.`app_label`, `django_content_type`.`model` FROM `django_content_type` WHERE (`django_content_type`.`model` = 'business_flow' AND `django_content_type`.`app_label` = 'webapp') LIMIT 21; args=('business_flow', 'webapp')
2015-03-05 18:36:14,990 [MainThread:8176] [django.db.backends:91] [DEBUG]- (0.000) SELECT `django_content_type`.`id`, `django_content_type`.`name`, `django_content_type`.`app_label`, `django_content_type`.`model` FROM `django_content_type` WHERE (`django_content_type`.`model` = 'business_flow_stp' AND `django_content_type`.`app_label` = 'webapp') LIMIT 21; args=('business_flow_stp', 'webapp')
2015-03-05 18:36:14,993 [MainThread:8176] [django.db.backends:91] [DEBUG]- (0.001) SELECT `django_content_type`.`id`, `django_content_type`.`name`, `django_content_type`.`app_label`, `django_content_type`.`model` FROM `django_content_type` WHERE (`django_content_type`.`model` = 'perform_case' AND `django_content_type`.`app_label` = 'webapp') LIMIT 21; args=('perform_case', 'webapp')
2015-03-05 18:36:14,994 [MainThread:8176] [django.db.backends:91] [DEBUG]- (0.001) SELECT `django_content_type`.`id`, `django_content_type`.`name`, `django_content_type`.`app_label`, `django_content_type`.`model` FROM `django_content_type` WHERE (`django_content_type`.`model` = 'perform_detail' AND `django_content_type`.`app_label` = 'webapp') LIMIT 21; args=('perform_detail', 'webapp')
2015-03-05 18:36:14,996 [MainThread:8176] [django.db.backends:91] [DEBUG]- (0.000) SELECT `auth_permission`.`content_type_id`, `auth_permission`.`codename` FROM `auth_permission` INNER JOIN `django_content_type` ON ( `auth_permission`.`content_type_id` = `django_content_type`.`id` ) WHERE `auth_permission`.`content_type_id` IN (7, 8, 9, 10, 11, 12, 13, 14, 17, 18) ORDER BY `django_content_type`.`app_label` ASC, `django_content_type`.`model` ASC, `auth_permission`.`codename` ASC; args=(7, 8, 9, 10, 11, 12, 13, 14, 17, 18)
2015-03-05 18:36:15,002 [MainThread:8176] [django.db.backends:91] [DEBUG]- (0.001) SHOW TABLES; args=None
2015-03-05 18:36:15,003 [MainThread:8176] [django.db.backends:91] [DEBUG]- (0.000) SELECT `django_migrations`.`app`, `django_migrations`.`name` FROM `django_migrations`; args=()
2015-03-05 18:36:15,007 [MainThread:8176] [django.db.backends:91] [DEBUG]- (0.001) SELECT `django_content_type`.`id`, `django_content_type`.`name`, `django_content_type`.`app_label`, `django_content_type`.`model` FROM `django_content_type` WHERE `django_content_type`.`app_label` = 'webapp' ORDER BY `django_content_type`.`name` ASC; args=('webapp',)
2015-03-05 18:36:15,012 [MainThread:8176] [django.db.backends:91] [DEBUG]- (0.001) SHOW TABLES; args=None
2015-03-05 18:36:15,013 [MainThread:8176] [django.db.backends:91] [DEBUG]- (0.000) SELECT `django_migrations`.`app`, `django_migrations`.`name` FROM `django_migrations`; args=()
2015-03-05 18:36:15,022 [MainThread:8176] [django.db.backends:91] [DEBUG]- (0.000) SHOW TABLES; args=None
2015-03-05 18:36:15,023 [MainThread:8176] [django.db.backends:91] [DEBUG]- (0.001) SELECT `django_migrations`.`app`, `django_migrations`.`name` FROM `django_migrations`; args=()
2015-03-05 18:36:22,361 [Dummy-1:9268] [django.db.backends:91] [DEBUG]- (0.001) SET SQL_AUTO_IS_NULL = 0; args=None
2015-03-05 18:36:22,367 [Dummy-1:9268] [django.db.backends:91] [DEBUG]- (0.002) SHOW TABLES; args=None
2015-03-05 18:36:22,375 [Dummy-1:9268] [django.db.backends:91] [DEBUG]- (0.000) SELECT `django_migrations`.`app`, `django_migrations`.`name` FROM `django_migrations`; args=()
2015-03-05 18:36:39,638 [Thread-5:8736] [django.db.backends:91] [DEBUG]- (0.001) SET SQL_AUTO_IS_NULL = 0; args=None
2015-03-05 18:36:39,641 [Thread-5:8736] [django.db.backends:91] [DEBUG]- (0.001) INSERT INTO `webapp_test_case` (`name`, `date`, `case_nature`, `category`, `function_id`) VALUES ('百度测试', '2015-03-05 10:36:39', '正案例', '测试用例', NULL); args=[u'\u767e\u5ea6\u6d4b\u8bd5', u'2015-03-05 10:36:39', u'\u6b63\u6848\u4f8b', '\xe6\xb5\x8b\xe8\xaf\x95\xe7\x94\xa8\xe4\xbe\x8b', None]
2015-03-05 18:36:39,667 [Thread-5:8736] [django.db.backends:91] [DEBUG]- (0.001) SELECT `webapp_test_case`.`id`, `webapp_test_case`.`name`, `webapp_test_case`.`date`, `webapp_test_case`.`case_nature`, `webapp_test_case`.`category`, `webapp_test_case`.`function_id` FROM `webapp_test_case` WHERE `webapp_test_case`.`name` = '百度测试' LIMIT 21; args=(u'\u767e\u5ea6\u6d4b\u8bd5',)
2015-03-05 18:36:39,667 [Thread-5:8736] [django.request:231] [ERROR]- Internal Server Error: /add/
Traceback (most recent call last):
  File "C:\Python27\lib\site-packages\django\core\handlers\base.py", line 111, in get_response
    response = wrapped_callback(request, *callback_args, **callback_kwargs)
  File "D:\Project\autotest\webapp\views.py", line 188, in add_case
    for_step = Test_Case.objects.get(name=req.POST['casename'])
  File "C:\Python27\lib\site-packages\django\db\models\manager.py", line 92, in manager_method
    return getattr(self.get_queryset(), name)(*args, **kwargs)
  File "C:\Python27\lib\site-packages\django\db\models\query.py", line 361, in get
    num if num <= MAX_GET_RESULTS else 'more than %s' % MAX_GET_RESULTS
MultipleObjectsReturned: get() returned more than one Test_Case -- it returned 4!
2015-03-05 18:36:39,714 [Thread-5:8736] [django.db.backends:91] [DEBUG]- (0.000) SELECT `webapp_test_case`.`id`, `webapp_test_case`.`name`, `webapp_test_case`.`date`, `webapp_test_case`.`case_nature`, `webapp_test_case`.`category`, `webapp_test_case`.`function_id` FROM `webapp_test_case` WHERE `webapp_test_case`.`name` = '百度测试' LIMIT 21; args=(u'\u767e\u5ea6\u6d4b\u8bd5',)
2015-03-05 18:36:39,721 [Thread-5:8736] [django.db.backends:91] [DEBUG]- (0.001) SELECT `webapp_test_case`.`id`, `webapp_test_case`.`name`, `webapp_test_case`.`date`, `webapp_test_case`.`case_nature`, `webapp_test_case`.`category`, `webapp_test_case`.`function_id` FROM `webapp_test_case` LIMIT 21; args=()
2015-03-05 18:51:47,282 [Dummy-1:9636] [django.db.backends:91] [DEBUG]- (0.000) SET SQL_AUTO_IS_NULL = 0; args=None
2015-03-05 18:51:47,286 [Dummy-1:9636] [django.db.backends:91] [DEBUG]- (0.002) SHOW TABLES; args=None
2015-03-05 18:51:47,295 [Dummy-1:9636] [django.db.backends:91] [DEBUG]- (0.001) SELECT `django_migrations`.`app`, `django_migrations`.`name` FROM `django_migrations`; args=()
2015-03-05 18:51:57,417 [Thread-3:9388] [django.db.backends:91] [DEBUG]- (0.000) SET SQL_AUTO_IS_NULL = 0; args=None
2015-03-05 18:51:57,417 [Thread-3:9388] [django.db.backends:91] [DEBUG]- (0.001) SELECT `auth_user`.`id`, `auth_user`.`password`, `auth_user`.`last_login`, `auth_user`.`is_superuser`, `auth_user`.`username`, `auth_user`.`first_name`, `auth_user`.`last_name`, `auth_user`.`email`, `auth_user`.`is_staff`, `auth_user`.`is_active`, `auth_user`.`date_joined` FROM `auth_user` WHERE `auth_user`.`username` = 'root	' LIMIT 21; args=(u'root\t',)
2015-03-05 18:52:03,721 [Thread-5:9780] [django.db.backends:91] [DEBUG]- (0.000) SET SQL_AUTO_IS_NULL = 0; args=None
2015-03-05 18:52:03,723 [Thread-5:9780] [django.db.backends:91] [DEBUG]- (0.000) SELECT `auth_user`.`id`, `auth_user`.`password`, `auth_user`.`last_login`, `auth_user`.`is_superuser`, `auth_user`.`username`, `auth_user`.`first_name`, `auth_user`.`last_name`, `auth_user`.`email`, `auth_user`.`is_staff`, `auth_user`.`is_active`, `auth_user`.`date_joined` FROM `auth_user` WHERE `auth_user`.`username` = 'root' LIMIT 21; args=(u'root',)
2015-03-05 18:52:03,855 [Thread-5:9780] [django.db.backends:91] [DEBUG]- (0.001) SELECT `django_session`.`session_key`, `django_session`.`session_data`, `django_session`.`expire_date` FROM `django_session` WHERE (`django_session`.`session_key` = 'jbaa5sv9ehezbv968gwl1a7d4ottb8vq' AND `django_session`.`expire_date` > '2015-03-05 10:52:03') LIMIT 21; args=('jbaa5sv9ehezbv968gwl1a7d4ottb8vq', u'2015-03-05 10:52:03')
2015-03-05 18:52:03,858 [Thread-5:9780] [django.db.backends:91] [DEBUG]- (0.000) UPDATE `auth_user` SET `last_login` = '2015-03-05 10:52:03' WHERE `auth_user`.`id` = 1; args=(u'2015-03-05 10:52:03', 1)
2015-03-05 18:52:03,891 [Thread-5:9780] [django.db.backends:91] [DEBUG]- (0.000) UPDATE `django_session` SET `session_data` = 'MzhmMzA4NDdlYjc1OGJiM2Y2NGIxMzY3OGU4NTAxYzQ4NzAyMDM3NTp7Il9hdXRoX3VzZXJfaGFzaCI6IjNhYWUxODk2ZTAwNmI5ZjlkMjMyNjI4NTAyOTMzYTllZjAxZWYzMGEiLCJfYXV0aF91c2VyX2lkIjoxLCJfYXV0aF91c2VyX2JhY2tlbmQiOiJkamFuZ28uY29udHJpYi5hdXRoLmJhY2tlbmRzLk1vZGVsQmFja2VuZCJ9', `expire_date` = '2015-03-19 10:52:03' WHERE `django_session`.`session_key` = 'jbaa5sv9ehezbv968gwl1a7d4ottb8vq'; args=(u'MzhmMzA4NDdlYjc1OGJiM2Y2NGIxMzY3OGU4NTAxYzQ4NzAyMDM3NTp7Il9hdXRoX3VzZXJfaGFzaCI6IjNhYWUxODk2ZTAwNmI5ZjlkMjMyNjI4NTAyOTMzYTllZjAxZWYzMGEiLCJfYXV0aF91c2VyX2lkIjoxLCJfYXV0aF91c2VyX2JhY2tlbmQiOiJkamFuZ28uY29udHJpYi5hdXRoLmJhY2tlbmRzLk1vZGVsQmFja2VuZCJ9', u'2015-03-19 10:52:03', 'jbaa5sv9ehezbv968gwl1a7d4ottb8vq')
2015-03-05 18:52:03,923 [Thread-6:5624] [django.db.backends:91] [DEBUG]- (0.000) SET SQL_AUTO_IS_NULL = 0; args=None
2015-03-05 18:52:03,924 [Thread-6:5624] [django.db.backends:91] [DEBUG]- (0.000) SELECT `django_session`.`session_key`, `django_session`.`session_data`, `django_session`.`expire_date` FROM `django_session` WHERE (`django_session`.`session_key` = 'jbaa5sv9ehezbv968gwl1a7d4ottb8vq' AND `django_session`.`expire_date` > '2015-03-05 10:52:03') LIMIT 21; args=('jbaa5sv9ehezbv968gwl1a7d4ottb8vq', u'2015-03-05 10:52:03')
2015-03-05 18:52:03,926 [Thread-6:5624] [django.db.backends:91] [DEBUG]- (0.000) SELECT `auth_user`.`id`, `auth_user`.`password`, `auth_user`.`last_login`, `auth_user`.`is_superuser`, `auth_user`.`username`, `auth_user`.`first_name`, `auth_user`.`last_name`, `auth_user`.`email`, `auth_user`.`is_staff`, `auth_user`.`is_active`, `auth_user`.`date_joined` FROM `auth_user` WHERE `auth_user`.`id` = 1 LIMIT 21; args=(1,)
2015-03-05 18:52:33,273 [Dummy-1:2792] [django.db.backends:91] [DEBUG]- (0.001) SET SQL_AUTO_IS_NULL = 0; args=None
2015-03-05 18:52:33,278 [Dummy-1:2792] [django.db.backends:91] [DEBUG]- (0.002) SHOW TABLES; args=None
2015-03-05 18:52:33,286 [Dummy-1:2792] [django.db.backends:91] [DEBUG]- (0.001) SELECT `django_migrations`.`app`, `django_migrations`.`name` FROM `django_migrations`; args=()
2015-03-05 18:52:44,118 [Dummy-1:5752] [django.db.backends:91] [DEBUG]- (0.001) SET SQL_AUTO_IS_NULL = 0; args=None
2015-03-05 18:52:44,121 [Dummy-1:5752] [django.db.backends:91] [DEBUG]- (0.001) SHOW TABLES; args=None
2015-03-05 18:52:44,130 [Dummy-1:5752] [django.db.backends:91] [DEBUG]- (0.001) SELECT `django_migrations`.`app`, `django_migrations`.`name` FROM `django_migrations`; args=()
2015-03-05 18:53:02,280 [Thread-3:2480] [django.db.backends:91] [DEBUG]- (0.000) SET SQL_AUTO_IS_NULL = 0; args=None
2015-03-05 18:53:02,282 [Thread-3:2480] [django.db.backends:91] [DEBUG]- (0.001) SELECT `auth_user`.`id`, `auth_user`.`password`, `auth_user`.`last_login`, `auth_user`.`is_superuser`, `auth_user`.`username`, `auth_user`.`first_name`, `auth_user`.`last_name`, `auth_user`.`email`, `auth_user`.`is_staff`, `auth_user`.`is_active`, `auth_user`.`date_joined` FROM `auth_user` WHERE `auth_user`.`username` = 'root' LIMIT 21; args=(u'root',)
2015-03-05 18:53:02,413 [Thread-3:2480] [django.db.backends:91] [DEBUG]- (0.001) SELECT `django_session`.`session_key`, `django_session`.`session_data`, `django_session`.`expire_date` FROM `django_session` WHERE (`django_session`.`session_key` = 'jbaa5sv9ehezbv968gwl1a7d4ottb8vq' AND `django_session`.`expire_date` > '2015-03-05 10:53:02') LIMIT 21; args=('jbaa5sv9ehezbv968gwl1a7d4ottb8vq', u'2015-03-05 10:53:02')
2015-03-05 18:53:02,414 [Thread-3:2480] [django.db.backends:91] [DEBUG]- (0.000) UPDATE `auth_user` SET `last_login` = '2015-03-05 10:53:02' WHERE `auth_user`.`id` = 1; args=(u'2015-03-05 10:53:02', 1)
2015-03-05 18:53:02,436 [Thread-3:2480] [django.db.backends:91] [DEBUG]- (0.000) UPDATE `django_session` SET `session_data` = 'ZTgzM2RlNmI5YTE3YWNmNjBhY2U3Y2UyYjA4ZWNhNmM4ZDU0MzFmMTp7Il9hdXRoX3VzZXJfaGFzaCI6IjNhYWUxODk2ZTAwNmI5ZjlkMjMyNjI4NTAyOTMzYTllZjAxZWYzMGEiLCJfYXV0aF91c2VyX2JhY2tlbmQiOiJkamFuZ28uY29udHJpYi5hdXRoLmJhY2tlbmRzLk1vZGVsQmFja2VuZCIsIl9hdXRoX3VzZXJfaWQiOjF9', `expire_date` = '2015-03-19 10:53:02' WHERE `django_session`.`session_key` = 'jbaa5sv9ehezbv968gwl1a7d4ottb8vq'; args=(u'ZTgzM2RlNmI5YTE3YWNmNjBhY2U3Y2UyYjA4ZWNhNmM4ZDU0MzFmMTp7Il9hdXRoX3VzZXJfaGFzaCI6IjNhYWUxODk2ZTAwNmI5ZjlkMjMyNjI4NTAyOTMzYTllZjAxZWYzMGEiLCJfYXV0aF91c2VyX2JhY2tlbmQiOiJkamFuZ28uY29udHJpYi5hdXRoLmJhY2tlbmRzLk1vZGVsQmFja2VuZCIsIl9hdXRoX3VzZXJfaWQiOjF9', u'2015-03-19 10:53:02', 'jbaa5sv9ehezbv968gwl1a7d4ottb8vq')
2015-03-05 18:53:02,466 [Thread-4:9596] [django.db.backends:91] [DEBUG]- (0.000) SET SQL_AUTO_IS_NULL = 0; args=None
2015-03-05 18:53:02,467 [Thread-4:9596] [django.db.backends:91] [DEBUG]- (0.000) SELECT `django_session`.`session_key`, `django_session`.`session_data`, `django_session`.`expire_date` FROM `django_session` WHERE (`django_session`.`session_key` = 'jbaa5sv9ehezbv968gwl1a7d4ottb8vq' AND `django_session`.`expire_date` > '2015-03-05 10:53:02') LIMIT 21; args=('jbaa5sv9ehezbv968gwl1a7d4ottb8vq', u'2015-03-05 10:53:02')
2015-03-05 18:53:02,469 [Thread-4:9596] [django.db.backends:91] [DEBUG]- (0.000) SELECT `auth_user`.`id`, `auth_user`.`password`, `auth_user`.`last_login`, `auth_user`.`is_superuser`, `auth_user`.`username`, `auth_user`.`first_name`, `auth_user`.`last_name`, `auth_user`.`email`, `auth_user`.`is_staff`, `auth_user`.`is_active`, `auth_user`.`date_joined` FROM `auth_user` WHERE `auth_user`.`id` = 1 LIMIT 21; args=(1,)
2015-03-05 18:54:51,617 [Dummy-1:8532] [django.db.backends:91] [DEBUG]- (0.001) SET SQL_AUTO_IS_NULL = 0; args=None
2015-03-05 18:54:51,621 [Dummy-1:8532] [django.db.backends:91] [DEBUG]- (0.002) SHOW TABLES; args=None
2015-03-05 18:54:51,630 [Dummy-1:8532] [django.db.backends:91] [DEBUG]- (0.002) SELECT `django_migrations`.`app`, `django_migrations`.`name` FROM `django_migrations`; args=()
2015-03-05 19:00:19,150 [Thread-2:6484] [django.db.backends:91] [DEBUG]- (0.000) SET SQL_AUTO_IS_NULL = 0; args=None
2015-03-05 19:00:19,151 [Thread-2:6484] [django.db.backends:91] [DEBUG]- (0.001) SELECT `webapp_test_case`.`id`, `webapp_test_case`.`name`, `webapp_test_case`.`date`, `webapp_test_case`.`case_nature`, `webapp_test_case`.`category`, `webapp_test_case`.`function_id` FROM `webapp_test_case` WHERE `webapp_test_case`.`id` = 2 LIMIT 21; args=(2,)
2015-03-05 19:00:19,187 [Thread-3:9112] [django.db.backends:91] [DEBUG]- (0.001) SET SQL_AUTO_IS_NULL = 0; args=None
2015-03-05 19:00:19,187 [Thread-3:9112] [django.db.backends:91] [DEBUG]- (0.000) SELECT COUNT(*) FROM `webapp_test_case`; args=()
2015-03-05 19:00:19,190 [Thread-3:9112] [django.db.backends:91] [DEBUG]- (0.001) SELECT `webapp_test_case`.`id`, `webapp_test_case`.`name`, `webapp_test_case`.`date`, `webapp_test_case`.`case_nature`, `webapp_test_case`.`category`, `webapp_test_case`.`function_id` FROM `webapp_test_case` LIMIT 12; args=()
2015-03-05 19:00:19,209 [Thread-3:9112] [django.db.backends:91] [DEBUG]- (0.001) SELECT COUNT(*) FROM `webapp_business_flow`; args=()
2015-03-05 19:00:19,237 [Thread-3:9112] [django.db.backends:91] [DEBUG]- (0.001) SELECT `webapp_business_flow`.`id`, `webapp_business_flow`.`name`, `webapp_business_flow`.`date`, `webapp_business_flow`.`category`, `webapp_business_flow`.`function_id` FROM `webapp_business_flow` LIMIT 3; args=()
2015-03-05 19:01:22,663 [Thread-5:5932] [django.db.backends:91] [DEBUG]- (0.000) SET SQL_AUTO_IS_NULL = 0; args=None
2015-03-05 19:01:22,664 [Thread-5:5932] [django.db.backends:91] [DEBUG]- (0.001) SELECT COUNT(*) FROM `webapp_test_case`; args=()
2015-03-05 19:01:22,664 [Thread-5:5932] [django.db.backends:91] [DEBUG]- (0.001) SELECT `webapp_test_case`.`id`, `webapp_test_case`.`name`, `webapp_test_case`.`date`, `webapp_test_case`.`case_nature`, `webapp_test_case`.`category`, `webapp_test_case`.`function_id` FROM `webapp_test_case` LIMIT 12; args=()
2015-03-05 19:01:22,677 [Thread-5:5932] [django.db.backends:91] [DEBUG]- (0.000) SELECT COUNT(*) FROM `webapp_business_flow`; args=()
2015-03-05 19:01:22,677 [Thread-5:5932] [django.db.backends:91] [DEBUG]- (0.000) SELECT `webapp_business_flow`.`id`, `webapp_business_flow`.`name`, `webapp_business_flow`.`date`, `webapp_business_flow`.`category`, `webapp_business_flow`.`function_id` FROM `webapp_business_flow` LIMIT 3; args=()
2015-03-05 19:01:29,148 [Thread-6:9024] [django.db.backends:91] [DEBUG]- (0.000) SET SQL_AUTO_IS_NULL = 0; args=None
2015-03-05 19:01:29,148 [Thread-6:9024] [django.db.backends:91] [DEBUG]- (0.001) SELECT COUNT(*) FROM `webapp_test_case`; args=()
2015-03-05 19:01:29,150 [Thread-6:9024] [django.db.backends:91] [DEBUG]- (0.000) SELECT `webapp_test_case`.`id`, `webapp_test_case`.`name`, `webapp_test_case`.`date`, `webapp_test_case`.`case_nature`, `webapp_test_case`.`category`, `webapp_test_case`.`function_id` FROM `webapp_test_case` LIMIT 12; args=()
2015-03-05 19:01:29,164 [Thread-6:9024] [django.db.backends:91] [DEBUG]- (0.000) SELECT COUNT(*) FROM `webapp_business_flow`; args=()
2015-03-05 19:01:29,165 [Thread-6:9024] [django.db.backends:91] [DEBUG]- (0.001) SELECT `webapp_business_flow`.`id`, `webapp_business_flow`.`name`, `webapp_business_flow`.`date`, `webapp_business_flow`.`category`, `webapp_business_flow`.`function_id` FROM `webapp_business_flow` LIMIT 3; args=()
2015-03-05 19:01:48,858 [Thread-8:9740] [django.db.backends:91] [DEBUG]- (0.000) SET SQL_AUTO_IS_NULL = 0; args=None
2015-03-05 19:01:48,859 [Thread-8:9740] [django.db.backends:91] [DEBUG]- (0.001) SELECT `webapp_test_case`.`id`, `webapp_test_case`.`name`, `webapp_test_case`.`date`, `webapp_test_case`.`case_nature`, `webapp_test_case`.`category`, `webapp_test_case`.`function_id` FROM `webapp_test_case`; args=()
2015-03-05 19:01:51,773 [Thread-9:10044] [django.db.backends:91] [DEBUG]- (0.001) SET SQL_AUTO_IS_NULL = 0; args=None
2015-03-05 19:01:51,775 [Thread-9:10044] [django.db.backends:91] [DEBUG]- (0.001) SELECT `webapp_test_case`.`id`, `webapp_test_case`.`name`, `webapp_test_case`.`date`, `webapp_test_case`.`case_nature`, `webapp_test_case`.`category`, `webapp_test_case`.`function_id` FROM `webapp_test_case` WHERE `webapp_test_case`.`id` = 1 LIMIT 21; args=(1,)
2015-03-05 19:01:51,793 [Thread-9:10044] [django.db.backends:91] [DEBUG]- (0.001) SELECT `webapp_test_step`.`id`, `webapp_test_step`.`desc`, `webapp_test_step`.`method`, `webapp_test_step`.`element`, `webapp_test_step`.`action`, `webapp_test_step`.`value`, `webapp_test_step`.`case_name_id` FROM `webapp_test_step` WHERE `webapp_test_step`.`case_name_id` = 1; args=(1,)
2015-03-05 19:01:58,424 [Thread-10:9372] [django.db.backends:91] [DEBUG]- (0.000) SET SQL_AUTO_IS_NULL = 0; args=None
2015-03-05 19:01:58,427 [Thread-10:9372] [django.db.backends:91] [DEBUG]- (0.001) SELECT `webapp_test_case`.`id`, `webapp_test_case`.`name`, `webapp_test_case`.`date`, `webapp_test_case`.`case_nature`, `webapp_test_case`.`category`, `webapp_test_case`.`function_id` FROM `webapp_test_case`; args=()
2015-03-05 19:02:04,095 [Thread-11:9240] [django.db.backends:91] [DEBUG]- (0.001) SET SQL_AUTO_IS_NULL = 0; args=None
2015-03-05 19:02:04,095 [Thread-11:9240] [django.db.backends:91] [DEBUG]- (0.001) SELECT `webapp_test_case`.`id`, `webapp_test_case`.`name`, `webapp_test_case`.`date`, `webapp_test_case`.`case_nature`, `webapp_test_case`.`category`, `webapp_test_case`.`function_id` FROM `webapp_test_case` WHERE `webapp_test_case`.`id` = 2 LIMIT 21; args=(2,)
2015-03-05 19:02:04,098 [Thread-11:9240] [django.db.backends:91] [DEBUG]- (0.001) SELECT `webapp_test_step`.`id`, `webapp_test_step`.`desc`, `webapp_test_step`.`method`, `webapp_test_step`.`element`, `webapp_test_step`.`action`, `webapp_test_step`.`value`, `webapp_test_step`.`case_name_id` FROM `webapp_test_step` WHERE `webapp_test_step`.`case_name_id` = 2; args=(2,)
2015-03-05 19:03:12,980 [Thread-12:10176] [django.db.backends:91] [DEBUG]- (0.001) SET SQL_AUTO_IS_NULL = 0; args=None
2015-03-05 19:03:12,982 [Thread-12:10176] [django.db.backends:91] [DEBUG]- (0.001) SELECT `webapp_test_case`.`id`, `webapp_test_case`.`name`, `webapp_test_case`.`date`, `webapp_test_case`.`case_nature`, `webapp_test_case`.`category`, `webapp_test_case`.`function_id` FROM `webapp_test_case`; args=()
2015-03-05 19:03:12,986 [Thread-12:10176] [django.db.backends:91] [DEBUG]- (0.001) SELECT `webapp_business_flow`.`id`, `webapp_business_flow`.`name`, `webapp_business_flow`.`date`, `webapp_business_flow`.`category`, `webapp_business_flow`.`function_id` FROM `webapp_business_flow`; args=()
2015-03-05 19:03:21,561 [Thread-13:4452] [django.db.backends:91] [DEBUG]- (0.000) SET SQL_AUTO_IS_NULL = 0; args=None
2015-03-05 19:03:21,562 [Thread-13:4452] [django.db.backends:91] [DEBUG]- (0.000) SELECT `webapp_test_case`.`id`, `webapp_test_case`.`name`, `webapp_test_case`.`date`, `webapp_test_case`.`case_nature`, `webapp_test_case`.`category`, `webapp_test_case`.`function_id` FROM `webapp_test_case` WHERE `webapp_test_case`.`id` = 2; args=(2,)
2015-03-05 19:03:21,563 [Thread-13:4452] [django.db.backends:91] [DEBUG]- (0.000) SELECT `webapp_test_case`.`id`, `webapp_test_case`.`name`, `webapp_test_case`.`date`, `webapp_test_case`.`case_nature`, `webapp_test_case`.`category`, `webapp_test_case`.`function_id` FROM `webapp_test_case` WHERE `webapp_test_case`.`id` = 3; args=(3,)
2015-03-05 19:03:28,411 [Thread-14:8204] [django.db.backends:91] [DEBUG]- (0.001) SET SQL_AUTO_IS_NULL = 0; args=None
2015-03-05 19:03:28,411 [Thread-14:8204] [django.db.backends:91] [DEBUG]- (0.001) SELECT `webapp_business_flow`.`id`, `webapp_business_flow`.`name`, `webapp_business_flow`.`date`, `webapp_business_flow`.`category`, `webapp_business_flow`.`function_id` FROM `webapp_business_flow` WHERE `webapp_business_flow`.`id` = 1; args=(1,)
2015-03-05 19:03:31,848 [Thread-15:3092] [django.db.backends:91] [DEBUG]- (0.001) SET SQL_AUTO_IS_NULL = 0; args=None
2015-03-05 19:03:31,848 [Thread-15:3092] [django.db.backends:91] [DEBUG]- (0.001) SELECT `webapp_perform_case`.`id`, `webapp_perform_case`.`name`, `webapp_perform_case`.`date` FROM `webapp_perform_case`; args=()
2015-03-05 19:03:40,730 [Thread-16:4528] [django.db.backends:91] [DEBUG]- (0.000) SET SQL_AUTO_IS_NULL = 0; args=None
2015-03-05 19:03:40,732 [Thread-16:4528] [django.db.backends:91] [DEBUG]- (0.000) SELECT `webapp_perform_case`.`id`, `webapp_perform_case`.`name`, `webapp_perform_case`.`date` FROM `webapp_perform_case` WHERE `webapp_perform_case`.`id` = 1 LIMIT 21; args=(1,)
2015-03-05 19:03:40,740 [Thread-16:4528] [django.db.backends:91] [DEBUG]- (0.000) SELECT `webapp_perform_detail`.`id`, `webapp_perform_detail`.`name`, `webapp_perform_detail`.`case_nature`, `webapp_perform_detail`.`category`, `webapp_perform_detail`.`date`, `webapp_perform_detail`.`perform_id` FROM `webapp_perform_detail` WHERE `webapp_perform_detail`.`perform_id` = 1; args=(1,)
2015-03-05 19:03:40,743 [Thread-16:4528] [django.db.backends:91] [DEBUG]- (0.001) SELECT `webapp_test_case`.`id`, `webapp_test_case`.`name`, `webapp_test_case`.`date`, `webapp_test_case`.`case_nature`, `webapp_test_case`.`category`, `webapp_test_case`.`function_id` FROM `webapp_test_case`; args=()
2015-03-05 19:03:40,746 [Thread-16:4528] [django.db.backends:91] [DEBUG]- (0.001) SELECT `webapp_business_flow`.`id`, `webapp_business_flow`.`name`, `webapp_business_flow`.`date`, `webapp_business_flow`.`category`, `webapp_business_flow`.`function_id` FROM `webapp_business_flow`; args=()
2015-03-05 19:03:56,756 [Thread-18:9412] [django.db.backends:91] [DEBUG]- (0.000) SET SQL_AUTO_IS_NULL = 0; args=None
2015-03-05 19:03:56,756 [Thread-18:9412] [django.db.backends:91] [DEBUG]- (0.000) SELECT `webapp_perform_case`.`id`, `webapp_perform_case`.`name`, `webapp_perform_case`.`date` FROM `webapp_perform_case` WHERE `webapp_perform_case`.`id` = 1 LIMIT 21; args=(1,)
2015-03-05 19:03:56,763 [Thread-18:9412] [django.db.backends:91] [DEBUG]- (0.001) SELECT `webapp_perform_detail`.`id`, `webapp_perform_detail`.`name`, `webapp_perform_detail`.`case_nature`, `webapp_perform_detail`.`category`, `webapp_perform_detail`.`date`, `webapp_perform_detail`.`perform_id` FROM `webapp_perform_detail` WHERE `webapp_perform_detail`.`perform_id` = 1; args=(1,)
2015-03-05 19:03:56,766 [Thread-18:9412] [django.db.backends:91] [DEBUG]- (0.000) SELECT `webapp_test_case`.`id`, `webapp_test_case`.`name`, `webapp_test_case`.`date`, `webapp_test_case`.`case_nature`, `webapp_test_case`.`category`, `webapp_test_case`.`function_id` FROM `webapp_test_case`; args=()
2015-03-05 19:03:56,769 [Thread-18:9412] [django.db.backends:91] [DEBUG]- (0.001) SELECT `webapp_business_flow`.`id`, `webapp_business_flow`.`name`, `webapp_business_flow`.`date`, `webapp_business_flow`.`category`, `webapp_business_flow`.`function_id` FROM `webapp_business_flow`; args=()
2015-03-05 19:04:04,200 [Thread-17:3344] [django.db.backends:91] [DEBUG]- (0.000) SET SQL_AUTO_IS_NULL = 0; args=None
2015-03-05 19:04:04,201 [Thread-17:3344] [django.db.backends:91] [DEBUG]- (0.001) SELECT `webapp_perform_case`.`id`, `webapp_perform_case`.`name`, `webapp_perform_case`.`date` FROM `webapp_perform_case` WHERE `webapp_perform_case`.`id` = 4 LIMIT 21; args=(4,)
2015-03-05 19:04:04,210 [Thread-17:3344] [django.db.backends:91] [DEBUG]- (0.001) SELECT `webapp_perform_case`.`id`, `webapp_perform_case`.`name`, `webapp_perform_case`.`date` FROM `webapp_perform_case`; args=()
2015-03-05 19:04:17,119 [Thread-19:5008] [django.db.backends:91] [DEBUG]- (0.000) SET SQL_AUTO_IS_NULL = 0; args=None
2015-03-05 19:04:17,121 [Thread-19:5008] [django.db.backends:91] [DEBUG]- (0.001) SELECT `webapp_perform_case`.`id`, `webapp_perform_case`.`name`, `webapp_perform_case`.`date` FROM `webapp_perform_case` WHERE `webapp_perform_case`.`id` = 3 LIMIT 21; args=(3,)
2015-03-05 19:04:17,128 [Thread-19:5008] [django.db.backends:91] [DEBUG]- (0.001) SELECT `webapp_perform_detail`.`id`, `webapp_perform_detail`.`name`, `webapp_perform_detail`.`case_nature`, `webapp_perform_detail`.`category`, `webapp_perform_detail`.`date`, `webapp_perform_detail`.`perform_id` FROM `webapp_perform_detail` WHERE `webapp_perform_detail`.`perform_id` = 3; args=(3,)
2015-03-05 19:04:17,130 [Thread-19:5008] [django.db.backends:91] [DEBUG]- (0.001) SELECT `webapp_test_case`.`id`, `webapp_test_case`.`name`, `webapp_test_case`.`date`, `webapp_test_case`.`case_nature`, `webapp_test_case`.`category`, `webapp_test_case`.`function_id` FROM `webapp_test_case`; args=()
2015-03-05 19:04:17,134 [Thread-19:5008] [django.db.backends:91] [DEBUG]- (0.000) SELECT `webapp_business_flow`.`id`, `webapp_business_flow`.`name`, `webapp_business_flow`.`date`, `webapp_business_flow`.`category`, `webapp_business_flow`.`function_id` FROM `webapp_business_flow`; args=()
2015-03-05 19:04:20,792 [Thread-20:3284] [django.db.backends:91] [DEBUG]- (0.000) SET SQL_AUTO_IS_NULL = 0; args=None
2015-03-05 19:04:20,792 [Thread-20:3284] [django.db.backends:91] [DEBUG]- (0.000) SELECT `webapp_perform_case`.`id`, `webapp_perform_case`.`name`, `webapp_perform_case`.`date` FROM `webapp_perform_case` WHERE `webapp_perform_case`.`id` = 3 LIMIT 21; args=(3,)
2015-03-05 19:04:20,799 [Thread-20:3284] [django.db.backends:91] [DEBUG]- (0.000) SELECT `webapp_perform_case`.`id`, `webapp_perform_case`.`name`, `webapp_perform_case`.`date` FROM `webapp_perform_case`; args=()
2015-03-05 19:04:30,815 [Thread-21:9564] [django.db.backends:91] [DEBUG]- (0.000) SET SQL_AUTO_IS_NULL = 0; args=None
2015-03-05 19:04:30,815 [Thread-21:9564] [django.db.backends:91] [DEBUG]- (0.000) SELECT `webapp_perform_case`.`id`, `webapp_perform_case`.`name`, `webapp_perform_case`.`date` FROM `webapp_perform_case` WHERE `webapp_perform_case`.`id` = 5 LIMIT 21; args=(5,)
2015-03-05 19:04:30,822 [Thread-21:9564] [django.db.backends:91] [DEBUG]- (0.000) SELECT `webapp_perform_case`.`id`, `webapp_perform_case`.`name`, `webapp_perform_case`.`date` FROM `webapp_perform_case`; args=()
2015-03-05 19:04:34,512 [Thread-22:9480] [django.db.backends:91] [DEBUG]- (0.000) SET SQL_AUTO_IS_NULL = 0; args=None
2015-03-05 19:04:34,513 [Thread-22:9480] [django.db.backends:91] [DEBUG]- (0.000) SELECT `webapp_perform_case`.`id`, `webapp_perform_case`.`name`, `webapp_perform_case`.`date` FROM `webapp_perform_case` WHERE `webapp_perform_case`.`id` = 1 LIMIT 21; args=(1,)
2015-03-05 19:04:34,520 [Thread-22:9480] [django.db.backends:91] [DEBUG]- (0.001) SELECT `webapp_perform_case`.`id`, `webapp_perform_case`.`name`, `webapp_perform_case`.`date` FROM `webapp_perform_case`; args=()
2015-03-05 19:04:38,069 [Thread-23:6212] [django.db.backends:91] [DEBUG]- (0.000) SET SQL_AUTO_IS_NULL = 0; args=None
2015-03-05 19:04:38,071 [Thread-23:6212] [django.db.backends:91] [DEBUG]- (0.001) SELECT `webapp_perform_case`.`id`, `webapp_perform_case`.`name`, `webapp_perform_case`.`date` FROM `webapp_perform_case` WHERE `webapp_perform_case`.`id` = 2 LIMIT 21; args=(2,)
2015-03-05 19:04:38,078 [Thread-23:6212] [django.db.backends:91] [DEBUG]- (0.001) SELECT `webapp_perform_case`.`id`, `webapp_perform_case`.`name`, `webapp_perform_case`.`date` FROM `webapp_perform_case`; args=()
