2015-02-07 00:20:02,882 admin:INFO 项目已启动：
2015-02-07 00:20:02,885 admin:INFO --进入首页
2015-02-07 00:20:16,447 admin:INFO POST值转换成字典并转换成一个大的列表值为：[(u'ywlname', [u'1111']), (u'action', [u'\u542f\u52a8\u6d4f\u89c8\u5668', u'\u8f93\u5165', u'\u8f93\u5165', u'\u5355\u51fb', u'\u6807\u51c6\u65ad\u8a00', u'\u542f\u52a8\u6d4f\u89c8\u5668', u'\u8f93\u5165', u'\u542f\u52a8\u6d4f\u89c8\u5668']), (u'desc', [u'111\u6253\u5f00\u6613\u8054\u540e\u53f0', u'111\u8f93\u5165\u7528\u6237\u540d', u'111\u8f93\u5165\u767b\u9646\u5bc6\u7801', u'111\u70b9\u51fb\u767b\u9646', u'111\u65ad\u8a00\u767b\u9646\u662f\u5426\u6210\u529f', u'111asdas', u'111sdfasd', u'222']), (u'30', [u'\u4fdd\u5b58']), (u'method', [u'', u'id', u'id', u'id', u'css selector', u'id', u'id', u'']), (u'value', [u'http://172.16.200.62:8080/neptune/login', u'admin', u'123456', u'', u'admin,\u60a8\u597d!\u9000\u51fa', u'http://www.baidu.com', u'python', u'http://www.163.com']), (u'element', [u'', u'name', u'password', u'submit', u'#btn_bar', u'', u'kw', u''])]
2015-02-07 00:20:16,447 admin:INFO 遍历列表中的key和values，通过values的值取到key为30
2015-02-07 00:20:16,453 admin:INFO 当前的用例ID是30，取值成功
2015-02-07 00:20:16,453 admin:INFO 取当前页面的用例名称，修改数据中的值。值为：1111
2015-02-07 00:41:56,650 admin:INFO 连接的客户端ip是:172.16.6.53，当前用例ID是:17
2015-02-07 00:47:32,897 admin:INFO --进入首页
2015-02-07 00:47:36,354 admin:INFO 读取用例列表成功
2015-02-07 00:48:13,263 admin:INFO POST方法，接受modify传过来的按钮名称转换成测试用例ID，通过ID查找到该测试用例的所有步骤，并加载到模版中循环显示在页面上
2015-02-09 18:23:36,411 admin:INFO --进入首页
2015-02-09 18:23:54,344 admin:INFO 连接的客户端ip是:172.16.6.6，当前用例ID是:30
2015-02-09 18:24:23,483 admin:INFO POST值转换成字典并转换成一个大的列表值为：[(u'ywlname', [u'gfgfgfgfgf']), (u'action', [u'\u542f\u52a8\u6d4f\u89c8\u5668', u'\u8f93\u5165', u'\u8f93\u5165', u'\u5355\u51fb', u'\u6807\u51c6\u65ad\u8a00', u'\u542f\u52a8\u6d4f\u89c8\u5668', u'\u8f93\u5165']), (u'31', [u'\u4fdd\u5b58']), (u'desc', [u'111\u6253\u5f00\u6613\u8054\u540e\u53f0', u'111\u8f93\u5165\u7528\u6237\u540d', u'111\u8f93\u5165\u767b\u9646\u5bc6\u7801', u'111\u70b9\u51fb\u767b\u9646', u'111\u65ad\u8a00\u767b\u9646\u662f\u5426\u6210\u529f', u'111asdas', u'111sdfasd']), (u'method', [u'', u'id', u'id', u'id', u'css selector', u'id', u'id']), (u'value', [u'http://172.16.200.62:8080/neptune/login', u'admin', u'123456', u'', u'admin,\u60a8\u597d!\u9000\u51fa', u'http://www.baidu.com', u'python']), (u'element', [u'', u'name', u'password', u'submit', u'#btn_bar', u'', u'kw'])]
2015-02-09 18:24:23,483 admin:INFO 遍历列表中的key和values，通过values的值取到key为31
2015-02-09 18:24:23,489 admin:INFO 当前的用例ID是31，取值成功
2015-02-09 18:24:23,490 admin:INFO 取当前页面的用例名称，修改数据中的值。值为：gfgfgfgfgf
2015-02-09 18:24:24,864 admin:INFO 连接的客户端ip是:172.16.6.6，当前用例ID是:31
2015-02-09 18:34:58,756 admin:INFO 连接的客户端ip是:172.16.6.6，当前用例ID是:31
2015-02-09 18:37:17,596 admin:INFO 读取用例列表成功
2015-02-09 18:37:22,555 admin:INFO 测试用例ID为['50']
2015-02-09 18:37:26,716 admin:INFO 测试用例ID为['50', '51']
2015-02-09 18:38:01,437 admin:INFO 业务流名称为tiaozhuan
2015-02-09 18:38:01,565 admin:INFO 新增业务流成功
2015-02-09 18:38:11,204 admin:INFO 连接的客户端ip是:172.16.6.6，当前用例ID是:40
2015-02-09 18:39:08,900 admin:INFO --进入首页
2015-02-09 18:39:34,558 admin:INFO --进入首页
2015-02-09 18:40:06,144 admin:INFO POST方法，接受modify传过来的按钮名称转换成测试用例ID，通过ID查找到该测试用例的所有步骤，并加载到模版中循环显示在页面上
2015-02-09 18:40:12,569 admin:INFO 连接的客户端ip是:172.16.6.53，当前用例ID是:17
2015-02-09 18:41:25,667 admin:INFO 读取用例列表成功
2015-02-09 18:42:51,394 admin:INFO POST方法，接受modify传过来的按钮名称转换成测试用例ID，通过ID查找到该测试用例的所有步骤，并加载到模版中循环显示在页面上
2015-02-09 18:48:03,719 admin:INFO 读取用例列表成功
2015-02-09 18:49:26,539 admin:INFO --进入首页
2015-02-09 18:49:49,282 admin:INFO POST方法，接受modify传过来的按钮名称转换成测试用例ID，通过ID查找到该测试用例的所有步骤，并加载到模版中循环显示在页面上
2015-02-09 18:49:59,292 admin:INFO 读取用例列表成功
2015-02-09 19:20:53,911 admin:INFO --进入首页
2015-02-09 19:22:34,408 admin:INFO POST方法，接受modify传过来的按钮名称转换成测试用例ID，通过ID查找到该测试用例的所有步骤，并加载到模版中循环显示在页面上
2015-02-09 19:22:47,815 admin:INFO POST值转换成字典并转换成一个大的列表值为：[(u'17', [u'\u4fdd\u5b58']), (u'nature', [u'\u53cd\u6848\u4f8b']), (u'value', [u'http://172.16.200.62:8080/neptune/login', u'admin', u'123456', u'', u'admin,\u60a8\u597d!\u9000\u51fa']), (u'element', [u'', u'name', u'password', u'submit', u'#btn_bar']), (u'step_name', [u'\u6253\u5f00\u6613\u8054\u540e\u53f0', u'\u8f93\u5165\u7528\u6237\u540d', u'\u8f93\u5165\u767b\u9646\u5bc6\u7801', u'\u70b9\u51fb\u767b\u9646', u'\u65ad\u8a00\u767b\u9646\u662f\u5426\u6210\u529f']), (u'action', [u'\u542f\u52a8\u6d4f\u89c8\u5668', u'\u8f93\u5165', u'\u8f93\u5165', u'\u5355\u51fb', u'\u6807\u51c6\u65ad\u8a00']), (u'case_name', [u'\u6613\u8054\u540e\u53f0\u767b\u9646\u6d4b\u8bd5']), (u'method', [u'', u'id', u'id', u'id', u'css selector']), (u'desc', [u'\u6253\u5f00\u6613\u8054\u540e\u53f0', u'\u8f93\u5165\u7528\u6237\u540d', u'\u8f93\u5165\u767b\u9646\u5bc6\u7801', u'\u70b9\u51fb\u767b\u9646', u'\u65ad\u8a00\u767b\u9646\u662f\u5426\u6210\u529f'])]
2015-02-09 19:22:47,815 admin:INFO 遍历列表中的key和values，通过values的值取到key为17
2015-02-09 19:22:47,822 admin:INFO 当前的用例ID是17，取值成功
2015-02-09 19:22:47,822 admin:INFO 取当前页面的用例名称，修改数据中的值。值为：易联后台登陆测试
2015-02-09 19:22:47,822 admin:INFO 取当前的用例性质写入，值为反案例
2015-02-09 19:22:50,503 admin:INFO POST方法，接受modify传过来的按钮名称转换成测试用例ID，通过ID查找到该测试用例的所有步骤，并加载到模版中循环显示在页面上
2015-02-09 19:29:53,476 admin:INFO POST值转换成字典并转换成一个大的列表值为：[(u'ywlname', [u'gfgfgfgfgf']), (u'action', [u'\u542f\u52a8\u6d4f\u89c8\u5668', u'\u8f93\u5165', u'\u8f93\u5165', u'\u5355\u51fb', u'\u6807\u51c6\u65ad\u8a00', u'\u8f93\u5165', u'\u542f\u52a8\u6d4f\u89c8\u5668']), (u'31', [u'\u4fdd\u5b58']), (u'desc', [u'111\u6253\u5f00\u6613\u8054\u540e\u53f0', u'111\u8f93\u5165\u7528\u6237\u540d', u'111\u8f93\u5165\u767b\u9646\u5bc6\u7801', u'111\u70b9\u51fb\u767b\u9646', u'111\u65ad\u8a00\u767b\u9646\u662f\u5426\u6210\u529f', u'111sdfasd', u'111asdas']), (u'method', [u'', u'id', u'id', u'id', u'css selector', u'id', u'id']), (u'value', [u'http://172.16.200.62:8080/neptune/login', u'admin', u'123456', u'', u'admin,\u60a8\u597d!\u9000\u51fa', u'python', u'http://www.baidu.com']), (u'element', [u'', u'name', u'password', u'submit', u'#btn_bar', u'kw', u''])]
2015-02-09 19:29:53,477 admin:INFO 遍历列表中的key和values，通过values的值取到key为31
2015-02-09 19:29:53,484 admin:INFO 当前的用例ID是31，取值成功
2015-02-09 19:29:53,486 admin:INFO 取当前页面的用例名称，修改数据中的值。值为：gfgfgfgfgf
2015-02-09 19:30:02,140 admin:INFO POST值转换成字典并转换成一个大的列表值为：[(u'ywlname', [u'gfgfgfgfgf']), (u'action', [u'\u542f\u52a8\u6d4f\u89c8\u5668', u'\u8f93\u5165', u'\u8f93\u5165', u'\u5355\u51fb', u'\u6807\u51c6\u65ad\u8a00', u'\u542f\u52a8\u6d4f\u89c8\u5668', u'\u8f93\u5165']), (u'31', [u'\u4fdd\u5b58']), (u'desc', [u'111\u6253\u5f00\u6613\u8054\u540e\u53f0', u'111\u8f93\u5165\u7528\u6237\u540d', u'111\u8f93\u5165\u767b\u9646\u5bc6\u7801', u'111\u70b9\u51fb\u767b\u9646', u'111\u65ad\u8a00\u767b\u9646\u662f\u5426\u6210\u529f', u'111asdas', u'111sdfasd']), (u'method', [u'', u'id', u'id', u'id', u'css selector', u'id', u'id']), (u'value', [u'http://172.16.200.62:8080/neptune/login', u'admin', u'123456', u'', u'admin,\u60a8\u597d!\u9000\u51fa', u'http://www.baidu.com', u'python']), (u'element', [u'', u'name', u'password', u'submit', u'#btn_bar', u'', u'kw'])]
2015-02-09 19:30:02,140 admin:INFO 遍历列表中的key和values，通过values的值取到key为31
2015-02-09 19:30:02,145 admin:INFO 当前的用例ID是31，取值成功
2015-02-09 19:30:02,147 admin:INFO 取当前页面的用例名称，修改数据中的值。值为：gfgfgfgfgf
2015-02-09 19:40:35,141 admin:INFO 连接的客户端ip是:172.16.60.219，当前用例ID是:30
2015-02-09 19:41:26,778 admin:INFO --进入首页
`.`is_superuser`, `auth_user`.`username`, `auth_user`.`first_name`, `auth_user`.`last_name`, `auth_user`.`email`, `auth_user`.`is_staff`, `auth_user`.`is_active`, `auth_user`.`date_joined` FROM `auth_user` WHERE `auth_user`.`username` = 'admin' LIMIT 21; args=(u'admin',)
2015-02-07 00:47:32,766 [Thread-23:1044] [django.db.backends:91] [DEBUG]- (0.001) SELECT `django_session`.`session_key`, `django_session`.`session_data`, `django_session`.`expire_date` FROM `django_session` WHERE (`django_session`.`session_key` = 'v8vf13imyypoycqobbfps8n0vfihliva' AND `django_session`.`expire_date` > '2015-02-06 16:47:32') LIMIT 21; args=('v8vf13imyypoycqobbfps8n0vfihliva', u'2015-02-06 16:47:32')
2015-02-07 00:47:32,767 [Thread-23:1044] [django.db.backends:91] [DEBUG]- (0.000) UPDATE `auth_user` SET `last_login` = '2015-02-06 16:47:32' WHERE `auth_user`.`id` = 1; args=(u'2015-02-06 16:47:32', 1)
2015-02-07 00:47:32,809 [Thread-23:1044] [django.db.backends:91] [DEBUG]- (0.000) UPDATE `django_session` SET `session_data` = 'MTgzMWRjNWNmY2U4OWNlMmQxY2YxZDE2ODhiM2MwZDdiZmY2ZDA1OTp7Il9hdXRoX3VzZXJfaGFzaCI6ImRmNDA2YzZhZjQyNWVhZjA1MzQxYjYyZTUyZjViZjk4OTc4MjA2MTciLCJfYXV0aF91c2VyX2JhY2tlbmQiOiJkamFuZ28uY29udHJpYi5hdXRoLmJhY2tlbmRzLk1vZGVsQmFja2VuZCIsIl9hdXRoX3VzZXJfaWQiOjF9', `expire_date` = '2015-02-20 16:47:32' WHERE `django_session`.`session_key` = 'v8vf13imyypoycqobbfps8n0vfihliva'; args=(u'MTgzMWRjNWNmY2U4OWNlMmQxY2YxZDE2ODhiM2MwZDdiZmY2ZDA1OTp7Il9hdXRoX3VzZXJfaGFzaCI6ImRmNDA2YzZhZjQyNWVhZjA1MzQxYjYyZTUyZjViZjk4OTc4MjA2MTciLCJfYXV0aF91c2VyX2JhY2tlbmQiOiJkamFuZ28uY29udHJpYi5hdXRoLmJhY2tlbmRzLk1vZGVsQmFja2VuZCIsIl9hdXRoX3VzZXJfaWQiOjF9', u'2015-02-20 16:47:32', 'v8vf13imyypoycqobbfps8n0vfihliva')
--进入首页
读取用例列表成功
2015-02-07 00:47:36,361 [Thread-25:5388] [django.db.backends:91] [DEBUG]- (0.000) SET SQL_AUTO_IS_NULL = 0; args=None
2015-02-07 00:47:36,364 [Thread-25:5388] [django.db.backends:91] [DEBUG]- (0.001) SELECT `webapp_test_case`.`id`, `webapp_test_case`.`name`, `webapp_test_case`.`desc`, `webapp_test_case`.`run_mode`, `webapp_test_case`.`note`, `webapp_test_case`.`data`, `webapp_test_case`.`case_nature`, `webapp_test_case`.`url`, `webapp_test_case`.`funtion_id_id` FROM `webapp_test_case`; args=()
2015-02-07 00:48:01,526 [Thread-32:5660] [django.db.backends:91] [DEBUG]- (0.001) SET SQL_AUTO_IS_NULL = 0; args=None
2015-02-07 00:48:01,528 [Thread-32:5660] [django.db.backends:91] [DEBUG]- (0.001) INSERT INTO `webapp_test_case` (`name`, `desc`, `run_mode`, `note`, `data`, `case_nature`, `url`, `funtion_id_id`) VALUES ('2', '', '', '', '2015-02-06 16:48:01', '正案例', '3', NULL); args=[u'2', u'', u'', u'', u'2015-02-06 16:48:01', u'\u6b63\u6848\u4f8b', u'3', None]
2015-02-07 00:48:01,563 [Thread-32:5660] [django.db.backends:91] [DEBUG]- (0.001) SELECT `webapp_test_case`.`id`, `webapp_test_case`.`name`, `webapp_test_case`.`desc`, `webapp_test_case`.`run_mode`, `webapp_test_case`.`note`, `webapp_test_case`.`data`, `webapp_test_case`.`case_nature`, `webapp_test_case`.`url`, `webapp_test_case`.`funtion_id_id` FROM `webapp_test_case` WHERE `webapp_test_case`.`name` = '2' LIMIT 21; args=(u'2',)
2015-02-07 00:48:01,568 [Thread-32:5660] [django.db.backends:91] [DEBUG]- (0.000) INSERT INTO `webapp_test_step` (`desc`, `method`, `element`, `action`, `value`, `case_name_id`) VALUES ('111打开易联后台', '', '', '', '', 49); args=[u'111\u6253\u5f00\u6613\u8054\u540e\u53f0', u'', u'', u'', u'', 49]
2015-02-07 00:48:01,609 [Thread-32:5660] [django.db.backends:91] [DEBUG]- (0.001) INSERT INTO `webapp_test_step` (`desc`, `method`, `element`, `action`, `value`, `case_name_id`) VALUES ('w', '', '', '', '', 49); args=[u'w', u'', u'', u'', u'', 49]
2015-02-07 00:48:01,621 [Thread-32:5660] [django.db.backends:91] [DEBUG]- (0.001) INSERT INTO `webapp_test_step` (`desc`, `method`, `element`, `action`, `value`, `case_name_id`) VALUES ('3', '', '', '', '', 49); args=[u'3', u'', u'', u'', u'', 49]
2015-02-07 00:48:04,487 [Thread-33:6120] [django.db.backends:91] [DEBUG]- (0.000) SET SQL_AUTO_IS_NULL = 0; args=None
2015-02-07 00:48:04,489 [Thread-33:6120] [django.db.backends:91] [DEBUG]- (0.001) SELECT COUNT(*) FROM `webapp_test_case`; args=()
2015-02-07 00:48:04,490 [Thread-33:6120] [django.db.backends:91] [DEBUG]- (0.001) SELECT `webapp_test_case`.`id`, `webapp_test_case`.`name`, `webapp_test_case`.`desc`, `webapp_test_case`.`run_mode`, `webapp_test_case`.`note`, `webapp_test_case`.`data`, `webapp_test_case`.`case_nature`, `webapp_test_case`.`url`, `webapp_test_case`.`funtion_id_id` FROM `webapp_test_case` LIMIT 10; args=()
2015-02-07 00:48:06,572 [Thread-34:4560] [django.db.backends:91] [DEBUG]- (0.000) SET SQL_AUTO_IS_NULL = 0; args=None
2015-02-07 00:48:06,573 [Thread-34:4560] [django.db.backends:91] [DEBUG]- (0.000) SELECT COUNT(*) FROM `webapp_test_case`; args=()
2015-02-07 00:48:06,575 [Thread-34:4560] [django.db.backends:91] [DEBUG]- (0.001) SELECT `webapp_test_case`.`id`, `webapp_test_case`.`name`, `webapp_test_case`.`desc`, `webapp_test_case`.`run_mode`, `webapp_test_case`.`note`, `webapp_test_case`.`data`, `webapp_test_case`.`case_nature`, `webapp_test_case`.`url`, `webapp_test_case`.`funtion_id_id` FROM `webapp_test_case` LIMIT 10 OFFSET 10; args=()
2015-02-07 00:48:08,414 [Thread-35:4428] [django.db.backends:91] [DEBUG]- (0.001) SET SQL_AUTO_IS_NULL = 0; args=None
2015-02-07 00:48:08,414 [Thread-35:4428] [django.db.backends:91] [DEBUG]- (0.001) SELECT COUNT(*) FROM `webapp_test_case`; args=()
2015-02-07 00:48:08,415 [Thread-35:4428] [django.db.backends:91] [DEBUG]- (0.001) SELECT `webapp_test_case`.`id`, `webapp_test_case`.`name`, `webapp_test_case`.`desc`, `webapp_test_case`.`run_mode`, `webapp_test_case`.`note`, `webapp_test_case`.`data`, `webapp_test_case`.`case_nature`, `webapp_test_case`.`url`, `webapp_test_case`.`funtion_id_id` FROM `webapp_test_case` LIMIT 10 OFFSET 20; args=()
2015-02-07 00:48:09,262 [Thread-36:5828] [django.db.backends:91] [DEBUG]- (0.000) SET SQL_AUTO_IS_NULL = 0; args=None
2015-02-07 00:48:09,263 [Thread-36:5828] [django.db.backends:91] [DEBUG]- (0.000) SELECT COUNT(*) FROM `webapp_test_case`; args=()
2015-02-07 00:48:09,265 [Thread-36:5828] [django.db.backends:91] [DEBUG]- (0.001) SELECT `webapp_test_case`.`id`, `webapp_test_case`.`name`, `webapp_test_case`.`desc`, `webapp_test_case`.`run_mode`, `webapp_test_case`.`note`, `webapp_test_case`.`data`, `webapp_test_case`.`case_nature`, `webapp_test_case`.`url`, `webapp_test_case`.`funtion_id_id` FROM `webapp_test_case` LIMIT 3 OFFSET 30; args=()
2015-02-07 00:48:13,260 [Thread-37:5268] [django.db.backends:91] [DEBUG]- (0.000) SET SQL_AUTO_IS_NULL = 0; args=None
2015-02-07 00:48:13,262 [Thread-37:5268] [django.db.backends:91] [DEBUG]- (0.001) SELECT `webapp_test_case`.`id`, `webapp_test_case`.`name`, `webapp_test_case`.`desc`, `webapp_test_case`.`run_mode`, `webapp_test_case`.`note`, `webapp_test_case`.`data`, `webapp_test_case`.`case_nature`, `webapp_test_case`.`url`, `webapp_test_case`.`funtion_id_id` FROM `webapp_test_case` WHERE `webapp_test_case`.`id` = 49 LIMIT 21; args=(49,)
POST方法，接受modify传过来的按钮名称转换成测试用例ID，通过ID查找到该测试用例的所有步骤，并加载到模版中循环显示在页面上
2015-02-07 00:48:13,269 [Thread-37:5268] [django.db.backends:91] [DEBUG]- (0.000) SELECT `webapp_test_step`.`id`, `webapp_test_step`.`desc`, `webapp_test_step`.`method`, `webapp_test_step`.`element`, `webapp_test_step`.`action`, `webapp_test_step`.`value`, `webapp_test_step`.`case_name_id` FROM `webapp_test_step` WHERE `webapp_test_step`.`case_name_id` = 49; args=(49,)
2015-02-07 00:49:45,220 [Thread-38:2640] [django.db.backends:91] [DEBUG]- (0.001) SET SQL_AUTO_IS_NULL = 0; args=None
2015-02-07 00:49:45,220 [Thread-38:2640] [django.db.backends:91] [DEBUG]- (0.001) SELECT `webapp_business_flow`.`id`, `webapp_business_flow`.`name`, `webapp_business_flow`.`date` FROM `webapp_business_flow`; args=()
2015-02-07 00:49:47,088 [Thread-39:2172] [django.db.backends:91] [DEBUG]- (0.000) SET SQL_AUTO_IS_NULL = 0; args=None
2015-02-07 00:49:47,088 [Thread-39:2172] [django.db.backends:91] [DEBUG]- (0.000) SELECT `webapp_business_flow`.`id`, `webapp_business_flow`.`name`, `webapp_business_flow`.`date` FROM `webapp_business_flow` WHERE `webapp_business_flow`.`id` = 39 LIMIT 21; args=(39,)
2015-02-07 00:49:47,095 [Thread-39:2172] [django.db.backends:91] [DEBUG]- (0.001) SELECT `webapp_business_flow_stp`.`id`, `webapp_business_flow_stp`.`desc`, `webapp_business_flow_stp`.`method`, `webapp_business_flow_stp`.`element`, `webapp_business_flow_stp`.`action`, `webapp_business_flow_stp`.`value`, `webapp_business_flow_stp`.`case_name_id` FROM `webapp_business_flow_stp` WHERE `webapp_business_flow_stp`.`case_name_id` = 39; args=(39,)
2015-02-07 00:49:47,098 [Thread-39:2172] [django.db.backends:91] [DEBUG]- (0.002) SELECT `webapp_test_case`.`id`, `webapp_test_case`.`name`, `webapp_test_case`.`desc`, `webapp_test_case`.`run_mode`, `webapp_test_case`.`note`, `webapp_test_case`.`data`, `webapp_test_case`.`case_nature`, `webapp_test_case`.`url`, `webapp_test_case`.`funtion_id_id` FROM `webapp_test_case`; args=()
2015-02-09 18:23:17,299 [Thread-54:2220] [django.request:143] [WARNING]- Not Found: /favicon.ico
2015-02-09 18:23:17,309 [Thread-55:5472] [django.request:143] [WARNING]- Not Found: /favicon.ico
2015-02-09 18:23:36,191 [Thread-56:2364] [django.db.backends:91] [DEBUG]- (0.000) SET SQL_AUTO_IS_NULL = 0; args=None
2015-02-09 18:23:36,194 [Thread-56:2364] [django.db.backends:91] [DEBUG]- (0.001) SELECT `auth_user`.`id`, `auth_user`.`password`, `auth_user`.`last_login`, `auth_user`.`is_superuser`, `auth_user`.`username`, `auth_user`.`first_name`, `auth_user`.`last_name`, `auth_user`.`email`, `auth_user`.`is_staff`, `auth_user`.`is_active`, `auth_user`.`date_joined` FROM `auth_user` WHERE `auth_user`.`username` = 'admin' LIMIT 21; args=(u'admin',)
2015-02-09 18:23:36,322 [Thread-56:2364] [django.db.backends:91] [DEBUG]- (0.000) SELECT `django_session`.`session_key`, `django_session`.`session_data`, `django_session`.`expire_date` FROM `django_session` WHERE (`django_session`.`session_key` = 'ce8pcteof02c8lkqh08gg1b2j11pxp8x' AND `django_session`.`expire_date` > '2015-02-09 10:23:36') LIMIT 21; args=('ce8pcteof02c8lkqh08gg1b2j11pxp8x', u'2015-02-09 10:23:36')
2015-02-09 18:23:36,325 [Thread-56:2364] [django.db.backends:91] [DEBUG]- (0.000) SELECT `django_session`.`session_key`, `django_session`.`session_data`, `django_session`.`expire_date` FROM `django_session` WHERE `django_session`.`session_key` = 'ce8pcteof02c8lkqh08gg1b2j11pxp8x' LIMIT 21; args=('ce8pcteof02c8lkqh08gg1b2j11pxp8x',)
2015-02-09 18:23:36,326 [Thread-56:2364] [django.db.backends:91] [DEBUG]- (0.001) DELETE FROM `django_session` WHERE `django_session`.`session_key` IN ('ce8pcteof02c8lkqh08gg1b2j11pxp8x'); args=(u'ce8pcteof02c8lkqh08gg1b2j11pxp8x',)
2015-02-09 18:23:36,348 [Thread-56:2364] [django.db.backends:91] [DEBUG]- (0.000) SELECT (1) AS `a` FROM `django_session` WHERE `django_session`.`session_key` = 'qe22e3oxq2men9slx8ksio4g9kg4kq2x' LIMIT 1; args=(u'qe22e3oxq2men9slx8ksio4g9kg4kq2x',)
2015-02-09 18:23:36,349 [Thread-56:2364] [django.db.backends:91] [DEBUG]- (0.001) INSERT INTO `django_session` (`session_key`, `session_data`, `expire_date`) VALUES ('qe22e3oxq2men9slx8ksio4g9kg4kq2x', 'NjNmMzhhY2FlMzBmNzkxZTZjZmYyZDhjOGYxZTJiMmFhNTA5ZTAxNjp7fQ==', '2015-02-23 10:23:36'); args=(u'qe22e3oxq2men9slx8ksio4g9kg4kq2x', u'NjNmMzhhY2FlMzBmNzkxZTZjZmYyZDhjOGYxZTJiMmFhNTA5ZTAxNjp7fQ==', u'2015-02-23 10:23:36')
2015-02-09 18:23:36,371 [Thread-56:2364] [django.db.backends:91] [DEBUG]- (0.001) UPDATE `auth_user` SET `last_login` = '2015-02-09 10:23:36' WHERE `auth_user`.`id` = 1; args=(u'2015-02-09 10:23:36', 1)
2015-02-09 18:23:36,382 [Thread-56:2364] [django.db.backends:91] [DEBUG]- (0.000) UPDATE `django_session` SET `session_data` = 'MTgzMWRjNWNmY2U4OWNlMmQxY2YxZDE2ODhiM2MwZDdiZmY2ZDA1OTp7Il9hdXRoX3VzZXJfaGFzaCI6ImRmNDA2YzZhZjQyNWVhZjA1MzQxYjYyZTUyZjViZjk4OTc4MjA2MTciLCJfYXV0aF91c2VyX2JhY2tlbmQiOiJkamFuZ28uY29udHJpYi5hdXRoLmJhY2tlbmRzLk1vZGVsQmFja2VuZCIsIl9hdXRoX3VzZXJfaWQiOjF9', `expire_date` = '2015-02-23 10:23:36' WHERE `django_session`.`session_key` = 'qe22e3oxq2men9slx8ksio4g9kg4kq2x'; args=(u'MTgzMWRjNWNmY2U4OWNlMmQxY2YxZDE2ODhiM2MwZDdiZmY2ZDA1OTp7Il9hdXRoX3VzZXJfaGFzaCI6ImRmNDA2YzZhZjQyNWVhZjA1MzQxYjYyZTUyZjViZjk4OTc4MjA2MTciLCJfYXV0aF91c2VyX2JhY2tlbmQiOiJkamFuZ28uY29udHJpYi5hdXRoLmJhY2tlbmRzLk1vZGVsQmFja2VuZCIsIl9hdXRoX3VzZXJfaWQiOjF9', u'2015-02-23 10:23:36', u'qe22e3oxq2men9slx8ksio4g9kg4kq2x')
--进入首页
2015-02-09 18:23:52,250 [Thread-65:4892] [django.db.backends:91] [DEBUG]- (0.000) SET SQL_AUTO_IS_NULL = 0; args=None
2015-02-09 18:23:52,250 [Thread-65:4892] [django.db.backends:91] [DEBUG]- (0.001) SELECT `webapp_business_flow`.`id`, `webapp_business_flow`.`name`, `webapp_business_flow`.`date` FROM `webapp_business_flow`; args=()
连接的客户端ip是:172.16.6.6，当前用例ID是:30
2015-02-09 18:23:54,354 [Thread-66:2608] [django.db.backends:91] [DEBUG]- (0.000) SET SQL_AUTO_IS_NULL = 0; args=None
2015-02-09 18:23:54,355 [Thread-66:2608] [django.db.backends:91] [DEBUG]- (0.000) SELECT `webapp_business_flow`.`id`, `webapp_business_flow`.`name`, `webapp_business_flow`.`date` FROM `webapp_business_flow`; args=()
2015-02-09 18:24:18,028 [Thread-67:4920] [django.db.backends:91] [DEBUG]- (0.000) SET SQL_AUTO_IS_NULL = 0; args=None
2015-02-09 18:24:18,029 [Thread-67:4920] [django.db.backends:91] [DEBUG]- (0.001) SELECT `webapp_business_flow`.`id`, `webapp_business_flow`.`name`, `webapp_business_flow`.`date` FROM `webapp_business_flow` WHERE `webapp_business_flow`.`id` = 31 LIMIT 21; args=(31,)
2015-02-09 18:24:18,035 [Thread-67:4920] [django.db.backends:91] [DEBUG]- (0.000) SELECT `webapp_business_flow_stp`.`id`, `webapp_business_flow_stp`.`desc`, `webapp_business_flow_stp`.`method`, `webapp_business_flow_stp`.`element`, `webapp_business_flow_stp`.`action`, `webapp_business_flow_stp`.`value`, `webapp_business_flow_stp`.`case_name_id` FROM `webapp_business_flow_stp` WHERE `webapp_business_flow_stp`.`case_name_id` = 31; args=(31,)
2015-02-09 18:24:18,039 [Thread-67:4920] [django.db.backends:91] [DEBUG]- (0.001) SELECT `webapp_test_case`.`id`, `webapp_test_case`.`name`, `webapp_test_case`.`desc`, `webapp_test_case`.`run_mode`, `webapp_test_case`.`note`, `webapp_test_case`.`data`, `webapp_test_case`.`case_nature`, `webapp_test_case`.`url`, `webapp_test_case`.`funtion_id_id` FROM `webapp_test_case`; args=()
POST值转换成字典并转换成一个大的列表值为：[(u'ywlname', [u'gfgfgfgfgf']), (u'action', [u'\u542f\u52a8\u6d4f\u89c8\u5668', u'\u8f93\u5165', u'\u8f93\u5165', u'\u5355\u51fb', u'\u6807\u51c6\u65ad\u8a00', u'\u542f\u52a8\u6d4f\u89c8\u5668', u'\u8f93\u5165']), (u'31', [u'\u4fdd\u5b58']), (u'desc', [u'111\u6253\u5f00\u6613\u8054\u540e\u53f0', u'111\u8f93\u5165\u7528\u6237\u540d', u'111\u8f93\u5165\u767b\u9646\u5bc6\u7801', u'111\u70b9\u51fb\u767b\u9646', u'111\u65ad\u8a00\u767b\u9646\u662f\u5426\u6210\u529f', u'111asdas', u'111sdfasd']), (u'method', [u'', u'id', u'id', u'id', u'css selector', u'id', u'id']), (u'value', [u'http://172.16.200.62:8080/neptune/login', u'admin', u'123456', u'', u'admin,\u60a8\u597d!\u9000\u51fa', u'http://www.baidu.com', u'python']), (u'element', [u'', u'name', u'password', u'submit', u'#btn_bar', u'', u'kw'])]
遍历列表中的key和values，通过values的值取到key为31
2015-02-09 18:24:23,487 [Thread-68:3384] [django.db.backends:91] [DEBUG]- (0.001) SET SQL_AUTO_IS_NULL = 0; args=None
2015-02-09 18:24:23,489 [Thread-68:3384] [django.db.backends:91] [DEBUG]- (0.001) SELECT `webapp_business_flow`.`id`, `webapp_business_flow`.`name`, `webapp_business_flow`.`date` FROM `webapp_business_flow` WHERE `webapp_business_flow`.`id` = 31 LIMIT 21; args=(31,)
当前的用例ID是31，取值成功
取当前页面的用例名称，修改数据中的值。值为：gfgfgfgfgf
2015-02-09 18:24:23,492 [Thread-68:3384] [django.db.backends:91] [DEBUG]- (0.000) UPDATE `webapp_business_flow` SET `name` = 'gfgfgfgfgf', `date` = '2015-02-09 10:24:23' WHERE `webapp_business_flow`.`id` = 31; args=(u'gfgfgfgfgf', u'2015-02-09 10:24:23', 31)
2015-02-09 18:24:23,519 [Thread-68:3384] [django.db.backends:91] [DEBUG]- (0.000) DELETE FROM `webapp_business_flow_stp` WHERE `webapp_business_flow_stp`.`case_name_id` = 31; args=(31,)
2015-02-09 18:24:23,563 [Thread-68:3384] [django.db.backends:91] [DEBUG]- (0.016) INSERT INTO `webapp_business_flow_stp` (`desc`, `method`, `element`, `action`, `value`, `case_name_id`) VALUES ('111打开易联后台', '', '', '启动浏览器', 'http://172.16.200.62:8080/neptune/login', 31); args=[u'111\u6253\u5f00\u6613\u8054\u540e\u53f0', u'', u'', u'\u542f\u52a8\u6d4f\u89c8\u5668', u'http://172.16.200.62:8080/neptune/login', 31]
2015-02-09 18:24:23,586 [Thread-68:3384] [django.db.backends:91] [DEBUG]- (0.000) INSERT INTO `webapp_business_flow_stp` (`desc`, `method`, `element`, `action`, `value`, `case_name_id`) VALUES ('111输入用户名', 'id', 'name', '输入', 'admin', 31); args=[u'111\u8f93\u5165\u7528\u6237\u540d', u'id', u'name', u'\u8f93\u5165', u'admin', 31]
2015-02-09 18:24:23,599 [Thread-68:3384] [django.db.backends:91] [DEBUG]- (0.001) INSERT INTO `webapp_business_flow_stp` (`desc`, `method`, `element`, `action`, `value`, `case_name_id`) VALUES ('111输入登陆密码', 'id', 'password', '输入', '123456', 31); args=[u'111\u8f93\u5165\u767b\u9646\u5bc6\u7801', u'id', u'password', u'\u8f93\u5165', u'123456', 31]
2015-02-09 18:24:23,622 [Thread-68:3384] [django.db.backends:91] [DEBUG]- (0.001) INSERT INTO `webapp_business_flow_stp` (`desc`, `method`, `element`, `action`, `value`, `case_name_id`) VALUES ('111点击登陆', 'id', 'submit', '单击', '', 31); args=[u'111\u70b9\u51fb\u767b\u9646', u'id', u'submit', u'\u5355\u51fb', u'', 31]
2015-02-09 18:24:23,640 [Thread-68:3384] [django.db.backends:91] [DEBUG]- (0.001) INSERT INTO `webapp_business_flow_stp` (`desc`, `method`, `element`, `action`, `value`, `case_name_id`) VALUES ('111断言登陆是否成功', 'css selector', '#btn_bar', '标准断言', 'admin,您好!退出', 31); args=[u'111\u65ad\u8a00\u767b\u9646\u662f\u5426\u6210\u529f', u'css selector', u'#btn_bar', u'\u6807\u51c6\u65ad\u8a00', u'admin,\u60a8\u597d!\u9000\u51fa', 31]
2015-02-09 18:24:23,651 [Thread-68:3384] [django.db.backends:91] [DEBUG]- (0.000) INSERT INTO `webapp_business_flow_stp` (`desc`, `method`, `element`, `action`, `value`, `case_name_id`) VALUES ('111asdas', 'id', '', '启动浏览器', 'http://www.baidu.com', 31); args=[u'111asdas', u'id', u'', u'\u542f\u52a8\u6d4f\u89c8\u5668', u'http://www.baidu.com', 31]
2015-02-09 18:24:23,674 [Thread-68:3384] [django.db.backends:91] [DEBUG]- (0.001) INSERT INTO `webapp_business_flow_stp` (`desc`, `method`, `element`, `action`, `value`, `case_name_id`) VALUES ('111sdfasd', 'id', 'kw', '输入', 'python', 31); args=[u'111sdfasd', u'id', u'kw', u'\u8f93\u5165', u'python', 31]
2015-02-09 18:24:23,733 [Thread-69:4828] [django.db.backends:91] [DEBUG]- (0.001) SET SQL_AUTO_IS_NULL = 0; args=None
2015-02-09 18:24:23,733 [Thread-69:4828] [django.db.backends:91] [DEBUG]- (0.001) SELECT `webapp_business_flow`.`id`, `webapp_business_flow`.`name`, `webapp_business_flow`.`date` FROM `webapp_business_flow`; args=()
连接的客户端ip是:172.16.6.6，当前用例ID是:31
2015-02-09 18:24:24,875 [Thread-70:5760] [django.db.backends:91] [DEBUG]- (0.000) SET SQL_AUTO_IS_NULL = 0; args=None
2015-02-09 18:24:24,875 [Thread-70:5760] [django.db.backends:91] [DEBUG]- (0.001) SELECT `webapp_business_flow`.`id`, `webapp_business_flow`.`name`, `webapp_business_flow`.`date` FROM `webapp_business_flow`; args=()
连接的客户端ip是:172.16.6.6，当前用例ID是:31
2015-02-09 18:34:58,769 [Thread-71:5176] [django.db.backends:91] [DEBUG]- (0.000) SET SQL_AUTO_IS_NULL = 0; args=None
2015-02-09 18:34:58,772 [Thread-71:5176] [django.db.backends:91] [DEBUG]- (0.001) SELECT `webapp_business_flow`.`id`, `webapp_business_flow`.`name`, `webapp_business_flow`.`date` FROM `webapp_business_flow`; args=()
2015-02-09 18:36:51,220 [Thread-73:6124] [django.db.backends:91] [DEBUG]- (0.000) SET SQL_AUTO_IS_NULL = 0; args=None
2015-02-09 18:36:51,221 [Thread-73:6124] [django.db.backends:91] [DEBUG]- (0.001) INSERT INTO `webapp_test_case` (`name`, `desc`, `run_mode`, `note`, `data`, `case_nature`, `url`, `funtion_id_id`) VALUES ('跳转到163', '', '', '', '2015-02-09 10:36:51', '正案例', '', NULL); args=[u'\u8df3\u8f6c\u5230163', u'', u'', u'', u'2015-02-09 10:36:51', u'\u6b63\u6848\u4f8b', u'', None]
2015-02-09 18:36:51,253 [Thread-73:6124] [django.db.backends:91] [DEBUG]- (0.001) SELECT `webapp_test_case`.`id`, `webapp_test_case`.`name`, `webapp_test_case`.`desc`, `webapp_test_case`.`run_mode`, `webapp_test_case`.`note`, `webapp_test_case`.`data`, `webapp_test_case`.`case_nature`, `webapp_test_case`.`url`, `webapp_test_case`.`funtion_id_id` FROM `webapp_test_case` WHERE `webapp_test_case`.`name` = '跳转到163' LIMIT 21; args=(u'\u8df3\u8f6c\u5230163',)
2015-02-09 18:36:51,256 [Thread-73:6124] [django.db.backends:91] [DEBUG]- (0.001) INSERT INTO `webapp_test_step` (`desc`, `method`, `element`, `action`, `value`, `case_name_id`) VALUES ('跳转到163', '', 'www.163.com', '启动浏览器', 'www.163.com', 50); args=[u'\u8df3\u8f6c\u5230163', u'', u'www.163.com', u'\u542f\u52a8\u6d4f\u89c8\u5668', u'www.163.com', 50]
2015-02-09 18:37:13,940 [Thread-74:5524] [django.db.backends:91] [DEBUG]- (0.001) SET SQL_AUTO_IS_NULL = 0; args=None
2015-02-09 18:37:13,941 [Thread-74:5524] [django.db.backends:91] [DEBUG]- (0.001) INSERT INTO `webapp_test_case` (`name`, `desc`, `run_mode`, `note`, `data`, `case_nature`, `url`, `funtion_id_id`) VALUES ('跳转到baidu', '', '', '', '2015-02-09 10:37:13', '正案例', '', NULL); args=[u'\u8df3\u8f6c\u5230baidu', u'', u'', u'', u'2015-02-09 10:37:13', u'\u6b63\u6848\u4f8b', u'', None]
2015-02-09 18:37:13,976 [Thread-74:5524] [django.db.backends:91] [DEBUG]- (0.001) SELECT `webapp_test_case`.`id`, `webapp_test_case`.`name`, `webapp_test_case`.`desc`, `webapp_test_case`.`run_mode`, `webapp_test_case`.`note`, `webapp_test_case`.`data`, `webapp_test_case`.`case_nature`, `webapp_test_case`.`url`, `webapp_test_case`.`funtion_id_id` FROM `webapp_test_case` WHERE `webapp_test_case`.`name` = '跳转到baidu' LIMIT 21; args=(u'\u8df3\u8f6c\u5230baidu',)
2015-02-09 18:37:13,980 [Thread-74:5524] [django.db.backends:91] [DEBUG]- (0.001) INSERT INTO `webapp_test_step` (`desc`, `method`, `element`, `action`, `value`, `case_name_id`) VALUES ('tiaozhuan1', '', '', '启动浏览器', 'www.baidu.com', 51); args=[u'tiaozhuan1', u'', u'', u'\u542f\u52a8\u6d4f\u89c8\u5668', u'www.baidu.com', 51]
读取用例列表成功
2015-02-09 18:37:17,605 [Thread-75:5580] [django.db.backends:91] [DEBUG]- (0.000) SET SQL_AUTO_IS_NULL = 0; args=None
2015-02-09 18:37:17,608 [Thread-75:5580] [django.db.backends:91] [DEBUG]- (0.002) SELECT `webapp_test_case`.`id`, `webapp_test_case`.`name`, `webapp_test_case`.`desc`, `webapp_test_case`.`run_mode`, `webapp_test_case`.`note`, `webapp_test_case`.`data`, `webapp_test_case`.`case_nature`, `webapp_test_case`.`url`, `webapp_test_case`.`funtion_id_id` FROM `webapp_test_case`; args=()
测试用例ID为['50']
2015-02-09 18:37:22,561 [Thread-76:5564] [django.db.backends:91] [DEBUG]- (0.000) SET SQL_AUTO_IS_NULL = 0; args=None
2015-02-09 18:37:22,562 [Thread-76:5564] [django.db.backends:91] [DEBUG]- (0.001) SELECT `webapp_test_case`.`id`, `webapp_test_case`.`name`, `webapp_test_case`.`desc`, `webapp_test_case`.`run_mode`, `webapp_test_case`.`note`, `webapp_test_case`.`data`, `webapp_test_case`.`case_nature`, `webapp_test_case`.`url`, `webapp_test_case`.`funtion_id_id` FROM `webapp_test_case` WHERE `webapp_test_case`.`id` = 50 LIMIT 21; args=(50,)
2015-02-09 18:37:22,563 [Thread-76:5564] [django.db.backends:91] [DEBUG]- (0.001) SELECT `webapp_test_step`.`id`, `webapp_test_step`.`desc`, `webapp_test_step`.`method`, `webapp_test_step`.`element`, `webapp_test_step`.`action`, `webapp_test_step`.`value`, `webapp_test_step`.`case_name_id` FROM `webapp_test_step` WHERE `webapp_test_step`.`case_name_id` = 50; args=(50,)
测试用例ID为['50', '51']
2015-02-09 18:37:26,720 [Thread-77:5892] [django.db.backends:91] [DEBUG]- (0.000) SET SQL_AUTO_IS_NULL = 0; args=None
2015-02-09 18:37:26,720 [Thread-77:5892] [django.db.backends:91] [DEBUG]- (0.000) SELECT `webapp_test_case`.`id`, `webapp_test_case`.`name`, `webapp_test_case`.`desc`, `webapp_test_case`.`run_mode`, `webapp_test_case`.`note`, `webapp_test_case`.`data`, `webapp_test_case`.`case_nature`, `webapp_test_case`.`url`, `webapp_test_case`.`funtion_id_id` FROM `webapp_test_case` WHERE `webapp_test_case`.`id` = 50 LIMIT 21; args=(50,)
2015-02-09 18:37:26,723 [Thread-77:5892] [django.db.backends:91] [DEBUG]- (0.000) SELECT `webapp_test_step`.`id`, `webapp_test_step`.`desc`, `webapp_test_step`.`method`, `webapp_test_step`.`element`, `webapp_test_step`.`action`, `webapp_test_step`.`value`, `webapp_test_step`.`case_name_id` FROM `webapp_test_step` WHERE `webapp_test_step`.`case_name_id` = 50; args=(50,)
2015-02-09 18:37:26,724 [Thread-77:5892] [django.db.backends:91] [DEBUG]- (0.001) SELECT `webapp_test_case`.`id`, `webapp_test_case`.`name`, `webapp_test_case`.`desc`, `webapp_test_case`.`run_mode`, `webapp_test_case`.`note`, `webapp_test_case`.`data`, `webapp_test_case`.`case_nature`, `webapp_test_case`.`url`, `webapp_test_case`.`funtion_id_id` FROM `webapp_test_case` WHERE `webapp_test_case`.`id` = 51 LIMIT 21; args=(51,)
2015-02-09 18:37:26,726 [Thread-77:5892] [django.db.backends:91] [DEBUG]- (0.000) SELECT `webapp_test_step`.`id`, `webapp_test_step`.`desc`, `webapp_test_step`.`method`, `webapp_test_step`.`element`, `webapp_test_step`.`action`, `webapp_test_step`.`value`, `webapp_test_step`.`case_name_id` FROM `webapp_test_step` WHERE `webapp_test_step`.`case_name_id` = 51; args=(51,)
业务流名称为tiaozhuan
2015-02-09 18:38:01,441 [Thread-78:4740] [django.db.backends:91] [DEBUG]- (0.001) SET SQL_AUTO_IS_NULL = 0; args=None
2015-02-09 18:38:01,443 [Thread-78:4740] [django.db.backends:91] [DEBUG]- (0.001) INSERT INTO `webapp_business_flow` (`name`, `date`) VALUES ('tiaozhuan', '2015-02-09 10:38:01'); args=[u'tiaozhuan', u'2015-02-09 10:38:01']
2015-02-09 18:38:01,474 [Thread-78:4740] [django.db.backends:91] [DEBUG]- (0.001) SELECT `webapp_business_flow`.`id`, `webapp_business_flow`.`name`, `webapp_business_flow`.`date` FROM `webapp_business_flow` WHERE `webapp_business_flow`.`name` = 'tiaozhuan' LIMIT 21; args=(u'tiaozhuan',)
2015-02-09 18:38:01,496 [Thread-78:4740] [django.db.backends:91] [DEBUG]- (0.019) INSERT INTO `webapp_business_flow_stp` (`desc`, `method`, `element`, `action`, `value`, `case_name_id`) VALUES ('111跳转到163', '', 'www.163.com', '启动浏览器', 'www.163.com', 40); args=[u'111\u8df3\u8f6c\u5230163', u'', u'www.163.com', u'\u542f\u52a8\u6d4f\u89c8\u5668', u'www.163.com', 40]
2015-02-09 18:38:01,525 [Thread-78:4740] [django.db.backends:91] [DEBUG]- (0.000) INSERT INTO `webapp_business_flow_stp` (`desc`, `method`, `element`, `action`, `value`, `case_name_id`) VALUES ('', '', '', '启动浏览器', 'www.163.com', 40); args=[u'', u'', u'', u'\u542f\u52a8\u6d4f\u89c8\u5668', u'www.163.com', 40]
2015-02-09 18:38:01,553 [Thread-78:4740] [django.db.backends:91] [DEBUG]- (0.000) INSERT INTO `webapp_business_flow_stp` (`desc`, `method`, `element`, `action`, `value`, `case_name_id`) VALUES ('111tiaozhuan1', '', '', '启动浏览器', 'www.baidu.com', 40); args=[u'111tiaozhuan1', u'', u'', u'\u542f\u52a8\u6d4f\u89c8\u5668', u'www.baidu.com', 40]
新增业务流成功
2015-02-09 18:38:04,019 [Thread-79:5708] [django.db.backends:91] [DEBUG]- (0.000) SET SQL_AUTO_IS_NULL = 0; args=None
2015-02-09 18:38:04,019 [Thread-79:5708] [django.db.backends:91] [DEBUG]- (0.001) SELECT `webapp_business_flow`.`id`, `webapp_business_flow`.`name`, `webapp_business_flow`.`date` FROM `webapp_business_flow`; args=()
连接的客户端ip是:172.16.6.6，当前用例ID是:40
2015-02-09 18:38:11,217 [Thread-80:5516] [django.db.backends:91] [DEBUG]- (0.000) SET SQL_AUTO_IS_NULL = 0; args=None
2015-02-09 18:38:11,220 [Thread-80:5516] [django.db.backends:91] [DEBUG]- (0.001) SELECT `webapp_business_flow`.`id`, `webapp_business_flow`.`name`, `webapp_business_flow`.`date` FROM `webapp_business_flow`; args=()
2015-02-09 18:39:00,448 [Thread-89:2984] [django.request:143] [WARNING]- Not Found: /favicon.ico
--进入首页
2015-02-09 18:39:34,334 [Thread-91:5508] [django.db.backends:91] [DEBUG]- (0.000) SET SQL_AUTO_IS_NULL = 0; args=None
2015-02-09 18:39:34,335 [Thread-91:5508] [django.db.backends:91] [DEBUG]- (0.001) SELECT `auth_user`.`id`, `auth_user`.`password`, `auth_user`.`last_login`, `auth_user`.`is_superuser`, `auth_user`.`username`, `auth_user`.`first_name`, `auth_user`.`last_name`, `auth_user`.`email`, `auth_user`.`is_staff`, `auth_user`.`is_active`, `auth_user`.`date_joined` FROM `auth_user` WHERE `auth_user`.`username` = 'admin' LIMIT 21; args=(u'admin',)
2015-02-09 18:39:34,506 [Thread-91:5508] [django.db.backends:91] [DEBUG]- (0.001) SELECT `django_session`.`session_key`, `django_session`.`session_data`, `django_session`.`expire_date` FROM `django_session` WHERE (`django_session`.`session_key` = 'jen85wccz1tn2y1xgrytux952uxynbda' AND `django_session`.`expire_date` > '2015-02-09 10:39:34') LIMIT 21; args=('jen85wccz1tn2y1xgrytux952uxynbda', u'2015-02-09 10:39:34')
2015-02-09 18:39:34,509 [Thread-91:5508] [django.db.backends:91] [DEBUG]- (0.001) UPDATE `auth_user` SET `last_login` = '2015-02-09 10:39:34' WHERE `auth_user`.`id` = 1; args=(u'2015-02-09 10:39:34', 1)
2015-02-09 18:39:34,536 [Thread-91:5508] [django.db.backends:91] [DEBUG]- (0.000) UPDATE `django_session` SET `session_data` = 'MTgzMWRjNWNmY2U4OWNlMmQxY2YxZDE2ODhiM2MwZDdiZmY2ZDA1OTp7Il9hdXRoX3VzZXJfaGFzaCI6ImRmNDA2YzZhZjQyNWVhZjA1MzQxYjYyZTUyZjViZjk4OTc4MjA2MTciLCJfYXV0aF91c2VyX2JhY2tlbmQiOiJkamFuZ28uY29udHJpYi5hdXRoLmJhY2tlbmRzLk1vZGVsQmFja2VuZCIsIl9hdXRoX3VzZXJfaWQiOjF9', `expire_date` = '2015-02-23 10:39:34' WHERE `django_session`.`session_key` = 'jen85wccz1tn2y1xgrytux952uxynbda'; args=(u'MTgzMWRjNWNmY2U4OWNlMmQxY2YxZDE2ODhiM2MwZDdiZmY2ZDA1OTp7Il9hdXRoX3VzZXJfaGFzaCI6ImRmNDA2YzZhZjQyNWVhZjA1MzQxYjYyZTUyZjViZjk4OTc4MjA2MTciLCJfYXV0aF91c2VyX2JhY2tlbmQiOiJkamFuZ28uY29udHJpYi5hdXRoLmJhY2tlbmRzLk1vZGVsQmFja2VuZCIsIl9hdXRoX3VzZXJfaWQiOjF9', u'2015-02-23 10:39:34', 'jen85wccz1tn2y1xgrytux952uxynbda')
--进入首页
2015-02-09 18:40:01,163 [Thread-101:972] [django.db.backends:91] [DEBUG]- (0.001) SET SQL_AUTO_IS_NULL = 0; args=None
2015-02-09 18:40:01,164 [Thread-101:972] [django.db.backends:91] [DEBUG]- (0.001) SELECT COUNT(*) FROM `webapp_test_case`; args=()
2015-02-09 18:40:01,164 [Thread-101:972] [django.db.backends:91] [DEBUG]- (0.001) SELECT `webapp_test_case`.`id`, `webapp_test_case`.`name`, `webapp_test_case`.`desc`, `webapp_test_case`.`run_mode`, `webapp_test_case`.`note`, `webapp_test_case`.`data`, `webapp_test_case`.`case_nature`, `webapp_test_case`.`url`, `webapp_test_case`.`funtion_id_id` FROM `webapp_test_case` LIMIT 10; args=()
2015-02-09 18:40:06,142 [Thread-102:4624] [django.db.backends:91] [DEBUG]- (0.000) SET SQL_AUTO_IS_NULL = 0; args=None
2015-02-09 18:40:06,144 [Thread-102:4624] [django.db.backends:91] [DEBUG]- (0.000) SELECT `webapp_test_case`.`id`, `webapp_test_case`.`name`, `webapp_test_case`.`desc`, `webapp_test_case`.`run_mode`, `webapp_test_case`.`note`, `webapp_test_case`.`data`, `webapp_test_case`.`case_nature`, `webapp_test_case`.`url`, `webapp_test_case`.`funtion_id_id` FROM `webapp_test_case` WHERE `webapp_test_case`.`id` = 17 LIMIT 21; args=(17,)
POST方法，接受modify传过来的按钮名称转换成测试用例ID，通过ID查找到该测试用例的所有步骤，并加载到模版中循环显示在页面上
2015-02-09 18:40:06,151 [Thread-102:4624] [django.db.backends:91] [DEBUG]- (0.001) SELECT `webapp_test_step`.`id`, `webapp_test_step`.`desc`, `webapp_test_step`.`method`, `webapp_test_step`.`element`, `webapp_test_step`.`action`, `webapp_test_step`.`value`, `webapp_test_step`.`case_name_id` FROM `webapp_test_step` WHERE `webapp_test_step`.`case_name_id` = 17; args=(17,)
连接的客户端ip是:172.16.6.53，当前用例ID是:17
2015-02-09 18:40:12,582 [Thread-103:5140] [django.db.backends:91] [DEBUG]- (0.000) SET SQL_AUTO_IS_NULL = 0; args=None
2015-02-09 18:40:12,582 [Thread-103:5140] [django.db.backends:91] [DEBUG]- (0.000) SELECT COUNT(*) FROM `webapp_test_case`; args=()
2015-02-09 18:40:12,585 [Thread-103:5140] [django.db.backends:91] [DEBUG]- (0.001) SELECT `webapp_test_case`.`id`, `webapp_test_case`.`name`, `webapp_test_case`.`desc`, `webapp_test_case`.`run_mode`, `webapp_test_case`.`note`, `webapp_test_case`.`data`, `webapp_test_case`.`case_nature`, `webapp_test_case`.`url`, `webapp_test_case`.`funtion_id_id` FROM `webapp_test_case` LIMIT 10; args=()
读取用例列表成功
2015-02-09 18:41:25,674 [Thread-108:4332] [django.db.backends:91] [DEBUG]- (0.000) SET SQL_AUTO_IS_NULL = 0; args=None
2015-02-09 18:41:25,677 [Thread-108:4332] [django.db.backends:91] [DEBUG]- (0.002) SELECT `webapp_test_case`.`id`, `webapp_test_case`.`name`, `webapp_test_case`.`desc`, `webapp_test_case`.`run_mode`, `webapp_test_case`.`note`, `webapp_test_case`.`data`, `webapp_test_case`.`case_nature`, `webapp_test_case`.`url`, `webapp_test_case`.`funtion_id_id` FROM `webapp_test_case`; args=()
2015-02-09 18:42:30,842 [Thread-109:5796] [django.db.backends:91] [DEBUG]- (0.000) SET SQL_AUTO_IS_NULL = 0; args=None
2015-02-09 18:42:30,844 [Thread-109:5796] [django.db.backends:91] [DEBUG]- (0.001) SELECT `webapp_business_flow`.`id`, `webapp_business_flow`.`name`, `webapp_business_flow`.`date` FROM `webapp_business_flow`; args=()
2015-02-09 18:42:32,184 [Thread-110:5288] [django.db.backends:91] [DEBUG]- (0.001) SET SQL_AUTO_IS_NULL = 0; args=None
2015-02-09 18:42:32,186 [Thread-110:5288] [django.db.backends:91] [DEBUG]- (0.001) SELECT `webapp_business_flow`.`id`, `webapp_business_flow`.`name`, `webapp_business_flow`.`date` FROM `webapp_business_flow` WHERE `webapp_business_flow`.`id` = 30 LIMIT 21; args=(30,)
2015-02-09 18:42:32,191 [Thread-110:5288] [django.db.backends:91] [DEBUG]- (0.000) SELECT `webapp_business_flow_stp`.`id`, `webapp_business_flow_stp`.`desc`, `webapp_business_flow_stp`.`method`, `webapp_business_flow_stp`.`element`, `webapp_business_flow_stp`.`action`, `webapp_business_flow_stp`.`value`, `webapp_business_flow_stp`.`case_name_id` FROM `webapp_business_flow_stp` WHERE `webapp_business_flow_stp`.`case_name_id` = 30; args=(30,)
2015-02-09 18:42:32,197 [Thread-110:5288] [django.db.backends:91] [DEBUG]- (0.002) SELECT `webapp_test_case`.`id`, `webapp_test_case`.`name`, `webapp_test_case`.`desc`, `webapp_test_case`.`run_mode`, `webapp_test_case`.`note`, `webapp_test_case`.`data`, `webapp_test_case`.`case_nature`, `webapp_test_case`.`url`, `webapp_test_case`.`funtion_id_id` FROM `webapp_test_case`; args=()
2015-02-09 18:42:49,395 [Thread-111:5836] [django.db.backends:91] [DEBUG]- (0.001) SET SQL_AUTO_IS_NULL = 0; args=None
2015-02-09 18:42:49,397 [Thread-111:5836] [django.db.backends:91] [DEBUG]- (0.001) SELECT COUNT(*) FROM `webapp_test_case`; args=()
2015-02-09 18:42:49,398 [Thread-111:5836] [django.db.backends:91] [DEBUG]- (0.000) SELECT `webapp_test_case`.`id`, `webapp_test_case`.`name`, `webapp_test_case`.`desc`, `webapp_test_case`.`run_mode`, `webapp_test_case`.`note`, `webapp_test_case`.`data`, `webapp_test_case`.`case_nature`, `webapp_test_case`.`url`, `webapp_test_case`.`funtion_id_id` FROM `webapp_test_case` LIMIT 10; args=()
2015-02-09 18:42:50,759 [Thread-112:5552] [django.db.backends:91] [DEBUG]- (0.000) SET SQL_AUTO_IS_NULL = 0; args=None
2015-02-09 18:42:50,760 [Thread-112:5552] [django.db.backends:91] [DEBUG]- (0.001) SELECT `webapp_business_flow`.`id`, `webapp_business_flow`.`name`, `webapp_business_flow`.`date` FROM `webapp_business_flow`; args=()
2015-02-09 18:42:51,391 [Thread-113:5400] [django.db.backends:91] [DEBUG]- (0.000) SET SQL_AUTO_IS_NULL = 0; args=None
2015-02-09 18:42:51,394 [Thread-113:5400] [django.db.backends:91] [DEBUG]- (0.001) SELECT `webapp_test_case`.`id`, `webapp_test_case`.`name`, `webapp_test_case`.`desc`, `webapp_test_case`.`run_mode`, `webapp_test_case`.`note`, `webapp_test_case`.`data`, `webapp_test_case`.`case_nature`, `webapp_test_case`.`url`, `webapp_test_case`.`funtion_id_id` FROM `webapp_test_case` WHERE `webapp_test_case`.`id` = 17 LIMIT 21; args=(17,)
POST方法，接受modify传过来的按钮名称转换成测试用例ID，通过ID查找到该测试用例的所有步骤，并加载到模版中循环显示在页面上
2015-02-09 18:42:51,401 [Thread-113:5400] [django.db.backends:91] [DEBUG]- (0.001) SELECT `webapp_test_step`.`id`, `webapp_test_step`.`desc`, `webapp_test_step`.`method`, `webapp_test_step`.`element`, `webapp_test_step`.`action`, `webapp_test_step`.`value`, `webapp_test_step`.`case_name_id` FROM `webapp_test_step` WHERE `webapp_test_step`.`case_name_id` = 17; args=(17,)
2015-02-09 18:42:54,125 [Thread-114:5936] [django.db.backends:91] [DEBUG]- (0.000) SET SQL_AUTO_IS_NULL = 0; args=None
2015-02-09 18:42:54,125 [Thread-114:5936] [django.db.backends:91] [DEBUG]- (0.001) SELECT `webapp_business_flow`.`id`, `webapp_business_flow`.`name`, `webapp_business_flow`.`date` FROM `webapp_business_flow` WHERE `webapp_business_flow`.`id` = 30 LIMIT 21; args=(30,)
2015-02-09 18:42:54,131 [Thread-114:5936] [django.db.backends:91] [DEBUG]- (0.000) SELECT `webapp_business_flow_stp`.`id`, `webapp_business_flow_stp`.`desc`, `webapp_business_flow_stp`.`method`, `webapp_business_flow_stp`.`element`, `webapp_business_flow_stp`.`action`, `webapp_business_flow_stp`.`value`, `webapp_business_flow_stp`.`case_name_id` FROM `webapp_business_flow_stp` WHERE `webapp_business_flow_stp`.`case_name_id` = 30; args=(30,)
2015-02-09 18:42:54,138 [Thread-114:5936] [django.db.backends:91] [DEBUG]- (0.002) SELECT `webapp_test_case`.`id`, `webapp_test_case`.`name`, `webapp_test_case`.`desc`, `webapp_test_case`.`run_mode`, `webapp_test_case`.`note`, `webapp_test_case`.`data`, `webapp_test_case`.`case_nature`, `webapp_test_case`.`url`, `webapp_test_case`.`funtion_id_id` FROM `webapp_test_case`; args=()
读取用例列表成功
2015-02-09 18:48:03,727 [Thread-116:3792] [django.db.backends:91] [DEBUG]- (0.000) SET SQL_AUTO_IS_NULL = 0; args=None
2015-02-09 18:48:03,730 [Thread-116:3792] [django.db.backends:91] [DEBUG]- (0.002) SELECT `webapp_test_case`.`id`, `webapp_test_case`.`name`, `webapp_test_case`.`desc`, `webapp_test_case`.`run_mode`, `webapp_test_case`.`note`, `webapp_test_case`.`data`, `webapp_test_case`.`case_nature`, `webapp_test_case`.`url`, `webapp_test_case`.`funtion_id_id` FROM `webapp_test_case`; args=()
2015-02-09 18:48:38,483 [Thread-118:704] [django.db.backends:91] [DEBUG]- (0.000) SET SQL_AUTO_IS_NULL = 0; args=None
2015-02-09 18:48:38,484 [Thread-118:704] [django.db.backends:91] [DEBUG]- (0.001) SELECT COUNT(*) FROM `webapp_test_case`; args=()
2015-02-09 18:48:38,486 [Thread-118:704] [django.db.backends:91] [DEBUG]- (0.001) SELECT `webapp_test_case`.`id`, `webapp_test_case`.`name`, `webapp_test_case`.`desc`, `webapp_test_case`.`run_mode`, `webapp_test_case`.`note`, `webapp_test_case`.`data`, `webapp_test_case`.`case_nature`, `webapp_test_case`.`url`, `webapp_test_case`.`funtion_id_id` FROM `webapp_test_case` LIMIT 10; args=()
2015-02-09 18:48:40,543 [Thread-119:4100] [django.db.backends:91] [DEBUG]- (0.000) SET SQL_AUTO_IS_NULL = 0; args=None
2015-02-09 18:48:40,545 [Thread-119:4100] [django.db.backends:91] [DEBUG]- (0.000) SELECT COUNT(*) FROM `webapp_test_case`; args=()
2015-02-09 18:48:40,548 [Thread-119:4100] [django.db.backends:91] [DEBUG]- (0.002) SELECT `webapp_test_case`.`id`, `webapp_test_case`.`name`, `webapp_test_case`.`desc`, `webapp_test_case`.`run_mode`, `webapp_test_case`.`note`, `webapp_test_case`.`data`, `webapp_test_case`.`case_nature`, `webapp_test_case`.`url`, `webapp_test_case`.`funtion_id_id` FROM `webapp_test_case` LIMIT 10 OFFSET 10; args=()
2015-02-09 18:48:41,043 [Thread-120:3284] [django.db.backends:91] [DEBUG]- (0.000) SET SQL_AUTO_IS_NULL = 0; args=None
2015-02-09 18:48:41,045 [Thread-120:3284] [django.db.backends:91] [DEBUG]- (0.000) SELECT COUNT(*) FROM `webapp_test_case`; args=()
2015-02-09 18:48:41,046 [Thread-120:3284] [django.db.backends:91] [DEBUG]- (0.001) SELECT `webapp_test_case`.`id`, `webapp_test_case`.`name`, `webapp_test_case`.`desc`, `webapp_test_case`.`run_mode`, `webapp_test_case`.`note`, `webapp_test_case`.`data`, `webapp_test_case`.`case_nature`, `webapp_test_case`.`url`, `webapp_test_case`.`funtion_id_id` FROM `webapp_test_case` LIMIT 10 OFFSET 20; args=()
2015-02-09 18:48:41,578 [Thread-121:4892] [django.db.backends:91] [DEBUG]- (0.000) SET SQL_AUTO_IS_NULL = 0; args=None
2015-02-09 18:48:41,579 [Thread-121:4892] [django.db.backends:91] [DEBUG]- (0.000) SELECT COUNT(*) FROM `webapp_test_case`; args=()
2015-02-09 18:48:41,582 [Thread-121:4892] [django.db.backends:91] [DEBUG]- (0.001) SELECT `webapp_test_case`.`id`, `webapp_test_case`.`name`, `webapp_test_case`.`desc`, `webapp_test_case`.`run_mode`, `webapp_test_case`.`note`, `webapp_test_case`.`data`, `webapp_test_case`.`case_nature`, `webapp_test_case`.`url`, `webapp_test_case`.`funtion_id_id` FROM `webapp_test_case` LIMIT 5 OFFSET 30; args=()
2015-02-09 18:48:43,052 [Thread-122:5264] [django.db.backends:91] [DEBUG]- (0.001) SET SQL_AUTO_IS_NULL = 0; args=None
2015-02-09 18:48:43,052 [Thread-122:5264] [django.db.backends:91] [DEBUG]- (0.001) SELECT COUNT(*) FROM `webapp_test_case`; args=()
2015-02-09 18:48:43,053 [Thread-122:5264] [django.db.backends:91] [DEBUG]- (0.001) SELECT `webapp_test_case`.`id`, `webapp_test_case`.`name`, `webapp_test_case`.`desc`, `webapp_test_case`.`run_mode`, `webapp_test_case`.`note`, `webapp_test_case`.`data`, `webapp_test_case`.`case_nature`, `webapp_test_case`.`url`, `webapp_test_case`.`funtion_id_id` FROM `webapp_test_case` LIMIT 10 OFFSET 20; args=()
2015-02-09 18:48:43,911 [Thread-123:1612] [django.db.backends:91] [DEBUG]- (0.000) SET SQL_AUTO_IS_NULL = 0; args=None
2015-02-09 18:48:43,913 [Thread-123:1612] [django.db.backends:91] [DEBUG]- (0.001) SELECT COUNT(*) FROM `webapp_test_case`; args=()
2015-02-09 18:48:43,914 [Thread-123:1612] [django.db.backends:91] [DEBUG]- (0.001) SELECT `webapp_test_case`.`id`, `webapp_test_case`.`name`, `webapp_test_case`.`desc`, `webapp_test_case`.`run_mode`, `webapp_test_case`.`note`, `webapp_test_case`.`data`, `webapp_test_case`.`case_nature`, `webapp_test_case`.`url`, `webapp_test_case`.`funtion_id_id` FROM `webapp_test_case` LIMIT 10 OFFSET 10; args=()
2015-02-09 18:49:21,303 [Thread-132:444] [django.request:143] [WARNING]- Not Found: /favicon.ico
2015-02-09 18:49:26,240 [Thread-133:5392] [django.db.backends:91] [DEBUG]- (0.001) SET SQL_AUTO_IS_NULL = 0; args=None
2015-02-09 18:49:26,242 [Thread-133:5392] [django.db.backends:91] [DEBUG]- (0.001) SELECT `auth_user`.`id`, `auth_user`.`password`, `auth_user`.`last_login`, `auth_user`.`is_superuser`, `auth_user`.`username`, `auth_user`.`first_name`, `auth_user`.`last_name`, `auth_user`.`email`, `auth_user`.`is_staff`, `auth_user`.`is_active`, `auth_user`.`date_joined` FROM `auth_user` WHERE `auth_user`.`username` = 'admin' LIMIT 21; args=(u'admin',)
2015-02-09 18:49:26,375 [Thread-133:5392] [django.db.backends:91] [DEBUG]- (0.001) SELECT `django_session`.`session_key`, `django_session`.`session_data`, `django_session`.`expire_date` FROM `django_session` WHERE (`django_session`.`session_key` = 'v8vf13imyypoycqobbfps8n0vfihliva' AND `django_session`.`expire_date` > '2015-02-09 10:49:26') LIMIT 21; args=('v8vf13imyypoycqobbfps8n0vfihliva', u'2015-02-09 10:49:26')
2015-02-09 18:49:26,378 [Thread-133:5392] [django.db.backends:91] [DEBUG]- (0.001) UPDATE `auth_user` SET `last_login` = '2015-02-09 10:49:26' WHERE `auth_user`.`id` = 1; args=(u'2015-02-09 10:49:26', 1)
2015-02-09 18:49:26,401 [Thread-133:5392] [django.db.backends:91] [DEBUG]- (0.001) UPDATE `django_session` SET `session_data` = 'ZTI5NjEwM2ZkNzA4YTU0MzgzYWE2MmMyNWJiMWU1OTJiMWM1YzNiNDp7Il9hdXRoX3VzZXJfaGFzaCI6ImRmNDA2YzZhZjQyNWVhZjA1MzQxYjYyZTUyZjViZjk4OTc4MjA2MTciLCJfYXV0aF91c2VyX2lkIjoxLCJfYXV0aF91c2VyX2JhY2tlbmQiOiJkamFuZ28uY29udHJpYi5hdXRoLmJhY2tlbmRzLk1vZGVsQmFja2VuZCJ9', `expire_date` = '2015-02-23 10:49:26' WHERE `django_session`.`session_key` = 'v8vf13imyypoycqobbfps8n0vfihliva'; args=(u'ZTI5NjEwM2ZkNzA4YTU0MzgzYWE2MmMyNWJiMWU1OTJiMWM1YzNiNDp7Il9hdXRoX3VzZXJfaGFzaCI6ImRmNDA2YzZhZjQyNWVhZjA1MzQxYjYyZTUyZjViZjk4OTc4MjA2MTciLCJfYXV0aF91c2VyX2lkIjoxLCJfYXV0aF91c2VyX2JhY2tlbmQiOiJkamFuZ28uY29udHJpYi5hdXRoLmJhY2tlbmRzLk1vZGVsQmFja2VuZCJ9', u'2015-02-23 10:49:26', 'v8vf13imyypoycqobbfps8n0vfihliva')
--进入首页
2015-02-09 18:49:47,601 [Thread-143:5236] [django.db.backends:91] [DEBUG]- (0.001) SET SQL_AUTO_IS_NULL = 0; args=None
2015-02-09 18:49:47,602 [Thread-143:5236] [django.db.backends:91] [DEBUG]- (0.001) SELECT COUNT(*) FROM `webapp_test_case`; args=()
2015-02-09 18:49:47,605 [Thread-143:5236] [django.db.backends:91] [DEBUG]- (0.001) SELECT `webapp_test_case`.`id`, `webapp_test_case`.`name`, `webapp_test_case`.`desc`, `webapp_test_case`.`run_mode`, `webapp_test_case`.`note`, `webapp_test_case`.`data`, `webapp_test_case`.`case_nature`, `webapp_test_case`.`url`, `webapp_test_case`.`funtion_id_id` FROM `webapp_test_case` LIMIT 10; args=()
2015-02-09 18:49:49,279 [Thread-144:2640] [django.db.backends:91] [DEBUG]- (0.000) SET SQL_AUTO_IS_NULL = 0; args=None
2015-02-09 18:49:49,280 [Thread-144:2640] [django.db.backends:91] [DEBUG]- (0.001) SELECT `webapp_test_case`.`id`, `webapp_test_case`.`name`, `webapp_test_case`.`desc`, `webapp_test_case`.`run_mode`, `webapp_test_case`.`note`, `webapp_test_case`.`data`, `webapp_test_case`.`case_nature`, `webapp_test_case`.`url`, `webapp_test_case`.`funtion_id_id` FROM `webapp_test_case` WHERE `webapp_test_case`.`id` = 17 LIMIT 21; args=(17,)
POST方法，接受modify传过来的按钮名称转换成测试用例ID，通过ID查找到该测试用例的所有步骤，并加载到模版中循环显示在页面上
2015-02-09 18:49:49,289 [Thread-144:2640] [django.db.backends:91] [DEBUG]- (0.001) SELECT `webapp_test_step`.`id`, `webapp_test_step`.`desc`, `webapp_test_step`.`method`, `webapp_test_step`.`element`, `webapp_test_step`.`action`, `webapp_test_step`.`value`, `webapp_test_step`.`case_name_id` FROM `webapp_test_step` WHERE `webapp_test_step`.`case_name_id` = 17; args=(17,)
读取用例列表成功
2015-02-09 18:49:59,323 [Thread-145:6064] [django.db.backends:91] [DEBUG]- (0.001) SET SQL_AUTO_IS_NULL = 0; args=None
2015-02-09 18:49:59,325 [Thread-145:6064] [django.db.backends:91] [DEBUG]- (0.002) SELECT `webapp_test_case`.`id`, `webapp_test_case`.`name`, `webapp_test_case`.`desc`, `webapp_test_case`.`run_mode`, `webapp_test_case`.`note`, `webapp_test_case`.`data`, `webapp_test_case`.`case_nature`, `webapp_test_case`.`url`, `webapp_test_case`.`funtion_id_id` FROM `webapp_test_case`; args=()
2015-02-09 19:02:30,328 [Thread-157:3980] [django.db.backends:91] [DEBUG]- (0.001) SET SQL_AUTO_IS_NULL = 0; args=None
2015-02-09 19:02:30,329 [Thread-157:3980] [django.db.backends:91] [DEBUG]- (0.000) SELECT COUNT(*) FROM `webapp_test_case`; args=()
2015-02-09 19:02:30,332 [Thread-157:3980] [django.db.backends:91] [DEBUG]- (0.002) SELECT `webapp_test_case`.`id`, `webapp_test_case`.`name`, `webapp_test_case`.`desc`, `webapp_test_case`.`run_mode`, `webapp_test_case`.`note`, `webapp_test_case`.`data`, `webapp_test_case`.`case_nature`, `webapp_test_case`.`url`, `webapp_test_case`.`funtion_id_id` FROM `webapp_test_case` LIMIT 10; args=()
2015-02-09 19:20:31,628 [Thread-165:5776] [django.request:143] [WARNING]- Not Found: /addywl/
2015-02-09 19:20:31,782 [Thread-166:4744] [django.request:143] [WARNING]- Not Found: /favicon.ico
2015-02-09 19:20:31,793 [Thread-167:2224] [django.request:143] [WARNING]- Not Found: /favicon.ico
2015-02-09 19:20:43,397 [Thread-168:2724] [django.request:143] [WARNING]- Not Found: /
2015-02-09 19:20:53,605 [Thread-177:5980] [django.db.backends:91] [DEBUG]- (0.000) SET SQL_AUTO_IS_NULL = 0; args=None
2015-02-09 19:20:53,605 [Thread-177:5980] [django.db.backends:91] [DEBUG]- (0.001) SELECT `auth_user`.`id`, `auth_user`.`password`, `auth_user`.`last_login`, `auth_user`.`is_superuser`, `auth_user`.`username`, `auth_user`.`first_name`, `auth_user`.`last_name`, `auth_user`.`email`, `auth_user`.`is_staff`, `auth_user`.`is_active`, `auth_user`.`date_joined` FROM `auth_user` WHERE `auth_user`.`username` = 'admin' LIMIT 21; args=(u'admin',)
2015-02-09 19:20:53,769 [Thread-177:5980] [django.db.backends:91] [DEBUG]- (0.001) SELECT `django_session`.`session_key`, `django_session`.`session_data`, `django_session`.`expire_date` FROM `django_session` WHERE (`django_session`.`session_key` = 'tnc81zlwgew0zpumxnam8y19hm0svylb' AND `django_session`.`expire_date` > '2015-02-09 11:20:53') LIMIT 21; args=('tnc81zlwgew0zpumxnam8y19hm0svylb', u'2015-02-09 11:20:53')
2015-02-09 19:20:53,772 [Thread-177:5980] [django.db.backends:91] [DEBUG]- (0.000) SELECT `django_session`.`session_key`, `django_session`.`session_data`, `django_session`.`expire_date` FROM `django_session` WHERE `django_session`.`session_key` = 'tnc81zlwgew0zpumxnam8y19hm0svylb' LIMIT 21; args=('tnc81zlwgew0zpumxnam8y19hm0svylb',)
2015-02-09 19:20:53,775 [Thread-177:5980] [django.db.backends:91] [DEBUG]- (0.000) DELETE FROM `django_session` WHERE `django_session`.`session_key` IN ('tnc81zlwgew0zpumxnam8y19hm0svylb'); args=(u'tnc81zlwgew0zpumxnam8y19hm0svylb',)
2015-02-09 19:20:53,808 [Thread-177:5980] [django.db.backends:91] [DEBUG]- (0.001) SELECT (1) AS `a` FROM `django_session` WHERE `django_session`.`session_key` = 'd96pp3iadph36b3fukpez8t9tcghm9dn' LIMIT 1; args=(u'd96pp3iadph36b3fukpez8t9tcghm9dn',)
2015-02-09 19:20:53,809 [Thread-177:5980] [django.db.backends:91] [DEBUG]- (0.000) INSERT INTO `django_session` (`session_key`, `session_data`, `expire_date`) VALUES ('d96pp3iadph36b3fukpez8t9tcghm9dn', 'NjNmMzhhY2FlMzBmNzkxZTZjZmYyZDhjOGYxZTJiMmFhNTA5ZTAxNjp7fQ==', '2015-02-23 11:20:53'); args=(u'd96pp3iadph36b3fukpez8t9tcghm9dn', u'NjNmMzhhY2FlMzBmNzkxZTZjZmYyZDhjOGYxZTJiMmFhNTA5ZTAxNjp7fQ==', u'2015-02-23 11:20:53')
2015-02-09 19:20:53,831 [Thread-177:5980] [django.db.backends:91] [DEBUG]- (0.000) UPDATE `auth_user` SET `last_login` = '2015-02-09 11:20:53' WHERE `auth_user`.`id` = 1; args=(u'2015-02-09 11:20:53', 1)
2015-02-09 19:20:53,854 [Thread-177:5980] [django.db.backends:91] [DEBUG]- (0.000) UPDATE `django_session` SET `session_data` = 'MTgzMWRjNWNmY2U4OWNlMmQxY2YxZDE2ODhiM2MwZDdiZmY2ZDA1OTp7Il9hdXRoX3VzZXJfaGFzaCI6ImRmNDA2YzZhZjQyNWVhZjA1MzQxYjYyZTUyZjViZjk4OTc4MjA2MTciLCJfYXV0aF91c2VyX2JhY2tlbmQiOiJkamFuZ28uY29udHJpYi5hdXRoLmJhY2tlbmRzLk1vZGVsQmFja2VuZCIsIl9hdXRoX3VzZXJfaWQiOjF9', `expire_date` = '2015-02-23 11:20:53' WHERE `django_session`.`session_key` = 'd96pp3iadph36b3fukpez8t9tcghm9dn'; args=(u'MTgzMWRjNWNmY2U4OWNlMmQxY2YxZDE2ODhiM2MwZDdiZmY2ZDA1OTp7Il9hdXRoX3VzZXJfaGFzaCI6ImRmNDA2YzZhZjQyNWVhZjA1MzQxYjYyZTUyZjViZjk4OTc4MjA2MTciLCJfYXV0aF91c2VyX2JhY2tlbmQiOiJkamFuZ28uY29udHJpYi5hdXRoLmJhY2tlbmRzLk1vZGVsQmFja2VuZCIsIl9hdXRoX3VzZXJfaWQiOjF9', u'2015-02-23 11:20:53', u'd96pp3iadph36b3fukpez8t9tcghm9dn')
--进入首页
2015-02-09 19:20:57,773 [Thread-186:5708] [django.db.backends:91] [DEBUG]- (0.000) SET SQL_AUTO_IS_NULL = 0; args=None
2015-02-09 19:20:57,773 [Thread-186:5708] [django.db.backends:91] [DEBUG]- (0.001) SELECT `webapp_business_flow`.`id`, `webapp_business_flow`.`name`, `webapp_business_flow`.`date` FROM `webapp_business_flow`; args=()
2015-02-09 19:21:00,512 [Thread-187:2492] [django.db.backends:91] [DEBUG]- (0.000) SET SQL_AUTO_IS_NULL = 0; args=None
2015-02-09 19:21:00,513 [Thread-187:2492] [django.db.backends:91] [DEBUG]- (0.001) SELECT `webapp_business_flow`.`id`, `webapp_business_flow`.`name`, `webapp_business_flow`.`date` FROM `webapp_business_flow` WHERE `webapp_business_flow`.`id` = 30 LIMIT 21; args=(30,)
2015-02-09 19:21:00,519 [Thread-187:2492] [django.db.backends:91] [DEBUG]- (0.000) SELECT `webapp_business_flow_stp`.`id`, `webapp_business_flow_stp`.`desc`, `webapp_business_flow_stp`.`method`, `webapp_business_flow_stp`.`element`, `webapp_business_flow_stp`.`action`, `webapp_business_flow_stp`.`value`, `webapp_business_flow_stp`.`case_name_id` FROM `webapp_business_flow_stp` WHERE `webapp_business_flow_stp`.`case_name_id` = 30; args=(30,)
2015-02-09 19:21:00,525 [Thread-187:2492] [django.db.backends:91] [DEBUG]- (0.002) SELECT `webapp_test_case`.`id`, `webapp_test_case`.`name`, `webapp_test_case`.`desc`, `webapp_test_case`.`run_mode`, `webapp_test_case`.`note`, `webapp_test_case`.`data`, `webapp_test_case`.`case_nature`, `webapp_test_case`.`url`, `webapp_test_case`.`funtion_id_id` FROM `webapp_test_case`; args=()
2015-02-09 19:22:32,964 [Thread-188:5936] [django.db.backends:91] [DEBUG]- (0.000) SET SQL_AUTO_IS_NULL = 0; args=None
2015-02-09 19:22:32,966 [Thread-188:5936] [django.db.backends:91] [DEBUG]- (0.000) SELECT COUNT(*) FROM `webapp_test_case`; args=()
2015-02-09 19:22:32,967 [Thread-188:5936] [django.db.backends:91] [DEBUG]- (0.001) SELECT `webapp_test_case`.`id`, `webapp_test_case`.`name`, `webapp_test_case`.`desc`, `webapp_test_case`.`run_mode`, `webapp_test_case`.`note`, `webapp_test_case`.`data`, `webapp_test_case`.`case_nature`, `webapp_test_case`.`url`, `webapp_test_case`.`funtion_id_id` FROM `webapp_test_case` LIMIT 10; args=()
2015-02-09 19:22:34,407 [Thread-189:5540] [django.db.backends:91] [DEBUG]- (0.001) SET SQL_AUTO_IS_NULL = 0; args=None
2015-02-09 19:22:34,407 [Thread-189:5540] [django.db.backends:91] [DEBUG]- (0.001) SELECT `webapp_test_case`.`id`, `webapp_test_case`.`name`, `webapp_test_case`.`desc`, `webapp_test_case`.`run_mode`, `webapp_test_case`.`note`, `webapp_test_case`.`data`, `webapp_test_case`.`case_nature`, `webapp_test_case`.`url`, `webapp_test_case`.`funtion_id_id` FROM `webapp_test_case` WHERE `webapp_test_case`.`id` = 17 LIMIT 21; args=(17,)
POST方法，接受modify传过来的按钮名称转换成测试用例ID，通过ID查找到该测试用例的所有步骤，并加载到模版中循环显示在页面上
2015-02-09 19:22:34,417 [Thread-189:5540] [django.db.backends:91] [DEBUG]- (0.001) SELECT `webapp_test_step`.`id`, `webapp_test_step`.`desc`, `webapp_test_step`.`method`, `webapp_test_step`.`element`, `webapp_test_step`.`action`, `webapp_test_step`.`value`, `webapp_test_step`.`case_name_id` FROM `webapp_test_step` WHERE `webapp_test_step`.`case_name_id` = 17; args=(17,)
POST值转换成字典并转换成一个大的列表值为：[(u'17', [u'\u4fdd\u5b58']), (u'nature', [u'\u53cd\u6848\u4f8b']), (u'value', [u'http://172.16.200.62:8080/neptune/login', u'admin', u'123456', u'', u'admin,\u60a8\u597d!\u9000\u51fa']), (u'element', [u'', u'name', u'password', u'submit', u'#btn_bar']), (u'step_name', [u'\u6253\u5f00\u6613\u8054\u540e\u53f0', u'\u8f93\u5165\u7528\u6237\u540d', u'\u8f93\u5165\u767b\u9646\u5bc6\u7801', u'\u70b9\u51fb\u767b\u9646', u'\u65ad\u8a00\u767b\u9646\u662f\u5426\u6210\u529f']), (u'action', [u'\u542f\u52a8\u6d4f\u89c8\u5668', u'\u8f93\u5165', u'\u8f93\u5165', u'\u5355\u51fb', u'\u6807\u51c6\u65ad\u8a00']), (u'case_name', [u'\u6613\u8054\u540e\u53f0\u767b\u9646\u6d4b\u8bd5']), (u'method', [u'', u'id', u'id', u'id', u'css selector']), (u'desc', [u'\u6253\u5f00\u6613\u8054\u540e\u53f0', u'\u8f93\u5165\u7528\u6237\u540d', u'\u8f93\u5165\u767b\u9646\u5bc6\u7801', u'\u70b9\u51fb\u767b\u9646', u'\u65ad\u8a00\u767b\u9646\u662f\u5426\u6210\u529f'])]
遍历列表中的key和values，通过values的值取到key为17
2015-02-09 19:22:47,819 [Thread-190:4312] [django.db.backends:91] [DEBUG]- (0.000) SET SQL_AUTO_IS_NULL = 0; args=None
2015-02-09 19:22:47,822 [Thread-190:4312] [django.db.backends:91] [DEBUG]- (0.001) SELECT `webapp_test_case`.`id`, `webapp_test_case`.`name`, `webapp_test_case`.`desc`, `webapp_test_case`.`run_mode`, `webapp_test_case`.`note`, `webapp_test_case`.`data`, `webapp_test_case`.`case_nature`, `webapp_test_case`.`url`, `webapp_test_case`.`funtion_id_id` FROM `webapp_test_case` WHERE `webapp_test_case`.`id` = 17 LIMIT 21; args=(17,)
当前的用例ID是17，取值成功
取当前页面的用例名称，修改数据中的值。值为：易联后台登陆测试
取当前的用例性质写入，值为反案例
2015-02-09 19:22:47,825 [Thread-190:4312] [django.db.backends:91] [DEBUG]- (0.000) UPDATE `webapp_test_case` SET `name` = '易联后台登陆测试', `desc` = '', `run_mode` = '', `note` = '', `data` = '2015-02-09 11:22:47', `case_nature` = '反案例', `url` = '', `funtion_id_id` = NULL WHERE `webapp_test_case`.`id` = 17; args=(u'\u6613\u8054\u540e\u53f0\u767b\u9646\u6d4b\u8bd5', u'', u'', u'', u'2015-02-09 11:22:47', u'\u53cd\u6848\u4f8b', u'', 17)
2015-02-09 19:22:47,852 [Thread-190:4312] [django.db.backends:91] [DEBUG]- (0.001) DELETE FROM `webapp_test_step` WHERE `webapp_test_step`.`case_name_id` = 17; args=(17,)
2015-02-09 19:22:47,901 [Thread-190:4312] [django.db.backends:91] [DEBUG]- (0.020) INSERT INTO `webapp_test_step` (`desc`, `method`, `element`, `action`, `value`, `case_name_id`) VALUES ('打开易联后台', '', '', '启动浏览器', 'http://172.16.200.62:8080/neptune/login', 17); args=[u'\u6253\u5f00\u6613\u8054\u540e\u53f0', u'', u'', u'\u542f\u52a8\u6d4f\u89c8\u5668', u'http://172.16.200.62:8080/neptune/login', 17]
2015-02-09 19:22:47,920 [Thread-190:4312] [django.db.backends:91] [DEBUG]- (0.001) INSERT INTO `webapp_test_step` (`desc`, `method`, `element`, `action`, `value`, `case_name_id`) VALUES ('输入用户名', 'id', 'name', '输入', 'admin', 17); args=[u'\u8f93\u5165\u7528\u6237\u540d', u'id', u'name', u'\u8f93\u5165', u'admin', 17]
2015-02-09 19:22:47,937 [Thread-190:4312] [django.db.backends:91] [DEBUG]- (0.001) INSERT INTO `webapp_test_step` (`desc`, `method`, `element`, `action`, `value`, `case_name_id`) VALUES ('输入登陆密码', 'id', 'password', '输入', '123456', 17); args=[u'\u8f93\u5165\u767b\u9646\u5bc6\u7801', u'id', u'password', u'\u8f93\u5165', u'123456', 17]
2015-02-09 19:22:47,959 [Thread-190:4312] [django.db.backends:91] [DEBUG]- (0.000) INSERT INTO `webapp_test_step` (`desc`, `method`, `element`, `action`, `value`, `case_name_id`) VALUES ('点击登陆', 'id', 'submit', '单击', '', 17); args=[u'\u70b9\u51fb\u767b\u9646', u'id', u'submit', u'\u5355\u51fb', u'', 17]
2015-02-09 19:22:47,976 [Thread-190:4312] [django.db.backends:91] [DEBUG]- (0.001) INSERT INTO `webapp_test_step` (`desc`, `method`, `element`, `action`, `value`, `case_name_id`) VALUES ('断言登陆是否成功', 'css selector', '#btn_bar', '标准断言', 'admin,您好!退出', 17); args=[u'\u65ad\u8a00\u767b\u9646\u662f\u5426\u6210\u529f', u'css selector', u'#btn_bar', u'\u6807\u51c6\u65ad\u8a00', u'admin,\u60a8\u597d!\u9000\u51fa', 17]
2015-02-09 19:22:48,016 [Thread-191:5704] [django.db.backends:91] [DEBUG]- (0.000) SET SQL_AUTO_IS_NULL = 0; args=None
2015-02-09 19:22:48,016 [Thread-191:5704] [django.db.backends:91] [DEBUG]- (0.000) SELECT COUNT(*) FROM `webapp_test_case`; args=()
2015-02-09 19:22:48,019 [Thread-191:5704] [django.db.backends:91] [DEBUG]- (0.001) SELECT `webapp_test_case`.`id`, `webapp_test_case`.`name`, `webapp_test_case`.`desc`, `webapp_test_case`.`run_mode`, `webapp_test_case`.`note`, `webapp_test_case`.`data`, `webapp_test_case`.`case_nature`, `webapp_test_case`.`url`, `webapp_test_case`.`funtion_id_id` FROM `webapp_test_case` LIMIT 10; args=()
2015-02-09 19:22:50,502 [Thread-192:4920] [django.db.backends:91] [DEBUG]- (0.001) SET SQL_AUTO_IS_NULL = 0; args=None
2015-02-09 19:22:50,503 [Thread-192:4920] [django.db.backends:91] [DEBUG]- (0.001) SELECT `webapp_test_case`.`id`, `webapp_test_case`.`name`, `webapp_test_case`.`desc`, `webapp_test_case`.`run_mode`, `webapp_test_case`.`note`, `webapp_test_case`.`data`, `webapp_test_case`.`case_nature`, `webapp_test_case`.`url`, `webapp_test_case`.`funtion_id_id` FROM `webapp_test_case` WHERE `webapp_test_case`.`id` = 17 LIMIT 21; args=(17,)
POST方法，接受modify传过来的按钮名称转换成测试用例ID，通过ID查找到该测试用例的所有步骤，并加载到模版中循环显示在页面上
2015-02-09 19:22:50,509 [Thread-192:4920] [django.db.backends:91] [DEBUG]- (0.001) SELECT `webapp_test_step`.`id`, `webapp_test_step`.`desc`, `webapp_test_step`.`method`, `webapp_test_step`.`element`, `webapp_test_step`.`action`, `webapp_test_step`.`value`, `webapp_test_step`.`case_name_id` FROM `webapp_test_step` WHERE `webapp_test_step`.`case_name_id` = 17; args=(17,)
2015-02-09 19:22:55,785 [Thread-193:360] [django.db.backends:91] [DEBUG]- (0.000) SET SQL_AUTO_IS_NULL = 0; args=None
2015-02-09 19:22:55,786 [Thread-193:360] [django.db.backends:91] [DEBUG]- (0.001) SELECT `webapp_business_flow`.`id`, `webapp_business_flow`.`name`, `webapp_business_flow`.`date` FROM `webapp_business_flow`; args=()
2015-02-09 19:22:57,575 [Thread-194:4268] [django.db.backends:91] [DEBUG]- (0.001) SET SQL_AUTO_IS_NULL = 0; args=None
2015-02-09 19:22:57,575 [Thread-194:4268] [django.db.backends:91] [DEBUG]- (0.001) SELECT `webapp_business_flow`.`id`, `webapp_business_flow`.`name`, `webapp_business_flow`.`date` FROM `webapp_business_flow` WHERE `webapp_business_flow`.`id` = 30 LIMIT 21; args=(30,)
2015-02-09 19:22:57,584 [Thread-194:4268] [django.db.backends:91] [DEBUG]- (0.001) SELECT `webapp_business_flow_stp`.`id`, `webapp_business_flow_stp`.`desc`, `webapp_business_flow_stp`.`method`, `webapp_business_flow_stp`.`element`, `webapp_business_flow_stp`.`action`, `webapp_business_flow_stp`.`value`, `webapp_business_flow_stp`.`case_name_id` FROM `webapp_business_flow_stp` WHERE `webapp_business_flow_stp`.`case_name_id` = 30; args=(30,)
2015-02-09 19:22:57,591 [Thread-194:4268] [django.db.backends:91] [DEBUG]- (0.002) SELECT `webapp_test_case`.`id`, `webapp_test_case`.`name`, `webapp_test_case`.`desc`, `webapp_test_case`.`run_mode`, `webapp_test_case`.`note`, `webapp_test_case`.`data`, `webapp_test_case`.`case_nature`, `webapp_test_case`.`url`, `webapp_test_case`.`funtion_id_id` FROM `webapp_test_case`; args=()
2015-02-09 19:23:05,461 [Thread-195:3720] [django.db.backends:91] [DEBUG]- (0.000) SET SQL_AUTO_IS_NULL = 0; args=None
2015-02-09 19:23:05,463 [Thread-195:3720] [django.db.backends:91] [DEBUG]- (0.001) SELECT `webapp_business_flow`.`id`, `webapp_business_flow`.`name`, `webapp_business_flow`.`date` FROM `webapp_business_flow`; args=()
2015-02-09 19:24:27,664 [Thread-196:1488] [django.db.backends:91] [DEBUG]- (0.000) SET SQL_AUTO_IS_NULL = 0; args=None
2015-02-09 19:24:27,664 [Thread-196:1488] [django.db.backends:91] [DEBUG]- (0.001) SELECT `webapp_business_flow`.`id`, `webapp_business_flow`.`name`, `webapp_business_flow`.`date` FROM `webapp_business_flow`; args=()
2015-02-09 19:24:29,259 [Thread-197:5500] [django.db.backends:91] [DEBUG]- (0.000) SET SQL_AUTO_IS_NULL = 0; args=None
2015-02-09 19:24:29,260 [Thread-197:5500] [django.db.backends:91] [DEBUG]- (0.000) SELECT `webapp_business_flow`.`id`, `webapp_business_flow`.`name`, `webapp_business_flow`.`date` FROM `webapp_business_flow` WHERE `webapp_business_flow`.`id` = 31 LIMIT 21; args=(31,)
2015-02-09 19:24:29,267 [Thread-197:5500] [django.db.backends:91] [DEBUG]- (0.001) SELECT `webapp_business_flow_stp`.`id`, `webapp_business_flow_stp`.`desc`, `webapp_business_flow_stp`.`method`, `webapp_business_flow_stp`.`element`, `webapp_business_flow_stp`.`action`, `webapp_business_flow_stp`.`value`, `webapp_business_flow_stp`.`case_name_id` FROM `webapp_business_flow_stp` WHERE `webapp_business_flow_stp`.`case_name_id` = 31; args=(31,)
2015-02-09 19:24:29,273 [Thread-197:5500] [django.db.backends:91] [DEBUG]- (0.002) SELECT `webapp_test_case`.`id`, `webapp_test_case`.`name`, `webapp_test_case`.`desc`, `webapp_test_case`.`run_mode`, `webapp_test_case`.`note`, `webapp_test_case`.`data`, `webapp_test_case`.`case_nature`, `webapp_test_case`.`url`, `webapp_test_case`.`funtion_id_id` FROM `webapp_test_case`; args=()
2015-02-09 19:26:10,440 [Thread-198:3256] [django.db.backends:91] [DEBUG]- (0.000) SET SQL_AUTO_IS_NULL = 0; args=None
2015-02-09 19:26:10,441 [Thread-198:3256] [django.db.backends:91] [DEBUG]- (0.001) SELECT `webapp_business_flow`.`id`, `webapp_business_flow`.`name`, `webapp_business_flow`.`date` FROM `webapp_business_flow` WHERE `webapp_business_flow`.`id` = 31 LIMIT 21; args=(31,)
2015-02-09 19:26:10,450 [Thread-198:3256] [django.db.backends:91] [DEBUG]- (0.001) SELECT `webapp_business_flow_stp`.`id`, `webapp_business_flow_stp`.`desc`, `webapp_business_flow_stp`.`method`, `webapp_business_flow_stp`.`element`, `webapp_business_flow_stp`.`action`, `webapp_business_flow_stp`.`value`, `webapp_business_flow_stp`.`case_name_id` FROM `webapp_business_flow_stp` WHERE `webapp_business_flow_stp`.`case_name_id` = 31; args=(31,)
2015-02-09 19:26:10,457 [Thread-198:3256] [django.db.backends:91] [DEBUG]- (0.002) SELECT `webapp_test_case`.`id`, `webapp_test_case`.`name`, `webapp_test_case`.`desc`, `webapp_test_case`.`run_mode`, `webapp_test_case`.`note`, `webapp_test_case`.`data`, `webapp_test_case`.`case_nature`, `webapp_test_case`.`url`, `webapp_test_case`.`funtion_id_id` FROM `webapp_test_case`; args=()
2015-02-09 19:27:14,563 [Thread-208:5680] [django.db.backends:91] [DEBUG]- (0.000) SET SQL_AUTO_IS_NULL = 0; args=None
2015-02-09 19:27:14,565 [Thread-208:5680] [django.db.backends:91] [DEBUG]- (0.001) SELECT `webapp_business_flow`.`id`, `webapp_business_flow`.`name`, `webapp_business_flow`.`date` FROM `webapp_business_flow` WHERE `webapp_business_flow`.`id` = 31 LIMIT 21; args=(31,)
2015-02-09 19:27:14,572 [Thread-208:5680] [django.db.backends:91] [DEBUG]- (0.001) SELECT `webapp_business_flow_stp`.`id`, `webapp_business_flow_stp`.`desc`, `webapp_business_flow_stp`.`method`, `webapp_business_flow_stp`.`element`, `webapp_business_flow_stp`.`action`, `webapp_business_flow_stp`.`value`, `webapp_business_flow_stp`.`case_name_id` FROM `webapp_business_flow_stp` WHERE `webapp_business_flow_stp`.`case_name_id` = 31; args=(31,)
2015-02-09 19:27:14,579 [Thread-208:5680] [django.db.backends:91] [DEBUG]- (0.002) SELECT `webapp_test_case`.`id`, `webapp_test_case`.`name`, `webapp_test_case`.`desc`, `webapp_test_case`.`run_mode`, `webapp_test_case`.`note`, `webapp_test_case`.`data`, `webapp_test_case`.`case_nature`, `webapp_test_case`.`url`, `webapp_test_case`.`funtion_id_id` FROM `webapp_test_case`; args=()
2015-02-09 19:27:24,684 [Thread-218:5552] [django.db.backends:91] [DEBUG]- (0.001) SET SQL_AUTO_IS_NULL = 0; args=None
2015-02-09 19:27:24,686 [Thread-218:5552] [django.db.backends:91] [DEBUG]- (0.001) SELECT `webapp_business_flow`.`id`, `webapp_business_flow`.`name`, `webapp_business_flow`.`date` FROM `webapp_business_flow` WHERE `webapp_business_flow`.`id` = 31 LIMIT 21; args=(31,)
2015-02-09 19:27:24,694 [Thread-218:5552] [django.db.backends:91] [DEBUG]- (0.001) SELECT `webapp_business_flow_stp`.`id`, `webapp_business_flow_stp`.`desc`, `webapp_business_flow_stp`.`method`, `webapp_business_flow_stp`.`element`, `webapp_business_flow_stp`.`action`, `webapp_business_flow_stp`.`value`, `webapp_business_flow_stp`.`case_name_id` FROM `webapp_business_flow_stp` WHERE `webapp_business_flow_stp`.`case_name_id` = 31; args=(31,)
2015-02-09 19:27:24,701 [Thread-218:5552] [django.db.backends:91] [DEBUG]- (0.002) SELECT `webapp_test_case`.`id`, `webapp_test_case`.`name`, `webapp_test_case`.`desc`, `webapp_test_case`.`run_mode`, `webapp_test_case`.`note`, `webapp_test_case`.`data`, `webapp_test_case`.`case_nature`, `webapp_test_case`.`url`, `webapp_test_case`.`funtion_id_id` FROM `webapp_test_case`; args=()
2015-02-09 19:29:39,974 [Thread-228:4516] [django.db.backends:91] [DEBUG]- (0.001) SET SQL_AUTO_IS_NULL = 0; args=None
2015-02-09 19:29:39,976 [Thread-228:4516] [django.db.backends:91] [DEBUG]- (0.001) SELECT `webapp_business_flow`.`id`, `webapp_business_flow`.`name`, `webapp_business_flow`.`date` FROM `webapp_business_flow` WHERE `webapp_business_flow`.`id` = 31 LIMIT 21; args=(31,)
2015-02-09 19:29:39,983 [Thread-228:4516] [django.db.backends:91] [DEBUG]- (0.002) SELECT `webapp_business_flow_stp`.`id`, `webapp_business_flow_stp`.`desc`, `webapp_business_flow_stp`.`method`, `webapp_business_flow_stp`.`element`, `webapp_business_flow_stp`.`action`, `webapp_business_flow_stp`.`value`, `webapp_business_flow_stp`.`case_name_id` FROM `webapp_business_flow_stp` WHERE `webapp_business_flow_stp`.`case_name_id` = 31; args=(31,)
2015-02-09 19:29:39,989 [Thread-228:4516] [django.db.backends:91] [DEBUG]- (0.002) SELECT `webapp_test_case`.`id`, `webapp_test_case`.`name`, `webapp_test_case`.`desc`, `webapp_test_case`.`run_mode`, `webapp_test_case`.`note`, `webapp_test_case`.`data`, `webapp_test_case`.`case_nature`, `webapp_test_case`.`url`, `webapp_test_case`.`funtion_id_id` FROM `webapp_test_case`; args=()
POST值转换成字典并转换成一个大的列表值为：[(u'ywlname', [u'gfgfgfgfgf']), (u'action', [u'\u542f\u52a8\u6d4f\u89c8\u5668', u'\u8f93\u5165', u'\u8f93\u5165', u'\u5355\u51fb', u'\u6807\u51c6\u65ad\u8a00', u'\u8f93\u5165', u'\u542f\u52a8\u6d4f\u89c8\u5668']), (u'31', [u'\u4fdd\u5b58']), (u'desc', [u'111\u6253\u5f00\u6613\u8054\u540e\u53f0', u'111\u8f93\u5165\u7528\u6237\u540d', u'111\u8f93\u5165\u767b\u9646\u5bc6\u7801', u'111\u70b9\u51fb\u767b\u9646', u'111\u65ad\u8a00\u767b\u9646\u662f\u5426\u6210\u529f', u'111sdfasd', u'111asdas']), (u'method', [u'', u'id', u'id', u'id', u'css selector', u'id', u'id']), (u'value', [u'http://172.16.200.62:8080/neptune/login', u'admin', u'123456', u'', u'admin,\u60a8\u597d!\u9000\u51fa', u'python', u'http://www.baidu.com']), (u'element', [u'', u'name', u'password', u'submit', u'#btn_bar', u'kw', u''])]
遍历列表中的key和values，通过values的值取到key为31
2015-02-09 19:29:53,483 [Thread-238:5708] [django.db.backends:91] [DEBUG]- (0.001) SET SQL_AUTO_IS_NULL = 0; args=None
2015-02-09 19:29:53,484 [Thread-238:5708] [django.db.backends:91] [DEBUG]- (0.002) SELECT `webapp_business_flow`.`id`, `webapp_business_flow`.`name`, `webapp_business_flow`.`date` FROM `webapp_business_flow` WHERE `webapp_business_flow`.`id` = 31 LIMIT 21; args=(31,)
当前的用例ID是31，取值成功
取当前页面的用例名称，修改数据中的值。值为：gfgfgfgfgf
2015-02-09 19:29:53,487 [Thread-238:5708] [django.db.backends:91] [DEBUG]- (0.001) UPDATE `webapp_business_flow` SET `name` = 'gfgfgfgfgf', `date` = '2015-02-09 11:29:53' WHERE `webapp_business_flow`.`id` = 31; args=(u'gfgfgfgfgf', u'2015-02-09 11:29:53', 31)
2015-02-09 19:29:53,530 [Thread-238:5708] [django.db.backends:91] [DEBUG]- (0.001) DELETE FROM `webapp_business_flow_stp` WHERE `webapp_business_flow_stp`.`case_name_id` = 31; args=(31,)
2015-02-09 19:29:53,602 [Thread-238:5708] [django.db.backends:91] [DEBUG]- (0.021) INSERT INTO `webapp_business_flow_stp` (`desc`, `method`, `element`, `action`, `value`, `case_name_id`) VALUES ('111打开易联后台', '', '', '启动浏览器', 'http://172.16.200.62:8080/neptune/login', 31); args=[u'111\u6253\u5f00\u6613\u8054\u540e\u53f0', u'', u'', u'\u542f\u52a8\u6d4f\u89c8\u5668', u'http://172.16.200.62:8080/neptune/login', 31]
2015-02-09 19:29:53,627 [Thread-238:5708] [django.db.backends:91] [DEBUG]- (0.000) INSERT INTO `webapp_business_flow_stp` (`desc`, `method`, `element`, `action`, `value`, `case_name_id`) VALUES ('111输入用户名', 'id', 'name', '输入', 'admin', 31); args=[u'111\u8f93\u5165\u7528\u6237\u540d', u'id', u'name', u'\u8f93\u5165', u'admin', 31]
2015-02-09 19:29:53,650 [Thread-238:5708] [django.db.backends:91] [DEBUG]- (0.000) INSERT INTO `webapp_business_flow_stp` (`desc`, `method`, `element`, `action`, `value`, `case_name_id`) VALUES ('111输入登陆密码', 'id', 'password', '输入', '123456', 31); args=[u'111\u8f93\u5165\u767b\u9646\u5bc6\u7801', u'id', u'password', u'\u8f93\u5165', u'123456', 31]
2015-02-09 19:29:53,673 [Thread-238:5708] [django.db.backends:91] [DEBUG]- (0.000) INSERT INTO `webapp_business_flow_stp` (`desc`, `method`, `element`, `action`, `value`, `case_name_id`) VALUES ('111点击登陆', 'id', 'submit', '单击', '', 31); args=[u'111\u70b9\u51fb\u767b\u9646', u'id', u'submit', u'\u5355\u51fb', u'', 31]
2015-02-09 19:29:53,697 [Thread-238:5708] [django.db.backends:91] [DEBUG]- (0.000) INSERT INTO `webapp_business_flow_stp` (`desc`, `method`, `element`, `action`, `value`, `case_name_id`) VALUES ('111断言登陆是否成功', 'css selector', '#btn_bar', '标准断言', 'admin,您好!退出', 31); args=[u'111\u65ad\u8a00\u767b\u9646\u662f\u5426\u6210\u529f', u'css selector', u'#btn_bar', u'\u6807\u51c6\u65ad\u8a00', u'admin,\u60a8\u597d!\u9000\u51fa', 31]
2015-02-09 19:29:53,713 [Thread-238:5708] [django.db.backends:91] [DEBUG]- (0.000) INSERT INTO `webapp_business_flow_stp` (`desc`, `method`, `element`, `action`, `value`, `case_name_id`) VALUES ('111sdfasd', 'id', 'kw', '输入', 'python', 31); args=[u'111sdfasd', u'id', u'kw', u'\u8f93\u5165', u'python', 31]
2015-02-09 19:29:53,763 [Thread-238:5708] [django.db.backends:91] [DEBUG]- (0.001) INSERT INTO `webapp_business_flow_stp` (`desc`, `method`, `element`, `action`, `value`, `case_name_id`) VALUES ('111asdas', 'id', '', '启动浏览器', 'http://www.baidu.com', 31); args=[u'111asdas', u'id', u'', u'\u542f\u52a8\u6d4f\u89c8\u5668', u'http://www.baidu.com', 31]
2015-02-09 19:29:53,799 [Thread-239:5756] [django.db.backends:91] [DEBUG]- (0.000) SET SQL_AUTO_IS_NULL = 0; args=None
2015-02-09 19:29:53,801 [Thread-239:5756] [django.db.backends:91] [DEBUG]- (0.001) SELECT `webapp_business_flow`.`id`, `webapp_business_flow`.`name`, `webapp_business_flow`.`date` FROM `webapp_business_flow`; args=()
2015-02-09 19:29:55,431 [Thread-240:3304] [django.db.backends:91] [DEBUG]- (0.001) SET SQL_AUTO_IS_NULL = 0; args=None
2015-02-09 19:29:55,433 [Thread-240:3304] [django.db.backends:91] [DEBUG]- (0.001) SELECT `webapp_business_flow`.`id`, `webapp_business_flow`.`name`, `webapp_business_flow`.`date` FROM `webapp_business_flow` WHERE `webapp_business_flow`.`id` = 31 LIMIT 21; args=(31,)
2015-02-09 19:29:55,440 [Thread-240:3304] [django.db.backends:91] [DEBUG]- (0.001) SELECT `webapp_business_flow_stp`.`id`, `webapp_business_flow_stp`.`desc`, `webapp_business_flow_stp`.`method`, `webapp_business_flow_stp`.`element`, `webapp_business_flow_stp`.`action`, `webapp_business_flow_stp`.`value`, `webapp_business_flow_stp`.`case_name_id` FROM `webapp_business_flow_stp` WHERE `webapp_business_flow_stp`.`case_name_id` = 31; args=(31,)
2015-02-09 19:29:55,444 [Thread-240:3304] [django.db.backends:91] [DEBUG]- (0.002) SELECT `webapp_test_case`.`id`, `webapp_test_case`.`name`, `webapp_test_case`.`desc`, `webapp_test_case`.`run_mode`, `webapp_test_case`.`note`, `webapp_test_case`.`data`, `webapp_test_case`.`case_nature`, `webapp_test_case`.`url`, `webapp_test_case`.`funtion_id_id` FROM `webapp_test_case`; args=()
POST值转换成字典并转换成一个大的列表值为：[(u'ywlname', [u'gfgfgfgfgf']), (u'action', [u'\u542f\u52a8\u6d4f\u89c8\u5668', u'\u8f93\u5165', u'\u8f93\u5165', u'\u5355\u51fb', u'\u6807\u51c6\u65ad\u8a00', u'\u542f\u52a8\u6d4f\u89c8\u5668', u'\u8f93\u5165']), (u'31', [u'\u4fdd\u5b58']), (u'desc', [u'111\u6253\u5f00\u6613\u8054\u540e\u53f0', u'111\u8f93\u5165\u7528\u6237\u540d', u'111\u8f93\u5165\u767b\u9646\u5bc6\u7801', u'111\u70b9\u51fb\u767b\u9646', u'111\u65ad\u8a00\u767b\u9646\u662f\u5426\u6210\u529f', u'111asdas', u'111sdfasd']), (u'method', [u'', u'id', u'id', u'id', u'css selector', u'id', u'id']), (u'value', [u'http://172.16.200.62:8080/neptune/login', u'admin', u'123456', u'', u'admin,\u60a8\u597d!\u9000\u51fa', u'http://www.baidu.com', u'python']), (u'element', [u'', u'name', u'password', u'submit', u'#btn_bar', u'', u'kw'])]
遍历列表中的key和values，通过values的值取到key为31
2015-02-09 19:30:02,144 [Thread-241:1540] [django.db.backends:91] [DEBUG]- (0.001) SET SQL_AUTO_IS_NULL = 0; args=None
2015-02-09 19:30:02,145 [Thread-241:1540] [django.db.backends:91] [DEBUG]- (0.001) SELECT `webapp_business_flow`.`id`, `webapp_business_flow`.`name`, `webapp_business_flow`.`date` FROM `webapp_business_flow` WHERE `webapp_business_flow`.`id` = 31 LIMIT 21; args=(31,)
当前的用例ID是31，取值成功
取当前页面的用例名称，修改数据中的值。值为：gfgfgfgfgf
2015-02-09 19:30:02,148 [Thread-241:1540] [django.db.backends:91] [DEBUG]- (0.000) UPDATE `webapp_business_flow` SET `name` = 'gfgfgfgfgf', `date` = '2015-02-09 11:30:02' WHERE `webapp_business_flow`.`id` = 31; args=(u'gfgfgfgfgf', u'2015-02-09 11:30:02', 31)
2015-02-09 19:30:02,198 [Thread-241:1540] [django.db.backends:91] [DEBUG]- (0.000) DELETE FROM `webapp_business_flow_stp` WHERE `webapp_business_flow_stp`.`case_name_id` = 31; args=(31,)
2015-02-09 19:30:02,221 [Thread-241:1540] [django.db.backends:91] [DEBUG]- (0.000) INSERT INTO `webapp_business_flow_stp` (`desc`, `method`, `element`, `action`, `value`, `case_name_id`) VALUES ('111打开易联后台', '', '', '启动浏览器', 'http://172.16.200.62:8080/neptune/login', 31); args=[u'111\u6253\u5f00\u6613\u8054\u540e\u53f0', u'', u'', u'\u542f\u52a8\u6d4f\u89c8\u5668', u'http://172.16.200.62:8080/neptune/login', 31]
2015-02-09 19:30:02,256 [Thread-241:1540] [django.db.backends:91] [DEBUG]- (0.000) INSERT INTO `webapp_business_flow_stp` (`desc`, `method`, `element`, `action`, `value`, `case_name_id`) VALUES ('111输入用户名', 'id', 'name', '输入', 'admin', 31); args=[u'111\u8f93\u5165\u7528\u6237\u540d', u'id', u'name', u'\u8f93\u5165', u'admin', 31]
2015-02-09 19:30:02,279 [Thread-241:1540] [django.db.backends:91] [DEBUG]- (0.000) INSERT INTO `webapp_business_flow_stp` (`desc`, `method`, `element`, `action`, `value`, `case_name_id`) VALUES ('111输入登陆密码', 'id', 'password', '输入', '123456', 31); args=[u'111\u8f93\u5165\u767b\u9646\u5bc6\u7801', u'id', u'password', u'\u8f93\u5165', u'123456', 31]
2015-02-09 19:30:02,302 [Thread-241:1540] [django.db.backends:91] [DEBUG]- (0.000) INSERT INTO `webapp_business_flow_stp` (`desc`, `method`, `element`, `action`, `value`, `case_name_id`) VALUES ('111点击登陆', 'id', 'submit', '单击', '', 31); args=[u'111\u70b9\u51fb\u767b\u9646', u'id', u'submit', u'\u5355\u51fb', u'', 31]
2015-02-09 19:30:02,319 [Thread-241:1540] [django.db.backends:91] [DEBUG]- (0.000) INSERT INTO `webapp_business_flow_stp` (`desc`, `method`, `element`, `action`, `value`, `case_name_id`) VALUES ('111断言登陆是否成功', 'css selector', '#btn_bar', '标准断言', 'admin,您好!退出', 31); args=[u'111\u65ad\u8a00\u767b\u9646\u662f\u5426\u6210\u529f', u'css selector', u'#btn_bar', u'\u6807\u51c6\u65ad\u8a00', u'admin,\u60a8\u597d!\u9000\u51fa', 31]
2015-02-09 19:30:02,357 [Thread-241:1540] [django.db.backends:91] [DEBUG]- (0.004) INSERT INTO `webapp_business_flow_stp` (`desc`, `method`, `element`, `action`, `value`, `case_name_id`) VALUES ('111asdas', 'id', '', '启动浏览器', 'http://www.baidu.com', 31); args=[u'111asdas', u'id', u'', u'\u542f\u52a8\u6d4f\u89c8\u5668', u'http://www.baidu.com', 31]
2015-02-09 19:30:02,377 [Thread-241:1540] [django.db.backends:91] [DEBUG]- (0.001) INSERT INTO `webapp_business_flow_stp` (`desc`, `method`, `element`, `action`, `value`, `case_name_id`) VALUES ('111sdfasd', 'id', 'kw', '输入', 'python', 31); args=[u'111sdfasd', u'id', u'kw', u'\u8f93\u5165', u'python', 31]
2015-02-09 19:30:02,430 [Thread-242:5300] [django.db.backends:91] [DEBUG]- (0.000) SET SQL_AUTO_IS_NULL = 0; args=None
2015-02-09 19:30:02,430 [Thread-242:5300] [django.db.backends:91] [DEBUG]- (0.000) SELECT `webapp_business_flow`.`id`, `webapp_business_flow`.`name`, `webapp_business_flow`.`date` FROM `webapp_business_flow`; args=()
2015-02-09 19:30:04,338 [Thread-243:3720] [django.db.backends:91] [DEBUG]- (0.000) SET SQL_AUTO_IS_NULL = 0; args=None
2015-02-09 19:30:04,338 [Thread-243:3720] [django.db.backends:91] [DEBUG]- (0.001) SELECT `webapp_business_flow`.`id`, `webapp_business_flow`.`name`, `webapp_business_flow`.`date` FROM `webapp_business_flow` WHERE `webapp_business_flow`.`id` = 31 LIMIT 21; args=(31,)
2015-02-09 19:30:04,346 [Thread-243:3720] [django.db.backends:91] [DEBUG]- (0.001) SELECT `webapp_business_flow_stp`.`id`, `webapp_business_flow_stp`.`desc`, `webapp_business_flow_stp`.`method`, `webapp_business_flow_stp`.`element`, `webapp_business_flow_stp`.`action`, `webapp_business_flow_stp`.`value`, `webapp_business_flow_stp`.`case_name_id` FROM `webapp_business_flow_stp` WHERE `webapp_business_flow_stp`.`case_name_id` = 31; args=(31,)
2015-02-09 19:30:04,354 [Thread-243:3720] [django.db.backends:91] [DEBUG]- (0.003) SELECT `webapp_test_case`.`id`, `webapp_test_case`.`name`, `webapp_test_case`.`desc`, `webapp_test_case`.`run_mode`, `webapp_test_case`.`note`, `webapp_test_case`.`data`, `webapp_test_case`.`case_nature`, `webapp_test_case`.`url`, `webapp_test_case`.`funtion_id_id` FROM `webapp_test_case`; args=()
2015-02-09 19:33:10,813 [Thread-244:5804] [django.db.backends:91] [DEBUG]- (0.000) SET SQL_AUTO_IS_NULL = 0; args=None
2015-02-09 19:33:10,815 [Thread-244:5804] [django.db.backends:91] [DEBUG]- (0.001) SELECT COUNT(*) FROM `webapp_test_case`; args=()
2015-02-09 19:33:10,816 [Thread-244:5804] [django.db.backends:91] [DEBUG]- (0.001) SELECT `webapp_test_case`.`id`, `webapp_test_case`.`name`, `webapp_test_case`.`desc`, `webapp_test_case`.`run_mode`, `webapp_test_case`.`note`, `webapp_test_case`.`data`, `webapp_test_case`.`case_nature`, `webapp_test_case`.`url`, `webapp_test_case`.`funtion_id_id` FROM `webapp_test_case` LIMIT 10; args=()
2015-02-09 19:33:10,921 [Thread-245:5276] [django.request:143] [WARNING]- Not Found: /favicon.ico
2015-02-09 19:33:10,940 [Thread-246:1044] [django.request:143] [WARNING]- Not Found: /favicon.ico
2015-02-09 19:33:13,842 [Thread-247:704] [django.db.backends:91] [DEBUG]- (0.001) SET SQL_AUTO_IS_NULL = 0; args=None
2015-02-09 19:33:13,842 [Thread-247:704] [django.db.backends:91] [DEBUG]- (0.001) SELECT `webapp_business_flow`.`id`, `webapp_business_flow`.`name`, `webapp_business_flow`.`date` FROM `webapp_business_flow`; args=()
2015-02-09 19:33:15,071 [Thread-248:5628] [django.db.backends:91] [DEBUG]- (0.000) SET SQL_AUTO_IS_NULL = 0; args=None
2015-02-09 19:33:15,072 [Thread-248:5628] [django.db.backends:91] [DEBUG]- (0.000) SELECT `webapp_business_flow`.`id`, `webapp_business_flow`.`name`, `webapp_business_flow`.`date` FROM `webapp_business_flow` WHERE `webapp_business_flow`.`id` = 31 LIMIT 21; args=(31,)
2015-02-09 19:33:15,079 [Thread-248:5628] [django.db.backends:91] [DEBUG]- (0.000) SELECT `webapp_business_flow_stp`.`id`, `webapp_business_flow_stp`.`desc`, `webapp_business_flow_stp`.`method`, `webapp_business_flow_stp`.`element`, `webapp_business_flow_stp`.`action`, `webapp_business_flow_stp`.`value`, `webapp_business_flow_stp`.`case_name_id` FROM `webapp_business_flow_stp` WHERE `webapp_business_flow_stp`.`case_name_id` = 31; args=(31,)
2015-02-09 19:33:15,086 [Thread-248:5628] [django.db.backends:91] [DEBUG]- (0.002) SELECT `webapp_test_case`.`id`, `webapp_test_case`.`name`, `webapp_test_case`.`desc`, `webapp_test_case`.`run_mode`, `webapp_test_case`.`note`, `webapp_test_case`.`data`, `webapp_test_case`.`case_nature`, `webapp_test_case`.`url`, `webapp_test_case`.`funtion_id_id` FROM `webapp_test_case`; args=()
2015-02-09 19:34:43,474 [Thread-249:4308] [django.db.backends:91] [DEBUG]- (0.000) SET SQL_AUTO_IS_NULL = 0; args=None
2015-02-09 19:34:43,476 [Thread-249:4308] [django.db.backends:91] [DEBUG]- (0.001) SELECT COUNT(*) FROM `webapp_test_case`; args=()
2015-02-09 19:34:43,477 [Thread-249:4308] [django.db.backends:91] [DEBUG]- (0.001) SELECT `webapp_test_case`.`id`, `webapp_test_case`.`name`, `webapp_test_case`.`desc`, `webapp_test_case`.`run_mode`, `webapp_test_case`.`note`, `webapp_test_case`.`data`, `webapp_test_case`.`case_nature`, `webapp_test_case`.`url`, `webapp_test_case`.`funtion_id_id` FROM `webapp_test_case` LIMIT 10; args=()
2015-02-09 19:40:33,424 [Thread-250:4268] [django.db.backends:91] [DEBUG]- (0.001) SET SQL_AUTO_IS_NULL = 0; args=None
2015-02-09 19:40:33,426 [Thread-250:4268] [django.db.backends:91] [DEBUG]- (0.001) SELECT `webapp_business_flow`.`id`, `webapp_business_flow`.`name`, `webapp_business_flow`.`date` FROM `webapp_business_flow`; args=()
连接的客户端ip是:172.16.60.219，当前用例ID是:30
2015-02-09 19:40:35,151 [Thread-251:4076] [django.db.backends:91] [DEBUG]- (0.000) SET SQL_AUTO_IS_NULL = 0; args=None
2015-02-09 19:40:35,151 [Thread-251:4076] [django.db.backends:91] [DEBUG]- (0.000) SELECT `webapp_business_flow`.`id`, `webapp_business_flow`.`name`, `webapp_business_flow`.`date` FROM `webapp_business_flow`; args=()
2015-02-09 19:40:37,894 [Thread-252:5300] [django.db.backends:91] [DEBUG]- (0.000) SET SQL_AUTO_IS_NULL = 0; args=None
2015-02-09 19:40:37,895 [Thread-252:5300] [django.db.backends:91] [DEBUG]- (0.000) SELECT `webapp_business_flow`.`id`, `webapp_business_flow`.`name`, `webapp_business_flow`.`date` FROM `webapp_business_flow` WHERE `webapp_business_flow`.`id` = 30 LIMIT 21; args=(30,)
2015-02-09 19:40:37,904 [Thread-252:5300] [django.db.backends:91] [DEBUG]- (0.001) SELECT `webapp_business_flow_stp`.`id`, `webapp_business_flow_stp`.`desc`, `webapp_business_flow_stp`.`method`, `webapp_business_flow_stp`.`element`, `webapp_business_flow_stp`.`action`, `webapp_business_flow_stp`.`value`, `webapp_business_flow_stp`.`case_name_id` FROM `webapp_business_flow_stp` WHERE `webapp_business_flow_stp`.`case_name_id` = 30; args=(30,)
2015-02-09 19:40:37,911 [Thread-252:5300] [django.db.backends:91] [DEBUG]- (0.002) SELECT `webapp_test_case`.`id`, `webapp_test_case`.`name`, `webapp_test_case`.`desc`, `webapp_test_case`.`run_mode`, `webapp_test_case`.`note`, `webapp_test_case`.`data`, `webapp_test_case`.`case_nature`, `webapp_test_case`.`url`, `webapp_test_case`.`funtion_id_id` FROM `webapp_test_case`; args=()
--进入首页
